<?xml version="1.0" encoding="UTF-8"?>
<coverage generated="1770482934438" clover="3.2.0">
  <project timestamp="1770482934438" name="All files">
    <metrics statements="58" coveredstatements="58" conditionals="78" coveredconditionals="75" methods="14" coveredmethods="14" elements="150" coveredelements="147" complexity="0" loc="58" ncloc="58" packages="1" files="1" classes="1"/>
    <file name="BehavioralTechnicalQuestions.tsx" path="C:\Users\derri\projects\resume-ai-app\mobile\src\components\BehavioralTechnicalQuestions.tsx">
      <metrics statements="58" coveredstatements="58" conditionals="78" coveredconditionals="75" methods="14" coveredmethods="14"/>
      <line num="60" count="97" type="stmt"/>
      <line num="61" count="97" type="stmt"/>
      <line num="62" count="97" type="stmt"/>
      <line num="63" count="97" type="stmt"/>
      <line num="64" count="97" type="stmt"/>
      <line num="65" count="97" type="stmt"/>
      <line num="66" count="97" type="stmt"/>
      <line num="68" count="97" type="stmt"/>
      <line num="69" count="38" type="cond" truecount="2" falsecount="0"/>
      <line num="71" count="37" type="stmt"/>
      <line num="72" count="37" type="stmt"/>
      <line num="74" count="37" type="stmt"/>
      <line num="75" count="37" type="stmt"/>
      <line num="76" count="35" type="cond" truecount="2" falsecount="0"/>
      <line num="77" count="33" type="stmt"/>
      <line num="80" count="33" type="cond" truecount="2" falsecount="0"/>
      <line num="81" count="33" type="cond" truecount="2" falsecount="0"/>
      <line num="82" count="32" type="stmt"/>
      <line num="86" count="2" type="cond" truecount="2" falsecount="0"/>
      <line num="88" count="37" type="stmt"/>
      <line num="92" count="97" type="stmt"/>
      <line num="93" count="3" type="stmt"/>
      <line num="94" count="3" type="cond" truecount="2" falsecount="0"/>
      <line num="95" count="1" type="stmt"/>
      <line num="97" count="2" type="stmt"/>
      <line num="99" count="3" type="stmt"/>
      <line num="102" count="97" type="stmt"/>
      <line num="103" count="225" type="cond" truecount="4" falsecount="0"/>
      <line num="105" count="76" type="stmt"/>
      <line num="107" count="69" type="stmt"/>
      <line num="109" count="78" type="stmt"/>
      <line num="111" count="2" type="stmt"/>
      <line num="115" count="97" type="stmt"/>
      <line num="116" count="50" type="cond" truecount="1" falsecount="1"/>
      <line num="118" count="50" type="stmt"/>
      <line num="120" count="50" type="cond" truecount="4" falsecount="0"/>
      <line num="121" count="47" type="stmt"/>
      <line num="123" count="50" type="cond" truecount="4" falsecount="0"/>
      <line num="124" count="46" type="stmt"/>
      <line num="127" count="50" type="cond" truecount="2" falsecount="0"/>
      <line num="128" count="16" type="stmt"/>
      <line num="131" count="50" type="stmt"/>
      <line num="134" count="97" type="cond" truecount="4" falsecount="0"/>
      <line num="135" count="46" type="stmt"/>
      <line num="170" count="51" type="cond" truecount="2" falsecount="0"/>
      <line num="171" count="1" type="stmt"/>
      <line num="181" count="50" type="stmt"/>
      <line num="183" count="50" type="stmt"/>
      <line num="191" count="150" type="stmt"/>
      <line num="193" count="6" type="stmt"/>
      <line num="225" count="200" type="stmt"/>
      <line num="227" count="8" type="stmt"/>
      <line num="263" count="109" type="stmt"/>
      <line num="265" count="109" type="stmt"/>
      <line num="269" count="3" type="stmt"/>
      <line num="382" count="67" type="stmt"/>
      <line num="399" count="67" type="stmt"/>
      <line num="425" count="1" type="stmt"/>
    </file>
  </project>
</coverage>
