<?xml version="1.0" encoding="UTF-8"?>
<coverage generated="1772224713949" clover="3.2.0">
  <project timestamp="1772224713949" name="All files">
    <metrics statements="9000" coveredstatements="5619" conditionals="9031" coveredconditionals="4730" methods="2444" coveredmethods="1370" elements="20475" coveredelements="11719" complexity="0" loc="9000" ncloc="9000" packages="21" files="137" classes="137"/>
    <package name="api">
      <metrics statements="1096" coveredstatements="747" conditionals="544" coveredconditionals="256" methods="200" coveredmethods="130"/>
      <file name="applicationApi.ts" path="C:\Users\derri\projects\resume-ai-app\mobile\src\api\applicationApi.ts">
        <metrics statements="6" coveredstatements="1" conditionals="0" coveredconditionals="0" methods="5" coveredmethods="0"/>
        <line num="6" count="1" type="stmt"/>
        <line num="7" count="0" type="stmt"/>
        <line num="8" count="0" type="stmt"/>
        <line num="9" count="0" type="stmt"/>
        <line num="10" count="0" type="stmt"/>
        <line num="11" count="0" type="stmt"/>
      </file>
      <file name="base.ts" path="C:\Users\derri\projects\resume-ai-app\mobile\src\api\base.ts">
        <metrics statements="101" coveredstatements="99" conditionals="85" coveredconditionals="74" methods="13" coveredmethods="13"/>
        <line num="34" count="41" type="cond" truecount="4" falsecount="0"/>
        <line num="35" count="2" type="stmt"/>
        <line num="38" count="39" type="cond" truecount="2" falsecount="0"/>
        <line num="39" count="3" type="stmt"/>
        <line num="42" count="37" type="cond" truecount="2" falsecount="0"/>
        <line num="43" count="18" type="stmt"/>
        <line num="44" count="18" type="stmt"/>
        <line num="45" count="19" type="cond" truecount="1" falsecount="1"/>
        <line num="46" count="19" type="stmt"/>
        <line num="47" count="18" type="stmt"/>
        <line num="49" count="19" type="stmt"/>
        <line num="52" count="18" type="stmt"/>
        <line num="55" count="19" type="stmt"/>
        <line num="62" count="39" type="cond" truecount="4" falsecount="0"/>
        <line num="63" count="2" type="stmt"/>
        <line num="66" count="37" type="cond" truecount="2" falsecount="0"/>
        <line num="67" count="2" type="stmt"/>
        <line num="70" count="36" type="cond" truecount="4" falsecount="0"/>
        <line num="71" count="16" type="stmt"/>
        <line num="72" count="16" type="stmt"/>
        <line num="73" count="17" type="cond" truecount="1" falsecount="1"/>
        <line num="74" count="17" type="stmt"/>
        <line num="75" count="17" type="stmt"/>
        <line num="78" count="16" type="stmt"/>
        <line num="81" count="20" type="stmt"/>
        <line num="87" count="2" type="stmt"/>
        <line num="92" count="2" type="stmt"/>
        <line num="97" count="2" type="stmt"/>
        <line num="116" count="372" type="stmt"/>
        <line num="128" count="34" type="stmt"/>
        <line num="131" count="34" type="cond" truecount="2" falsecount="0"/>
        <line num="132" count="1" type="stmt"/>
        <line num="136" count="33" type="cond" truecount="4" falsecount="0"/>
        <line num="137" count="1" type="stmt"/>
        <line num="141" count="32" type="stmt"/>
        <line num="142" count="32" type="stmt"/>
        <line num="143" count="32" type="stmt"/>
        <line num="144" count="32" type="cond" truecount="2" falsecount="0"/>
        <line num="146" count="0" type="stmt"/>
        <line num="149" count="32" type="stmt"/>
        <line num="154" count="32" type="cond" truecount="2" falsecount="0"/>
        <line num="155" count="31" type="stmt"/>
        <line num="159" count="32" type="stmt"/>
        <line num="160" count="32" type="stmt"/>
        <line num="161" count="31" type="cond" truecount="1" falsecount="1"/>
        <line num="162" count="31" type="stmt"/>
        <line num="170" count="32" type="cond" truecount="2" falsecount="0"/>
        <line num="171" count="1" type="stmt"/>
        <line num="173" count="31" type="cond" truecount="2" falsecount="0"/>
        <line num="174" count="10" type="stmt"/>
        <line num="175" count="10" type="stmt"/>
        <line num="180" count="32" type="cond" truecount="4" falsecount="0"/>
        <line num="181" count="32" type="stmt"/>
        <line num="182" count="32" type="stmt"/>
        <line num="184" count="32" type="cond" truecount="1" falsecount="1"/>
        <line num="185" count="32" type="cond" truecount="2" falsecount="0"/>
        <line num="191" count="32" type="cond" truecount="2" falsecount="0"/>
        <line num="192" count="1" type="stmt"/>
        <line num="196" count="32" type="stmt"/>
        <line num="198" count="32" type="stmt"/>
        <line num="206" count="32" type="stmt"/>
        <line num="207" count="21" type="stmt"/>
        <line num="208" count="21" type="stmt"/>
        <line num="210" count="9" type="stmt"/>
        <line num="211" count="9" type="cond" truecount="4" falsecount="0"/>
        <line num="212" count="1" type="stmt"/>
        <line num="214" count="8" type="stmt"/>
        <line num="222" count="6" type="stmt"/>
        <line num="223" count="6" type="stmt"/>
        <line num="224" count="4" type="stmt"/>
        <line num="226" count="4" type="cond" truecount="2" falsecount="0"/>
        <line num="227" count="3" type="stmt"/>
        <line num="233" count="1" type="stmt"/>
        <line num="235" count="2" type="stmt"/>
        <line num="236" count="2" type="stmt"/>
        <line num="250" count="5" type="stmt"/>
        <line num="251" count="5" type="stmt"/>
        <line num="255" count="3" type="stmt"/>
        <line num="257" count="3" type="cond" truecount="2" falsecount="0"/>
        <line num="258" count="1" type="stmt"/>
        <line num="264" count="2" type="stmt"/>
        <line num="266" count="2" type="stmt"/>
        <line num="267" count="2" type="stmt"/>
        <line num="281" count="4" type="stmt"/>
        <line num="282" count="4" type="stmt"/>
        <line num="286" count="3" type="stmt"/>
        <line num="288" count="3" type="cond" truecount="2" falsecount="0"/>
        <line num="289" count="1" type="stmt"/>
        <line num="295" count="2" type="stmt"/>
        <line num="297" count="1" type="stmt"/>
        <line num="298" count="1" type="stmt"/>
        <line num="309" count="5" type="stmt"/>
        <line num="310" count="5" type="stmt"/>
        <line num="315" count="3" type="cond" truecount="1" falsecount="1"/>
        <line num="316" count="0" type="stmt"/>
        <line num="319" count="3" type="stmt"/>
        <line num="321" count="3" type="cond" truecount="2" falsecount="0"/>
        <line num="322" count="1" type="stmt"/>
        <line num="328" count="2" type="stmt"/>
        <line num="330" count="2" type="stmt"/>
        <line num="331" count="2" type="stmt"/>
      </file>
      <file name="careerPathApi.ts" path="C:\Users\derri\projects\resume-ai-app\mobile\src\api\careerPathApi.ts">
        <metrics statements="10" coveredstatements="1" conditionals="0" coveredconditionals="0" methods="9" coveredmethods="0"/>
        <line num="6" count="1" type="stmt"/>
        <line num="7" count="0" type="stmt"/>
        <line num="8" count="0" type="stmt"/>
        <line num="9" count="0" type="stmt"/>
        <line num="10" count="0" type="stmt"/>
        <line num="11" count="0" type="stmt"/>
        <line num="12" count="0" type="stmt"/>
        <line num="13" count="0" type="stmt"/>
        <line num="14" count="0" type="stmt"/>
        <line num="15" count="0" type="stmt"/>
      </file>
      <file name="client.ts" path="C:\Users\derri\projects\resume-ai-app\mobile\src\api\client.ts">
        <metrics statements="852" coveredstatements="577" conditionals="374" coveredconditionals="149" methods="123" coveredmethods="86"/>
        <line num="11" count="4" type="cond" truecount="3" falsecount="1"/>
        <line num="12" count="0" type="stmt"/>
        <line num="15" count="4" type="cond" truecount="2" falsecount="0"/>
        <line num="16" count="2" type="stmt"/>
        <line num="19" count="2" type="cond" truecount="1" falsecount="1"/>
        <line num="20" count="2" type="stmt"/>
        <line num="21" count="2" type="stmt"/>
        <line num="22" count="2" type="cond" truecount="1" falsecount="1"/>
        <line num="24" count="2" type="stmt"/>
        <line num="25" count="2" type="stmt"/>
        <line num="28" count="2" type="stmt"/>
        <line num="31" count="0" type="stmt"/>
        <line num="344" count="2" type="stmt"/>
        <line num="350" count="335" type="cond" truecount="1" falsecount="1"/>
        <line num="351" count="0" type="stmt"/>
        <line num="352" count="335" type="cond" truecount="2" falsecount="0"/>
        <line num="353" count="189" type="stmt"/>
        <line num="354" count="189" type="stmt"/>
        <line num="357" count="0" type="stmt"/>
        <line num="361" count="335" type="stmt"/>
        <line num="362" count="335" type="stmt"/>
        <line num="370" count="2" type="stmt"/>
        <line num="373" count="4" type="stmt"/>
        <line num="374" count="4" type="stmt"/>
        <line num="375" count="3" type="cond" truecount="1" falsecount="1"/>
        <line num="376" count="0" type="stmt"/>
        <line num="377" count="0" type="cond" truecount="0" falsecount="3"/>
        <line num="379" count="3" type="stmt"/>
        <line num="381" count="3" type="cond" truecount="2" falsecount="0"/>
        <line num="382" count="3" type="stmt"/>
        <line num="384" count="1" type="stmt"/>
        <line num="385" count="1" type="stmt"/>
        <line num="390" count="6" type="stmt"/>
        <line num="391" count="6" type="stmt"/>
        <line num="392" count="5" type="stmt"/>
        <line num="393" count="5" type="stmt"/>
        <line num="395" count="1" type="stmt"/>
        <line num="396" count="1" type="stmt"/>
        <line num="401" count="2" type="stmt"/>
        <line num="402" count="2" type="cond" truecount="1" falsecount="1"/>
        <line num="405" count="2" type="stmt"/>
        <line num="406" count="2" type="stmt"/>
        <line num="407" count="2" type="stmt"/>
        <line num="408" count="2" type="cond" truecount="1" falsecount="1"/>
        <line num="410" count="0" type="stmt"/>
        <line num="414" count="2" type="stmt"/>
        <line num="415" count="2" type="stmt"/>
        <line num="416" count="2" type="stmt"/>
        <line num="418" count="0" type="stmt"/>
        <line num="421" count="2" type="cond" truecount="3" falsecount="1"/>
        <line num="422" count="0" type="stmt"/>
        <line num="423" count="0" type="stmt"/>
        <line num="429" count="2" type="cond" truecount="1" falsecount="1"/>
        <line num="430" count="2" type="stmt"/>
        <line num="438" count="2" type="stmt"/>
        <line num="439" count="2" type="stmt"/>
        <line num="441" count="2" type="cond" truecount="1" falsecount="1"/>
        <line num="445" count="2" type="stmt"/>
        <line num="446" count="2" type="stmt"/>
        <line num="448" count="2" type="stmt"/>
        <line num="449" count="1" type="cond" truecount="1" falsecount="1"/>
        <line num="451" count="1" type="stmt"/>
        <line num="452" count="1" type="stmt"/>
        <line num="454" count="1" type="cond" truecount="3" falsecount="1"/>
        <line num="455" count="1" type="cond" truecount="1" falsecount="1"/>
        <line num="456" count="1" type="stmt"/>
        <line num="458" count="0" type="cond" truecount="0" falsecount="4"/>
        <line num="459" count="0" type="stmt"/>
        <line num="460" count="0" type="stmt"/>
        <line num="463" count="0" type="stmt"/>
        <line num="464" count="0" type="stmt"/>
        <line num="471" count="2" type="stmt"/>
        <line num="472" count="1" type="stmt"/>
        <line num="473" count="1" type="stmt"/>
        <line num="479" count="2" type="stmt"/>
        <line num="480" count="0" type="stmt"/>
        <line num="481" count="0" type="stmt"/>
        <line num="488" count="2" type="stmt"/>
        <line num="491" count="2" type="stmt"/>
        <line num="492" count="2" type="stmt"/>
        <line num="494" count="2" type="cond" truecount="1" falsecount="1"/>
        <line num="497" count="2" type="stmt"/>
        <line num="500" count="2" type="stmt"/>
        <line num="504" count="0" type="stmt"/>
        <line num="505" count="0" type="stmt"/>
        <line num="513" count="4" type="stmt"/>
        <line num="514" count="4" type="stmt"/>
        <line num="517" count="3" type="stmt"/>
        <line num="518" count="3" type="stmt"/>
        <line num="520" count="1" type="stmt"/>
        <line num="521" count="1" type="stmt"/>
        <line num="527" count="6" type="stmt"/>
        <line num="528" count="6" type="stmt"/>
        <line num="532" count="4" type="stmt"/>
        <line num="534" count="4" type="stmt"/>
        <line num="545" count="2" type="stmt"/>
        <line num="546" count="2" type="stmt"/>
        <line num="557" count="5" type="stmt"/>
        <line num="558" count="5" type="cond" truecount="1" falsecount="1"/>
        <line num="559" count="5" type="stmt"/>
        <line num="569" count="4" type="cond" truecount="1" falsecount="1"/>
        <line num="570" count="4" type="stmt"/>
        <line num="571" count="4" type="cond" truecount="1" falsecount="1"/>
        <line num="573" count="4" type="cond" truecount="2" falsecount="0"/>
        <line num="574" count="2" type="stmt"/>
        <line num="580" count="2" type="stmt"/>
        <line num="582" count="1" type="stmt"/>
        <line num="583" count="1" type="stmt"/>
        <line num="588" count="4" type="stmt"/>
        <line num="589" count="4" type="stmt"/>
        <line num="590" count="3" type="stmt"/>
        <line num="591" count="3" type="stmt"/>
        <line num="593" count="1" type="stmt"/>
        <line num="594" count="1" type="stmt"/>
        <line num="603" count="3" type="stmt"/>
        <line num="605" count="3" type="cond" truecount="2" falsecount="0"/>
        <line num="606" count="2" type="stmt"/>
        <line num="612" count="1" type="stmt"/>
        <line num="620" count="1" type="stmt"/>
        <line num="622" count="1" type="cond" truecount="1" falsecount="1"/>
        <line num="623" count="0" type="stmt"/>
        <line num="629" count="1" type="stmt"/>
        <line num="631" count="0" type="stmt"/>
        <line num="632" count="0" type="stmt"/>
        <line num="637" count="0" type="stmt"/>
        <line num="638" count="0" type="stmt"/>
        <line num="639" count="0" type="stmt"/>
        <line num="640" count="0" type="stmt"/>
        <line num="642" count="0" type="stmt"/>
        <line num="643" count="0" type="stmt"/>
        <line num="648" count="0" type="stmt"/>
        <line num="649" count="0" type="stmt"/>
        <line num="653" count="0" type="stmt"/>
        <line num="654" count="0" type="stmt"/>
        <line num="656" count="0" type="stmt"/>
        <line num="657" count="0" type="stmt"/>
        <line num="662" count="0" type="stmt"/>
        <line num="663" count="0" type="stmt"/>
        <line num="666" count="0" type="stmt"/>
        <line num="667" count="0" type="stmt"/>
        <line num="669" count="0" type="stmt"/>
        <line num="670" count="0" type="stmt"/>
        <line num="683" count="4" type="stmt"/>
        <line num="684" count="4" type="stmt"/>
        <line num="688" count="3" type="stmt"/>
        <line num="689" count="3" type="stmt"/>
        <line num="691" count="1" type="stmt"/>
        <line num="692" count="1" type="stmt"/>
        <line num="697" count="5" type="stmt"/>
        <line num="698" count="5" type="stmt"/>
        <line num="699" count="4" type="stmt"/>
        <line num="701" count="4" type="cond" truecount="2" falsecount="0"/>
        <line num="702" count="4" type="stmt"/>
        <line num="704" count="1" type="stmt"/>
        <line num="705" count="1" type="stmt"/>
        <line num="710" count="0" type="stmt"/>
        <line num="711" count="0" type="stmt"/>
        <line num="714" count="0" type="stmt"/>
        <line num="715" count="0" type="stmt"/>
        <line num="717" count="0" type="stmt"/>
        <line num="718" count="0" type="stmt"/>
        <line num="723" count="2" type="stmt"/>
        <line num="724" count="2" type="cond" truecount="2" falsecount="0"/>
        <line num="725" count="1" type="stmt"/>
        <line num="727" count="1" type="stmt"/>
        <line num="732" count="5" type="stmt"/>
        <line num="733" count="5" type="stmt"/>
        <line num="737" count="4" type="stmt"/>
        <line num="738" count="4" type="stmt"/>
        <line num="740" count="1" type="stmt"/>
        <line num="741" count="1" type="stmt"/>
        <line num="746" count="4" type="stmt"/>
        <line num="747" count="4" type="stmt"/>
        <line num="748" count="3" type="stmt"/>
        <line num="749" count="3" type="stmt"/>
        <line num="751" count="1" type="stmt"/>
        <line num="752" count="1" type="stmt"/>
        <line num="757" count="7" type="stmt"/>
        <line num="758" count="7" type="stmt"/>
        <line num="761" count="6" type="stmt"/>
        <line num="762" count="6" type="cond" truecount="3" falsecount="1"/>
        <line num="763" count="0" type="stmt"/>
        <line num="764" count="0" type="stmt"/>
        <line num="771" count="0" type="cond" truecount="0" falsecount="3"/>
        <line num="774" count="0" type="cond" truecount="0" falsecount="4"/>
        <line num="776" count="0" type="stmt"/>
        <line num="783" count="6" type="stmt"/>
        <line num="785" count="6" type="cond" truecount="2" falsecount="0"/>
        <line num="786" count="1" type="stmt"/>
        <line num="794" count="5" type="cond" truecount="2" falsecount="0"/>
        <line num="795" count="5" type="stmt"/>
        <line num="797" count="1" type="stmt"/>
        <line num="798" count="1" type="stmt"/>
        <line num="803" count="4" type="stmt"/>
        <line num="804" count="4" type="stmt"/>
        <line num="807" count="3" type="cond" truecount="1" falsecount="1"/>
        <line num="808" count="3" type="stmt"/>
        <line num="809" count="3" type="stmt"/>
        <line num="811" count="1" type="stmt"/>
        <line num="812" count="1" type="stmt"/>
        <line num="818" count="4" type="stmt"/>
        <line num="819" count="4" type="stmt"/>
        <line num="823" count="3" type="stmt"/>
        <line num="824" count="3" type="stmt"/>
        <line num="826" count="1" type="stmt"/>
        <line num="827" count="1" type="stmt"/>
        <line num="836" count="4" type="stmt"/>
        <line num="837" count="4" type="stmt"/>
        <line num="841" count="3" type="stmt"/>
        <line num="842" count="3" type="stmt"/>
        <line num="844" count="1" type="stmt"/>
        <line num="845" count="1" type="stmt"/>
        <line num="851" count="4" type="stmt"/>
        <line num="852" count="4" type="stmt"/>
        <line num="856" count="3" type="stmt"/>
        <line num="857" count="3" type="stmt"/>
        <line num="859" count="1" type="stmt"/>
        <line num="860" count="1" type="stmt"/>
        <line num="872" count="5" type="stmt"/>
        <line num="873" count="5" type="stmt"/>
        <line num="883" count="4" type="stmt"/>
        <line num="884" count="4" type="stmt"/>
        <line num="886" count="1" type="stmt"/>
        <line num="887" count="1" type="stmt"/>
        <line num="897" count="4" type="stmt"/>
        <line num="898" count="4" type="stmt"/>
        <line num="906" count="3" type="stmt"/>
        <line num="907" count="3" type="stmt"/>
        <line num="909" count="1" type="stmt"/>
        <line num="910" count="1" type="stmt"/>
        <line num="921" count="5" type="stmt"/>
        <line num="922" count="5" type="stmt"/>
        <line num="931" count="4" type="stmt"/>
        <line num="932" count="4" type="stmt"/>
        <line num="934" count="1" type="stmt"/>
        <line num="935" count="1" type="stmt"/>
        <line num="941" count="5" type="stmt"/>
        <line num="942" count="5" type="stmt"/>
        <line num="949" count="4" type="stmt"/>
        <line num="950" count="4" type="stmt"/>
        <line num="952" count="1" type="stmt"/>
        <line num="953" count="1" type="stmt"/>
        <line num="959" count="4" type="stmt"/>
        <line num="960" count="4" type="stmt"/>
        <line num="967" count="3" type="stmt"/>
        <line num="968" count="3" type="stmt"/>
        <line num="970" count="1" type="stmt"/>
        <line num="971" count="1" type="stmt"/>
        <line num="977" count="5" type="stmt"/>
        <line num="978" count="5" type="stmt"/>
        <line num="989" count="4" type="stmt"/>
        <line num="990" count="4" type="stmt"/>
        <line num="992" count="1" type="stmt"/>
        <line num="993" count="1" type="stmt"/>
        <line num="999" count="4" type="stmt"/>
        <line num="1000" count="4" type="stmt"/>
        <line num="1001" count="3" type="stmt"/>
        <line num="1002" count="3" type="stmt"/>
        <line num="1004" count="1" type="stmt"/>
        <line num="1005" count="1" type="stmt"/>
        <line num="1011" count="4" type="stmt"/>
        <line num="1012" count="4" type="stmt"/>
        <line num="1013" count="3" type="stmt"/>
        <line num="1014" count="3" type="stmt"/>
        <line num="1016" count="1" type="stmt"/>
        <line num="1017" count="1" type="stmt"/>
        <line num="1023" count="2" type="stmt"/>
        <line num="1024" count="2" type="stmt"/>
        <line num="1025" count="2" type="stmt"/>
        <line num="1027" count="2" type="cond" truecount="2" falsecount="0"/>
        <line num="1028" count="2" type="stmt"/>
        <line num="1030" count="0" type="stmt"/>
        <line num="1031" count="0" type="stmt"/>
        <line num="1036" count="4" type="stmt"/>
        <line num="1037" count="4" type="stmt"/>
        <line num="1038" count="3" type="stmt"/>
        <line num="1039" count="3" type="stmt"/>
        <line num="1041" count="1" type="stmt"/>
        <line num="1042" count="1" type="stmt"/>
        <line num="1051" count="4" type="stmt"/>
        <line num="1052" count="4" type="stmt"/>
        <line num="1060" count="3" type="stmt"/>
        <line num="1061" count="3" type="stmt"/>
        <line num="1063" count="1" type="stmt"/>
        <line num="1064" count="1" type="stmt"/>
        <line num="1077" count="4" type="stmt"/>
        <line num="1078" count="4" type="stmt"/>
        <line num="1082" count="3" type="stmt"/>
        <line num="1083" count="3" type="stmt"/>
        <line num="1085" count="1" type="stmt"/>
        <line num="1086" count="1" type="stmt"/>
        <line num="1091" count="4" type="stmt"/>
        <line num="1092" count="4" type="stmt"/>
        <line num="1095" count="3" type="cond" truecount="1" falsecount="1"/>
        <line num="1096" count="3" type="stmt"/>
        <line num="1097" count="3" type="stmt"/>
        <line num="1099" count="1" type="stmt"/>
        <line num="1100" count="1" type="stmt"/>
        <line num="1106" count="4" type="stmt"/>
        <line num="1107" count="4" type="stmt"/>
        <line num="1111" count="3" type="stmt"/>
        <line num="1112" count="3" type="stmt"/>
        <line num="1114" count="1" type="stmt"/>
        <line num="1115" count="1" type="stmt"/>
        <line num="1121" count="5" type="stmt"/>
        <line num="1122" count="5" type="stmt"/>
        <line num="1129" count="4" type="stmt"/>
        <line num="1130" count="4" type="stmt"/>
        <line num="1132" count="1" type="stmt"/>
        <line num="1133" count="1" type="stmt"/>
        <line num="1141" count="4" type="stmt"/>
        <line num="1142" count="4" type="stmt"/>
        <line num="1149" count="3" type="stmt"/>
        <line num="1150" count="3" type="stmt"/>
        <line num="1152" count="1" type="stmt"/>
        <line num="1153" count="1" type="stmt"/>
        <line num="1158" count="4" type="stmt"/>
        <line num="1159" count="4" type="stmt"/>
        <line num="1166" count="3" type="stmt"/>
        <line num="1167" count="3" type="stmt"/>
        <line num="1169" count="1" type="stmt"/>
        <line num="1170" count="1" type="stmt"/>
        <line num="1178" count="4" type="stmt"/>
        <line num="1179" count="4" type="stmt"/>
        <line num="1186" count="3" type="stmt"/>
        <line num="1187" count="3" type="stmt"/>
        <line num="1189" count="1" type="stmt"/>
        <line num="1190" count="1" type="stmt"/>
        <line num="1217" count="4" type="stmt"/>
        <line num="1218" count="4" type="stmt"/>
        <line num="1222" count="3" type="stmt"/>
        <line num="1223" count="3" type="stmt"/>
        <line num="1225" count="1" type="stmt"/>
        <line num="1226" count="1" type="stmt"/>
        <line num="1231" count="7" type="stmt"/>
        <line num="1232" count="7" type="cond" truecount="2" falsecount="0"/>
        <line num="1235" count="7" type="stmt"/>
        <line num="1236" count="6" type="stmt"/>
        <line num="1237" count="6" type="cond" truecount="2" falsecount="0"/>
        <line num="1238" count="6" type="stmt"/>
        <line num="1240" count="1" type="stmt"/>
        <line num="1241" count="1" type="stmt"/>
        <line num="1246" count="4" type="stmt"/>
        <line num="1247" count="4" type="stmt"/>
        <line num="1248" count="3" type="stmt"/>
        <line num="1249" count="3" type="stmt"/>
        <line num="1251" count="1" type="stmt"/>
        <line num="1252" count="1" type="stmt"/>
        <line num="1269" count="4" type="stmt"/>
        <line num="1270" count="4" type="stmt"/>
        <line num="1274" count="3" type="stmt"/>
        <line num="1275" count="3" type="stmt"/>
        <line num="1277" count="1" type="stmt"/>
        <line num="1278" count="1" type="stmt"/>
        <line num="1283" count="4" type="stmt"/>
        <line num="1284" count="4" type="stmt"/>
        <line num="1287" count="3" type="cond" truecount="1" falsecount="1"/>
        <line num="1288" count="3" type="stmt"/>
        <line num="1289" count="3" type="stmt"/>
        <line num="1291" count="1" type="stmt"/>
        <line num="1292" count="1" type="stmt"/>
        <line num="1302" count="0" type="stmt"/>
        <line num="1303" count="0" type="stmt"/>
        <line num="1311" count="0" type="stmt"/>
        <line num="1312" count="0" type="stmt"/>
        <line num="1314" count="0" type="stmt"/>
        <line num="1315" count="0" type="stmt"/>
        <line num="1323" count="0" type="stmt"/>
        <line num="1324" count="0" type="stmt"/>
        <line num="1328" count="0" type="stmt"/>
        <line num="1329" count="0" type="stmt"/>
        <line num="1331" count="0" type="stmt"/>
        <line num="1332" count="0" type="stmt"/>
        <line num="1342" count="4" type="stmt"/>
        <line num="1343" count="4" type="stmt"/>
        <line num="1351" count="3" type="stmt"/>
        <line num="1352" count="3" type="stmt"/>
        <line num="1354" count="1" type="stmt"/>
        <line num="1355" count="1" type="stmt"/>
        <line num="1364" count="4" type="stmt"/>
        <line num="1365" count="4" type="stmt"/>
        <line num="1373" count="3" type="stmt"/>
        <line num="1376" count="3" type="stmt"/>
        <line num="1382" count="3" type="stmt"/>
        <line num="1384" count="1" type="stmt"/>
        <line num="1385" count="1" type="stmt"/>
        <line num="1394" count="6" type="stmt"/>
        <line num="1395" count="6" type="stmt"/>
        <line num="1400" count="5" type="stmt"/>
        <line num="1402" count="5" type="cond" truecount="2" falsecount="0"/>
        <line num="1404" count="3" type="cond" truecount="1" falsecount="2"/>
        <line num="1407" count="3" type="cond" truecount="2" falsecount="0"/>
        <line num="1408" count="1" type="stmt"/>
        <line num="1409" count="1" type="cond" truecount="1" falsecount="1"/>
        <line num="1411" count="1" type="stmt"/>
        <line num="1414" count="3" type="stmt"/>
        <line num="1421" count="2" type="stmt"/>
        <line num="1426" count="1" type="stmt"/>
        <line num="1427" count="1" type="stmt"/>
        <line num="1436" count="5" type="stmt"/>
        <line num="1437" count="5" type="stmt"/>
        <line num="1438" count="4" type="stmt"/>
        <line num="1440" count="4" type="cond" truecount="2" falsecount="0"/>
        <line num="1441" count="2" type="stmt"/>
        <line num="1448" count="2" type="stmt"/>
        <line num="1454" count="2" type="stmt"/>
        <line num="1459" count="1" type="stmt"/>
        <line num="1460" count="1" type="stmt"/>
        <line num="1465" count="4" type="stmt"/>
        <line num="1466" count="4" type="stmt"/>
        <line num="1467" count="3" type="stmt"/>
        <line num="1468" count="3" type="stmt"/>
        <line num="1470" count="1" type="stmt"/>
        <line num="1471" count="1" type="stmt"/>
        <line num="1476" count="5" type="stmt"/>
        <line num="1477" count="5" type="stmt"/>
        <line num="1478" count="4" type="stmt"/>
        <line num="1479" count="4" type="cond" truecount="2" falsecount="0"/>
        <line num="1480" count="4" type="stmt"/>
        <line num="1482" count="1" type="stmt"/>
        <line num="1483" count="1" type="stmt"/>
        <line num="1488" count="4" type="stmt"/>
        <line num="1489" count="4" type="stmt"/>
        <line num="1493" count="3" type="cond" truecount="1" falsecount="1"/>
        <line num="1494" count="0" type="stmt"/>
        <line num="1496" count="3" type="stmt"/>
        <line num="1497" count="3" type="stmt"/>
        <line num="1499" count="1" type="stmt"/>
        <line num="1500" count="1" type="stmt"/>
        <line num="1505" count="0" type="stmt"/>
        <line num="1506" count="0" type="stmt"/>
        <line num="1510" count="0" type="cond" truecount="0" falsecount="2"/>
        <line num="1511" count="0" type="stmt"/>
        <line num="1513" count="0" type="stmt"/>
        <line num="1514" count="0" type="stmt"/>
        <line num="1516" count="0" type="stmt"/>
        <line num="1517" count="0" type="stmt"/>
        <line num="1523" count="5" type="stmt"/>
        <line num="1524" count="5" type="stmt"/>
        <line num="1528" count="4" type="stmt"/>
        <line num="1530" count="4" type="cond" truecount="2" falsecount="0"/>
        <line num="1531" count="1" type="stmt"/>
        <line num="1538" count="3" type="cond" truecount="3" falsecount="0"/>
        <line num="1540" count="3" type="stmt"/>
        <line num="1545" count="1" type="stmt"/>
        <line num="1546" count="1" type="stmt"/>
        <line num="1552" count="5" type="stmt"/>
        <line num="1553" count="5" type="stmt"/>
        <line num="1561" count="4" type="cond" truecount="2" falsecount="0"/>
        <line num="1562" count="2" type="stmt"/>
        <line num="1563" count="2" type="cond" truecount="1" falsecount="1"/>
        <line num="1567" count="2" type="stmt"/>
        <line num="1568" count="2" type="stmt"/>
        <line num="1569" count="2" type="stmt"/>
        <line num="1571" count="1" type="stmt"/>
        <line num="1572" count="1" type="stmt"/>
        <line num="1578" count="4" type="stmt"/>
        <line num="1579" count="4" type="stmt"/>
        <line num="1583" count="3" type="stmt"/>
        <line num="1584" count="3" type="stmt"/>
        <line num="1586" count="1" type="stmt"/>
        <line num="1587" count="1" type="stmt"/>
        <line num="1593" count="4" type="stmt"/>
        <line num="1594" count="4" type="stmt"/>
        <line num="1595" count="3" type="stmt"/>
        <line num="1596" count="3" type="stmt"/>
        <line num="1598" count="1" type="stmt"/>
        <line num="1599" count="1" type="stmt"/>
        <line num="1612" count="4" type="stmt"/>
        <line num="1613" count="4" type="stmt"/>
        <line num="1624" count="3" type="stmt"/>
        <line num="1625" count="3" type="stmt"/>
        <line num="1627" count="1" type="stmt"/>
        <line num="1628" count="1" type="stmt"/>
        <line num="1633" count="0" type="stmt"/>
        <line num="1634" count="0" type="stmt"/>
        <line num="1638" count="0" type="stmt"/>
        <line num="1639" count="0" type="stmt"/>
        <line num="1641" count="0" type="stmt"/>
        <line num="1642" count="0" type="stmt"/>
        <line num="1648" count="4" type="stmt"/>
        <line num="1649" count="4" type="stmt"/>
        <line num="1650" count="3" type="stmt"/>
        <line num="1651" count="3" type="stmt"/>
        <line num="1653" count="1" type="stmt"/>
        <line num="1654" count="1" type="stmt"/>
        <line num="1660" count="4" type="stmt"/>
        <line num="1661" count="4" type="stmt"/>
        <line num="1662" count="3" type="stmt"/>
        <line num="1663" count="3" type="stmt"/>
        <line num="1665" count="1" type="stmt"/>
        <line num="1666" count="1" type="stmt"/>
        <line num="1672" count="4" type="stmt"/>
        <line num="1673" count="4" type="stmt"/>
        <line num="1674" count="3" type="stmt"/>
        <line num="1675" count="3" type="stmt"/>
        <line num="1677" count="1" type="stmt"/>
        <line num="1678" count="1" type="stmt"/>
        <line num="1684" count="4" type="stmt"/>
        <line num="1685" count="4" type="stmt"/>
        <line num="1686" count="3" type="stmt"/>
        <line num="1687" count="3" type="stmt"/>
        <line num="1689" count="1" type="stmt"/>
        <line num="1690" count="1" type="stmt"/>
        <line num="1696" count="4" type="stmt"/>
        <line num="1697" count="4" type="stmt"/>
        <line num="1698" count="3" type="stmt"/>
        <line num="1699" count="3" type="stmt"/>
        <line num="1701" count="1" type="stmt"/>
        <line num="1702" count="1" type="stmt"/>
        <line num="1708" count="4" type="stmt"/>
        <line num="1709" count="4" type="stmt"/>
        <line num="1710" count="3" type="stmt"/>
        <line num="1711" count="3" type="stmt"/>
        <line num="1713" count="1" type="stmt"/>
        <line num="1714" count="1" type="stmt"/>
        <line num="1724" count="4" type="stmt"/>
        <line num="1725" count="4" type="stmt"/>
        <line num="1733" count="3" type="stmt"/>
        <line num="1734" count="3" type="stmt"/>
        <line num="1736" count="1" type="stmt"/>
        <line num="1737" count="1" type="stmt"/>
        <line num="1746" count="4" type="stmt"/>
        <line num="1747" count="4" type="stmt"/>
        <line num="1754" count="3" type="stmt"/>
        <line num="1755" count="3" type="stmt"/>
        <line num="1757" count="1" type="stmt"/>
        <line num="1758" count="1" type="stmt"/>
        <line num="1769" count="4" type="stmt"/>
        <line num="1770" count="4" type="stmt"/>
        <line num="1779" count="3" type="stmt"/>
        <line num="1780" count="3" type="stmt"/>
        <line num="1782" count="1" type="stmt"/>
        <line num="1783" count="1" type="stmt"/>
        <line num="1789" count="5" type="stmt"/>
        <line num="1790" count="5" type="stmt"/>
        <line num="1792" count="4" type="cond" truecount="2" falsecount="0"/>
        <line num="1793" count="2" type="stmt"/>
        <line num="1794" count="2" type="cond" truecount="1" falsecount="1"/>
        <line num="1797" count="2" type="stmt"/>
        <line num="1798" count="2" type="stmt"/>
        <line num="1800" count="1" type="stmt"/>
        <line num="1801" count="1" type="stmt"/>
        <line num="1807" count="4" type="stmt"/>
        <line num="1808" count="4" type="stmt"/>
        <line num="1812" count="3" type="stmt"/>
        <line num="1813" count="3" type="stmt"/>
        <line num="1815" count="1" type="stmt"/>
        <line num="1816" count="1" type="stmt"/>
        <line num="1822" count="4" type="stmt"/>
        <line num="1823" count="4" type="stmt"/>
        <line num="1826" count="3" type="stmt"/>
        <line num="1827" count="3" type="stmt"/>
        <line num="1829" count="1" type="stmt"/>
        <line num="1830" count="1" type="stmt"/>
        <line num="1836" count="4" type="stmt"/>
        <line num="1837" count="4" type="stmt"/>
        <line num="1840" count="3" type="stmt"/>
        <line num="1841" count="3" type="stmt"/>
        <line num="1843" count="1" type="stmt"/>
        <line num="1844" count="1" type="stmt"/>
        <line num="1854" count="4" type="stmt"/>
        <line num="1855" count="4" type="stmt"/>
        <line num="1862" count="3" type="stmt"/>
        <line num="1863" count="3" type="stmt"/>
        <line num="1865" count="1" type="stmt"/>
        <line num="1866" count="1" type="stmt"/>
        <line num="1883" count="5" type="stmt"/>
        <line num="1884" count="5" type="stmt"/>
        <line num="1888" count="4" type="stmt"/>
        <line num="1890" count="4" type="cond" truecount="2" falsecount="0"/>
        <line num="1891" count="2" type="stmt"/>
        <line num="1897" count="2" type="stmt"/>
        <line num="1899" count="1" type="stmt"/>
        <line num="1900" count="1" type="stmt"/>
        <line num="1913" count="4" type="stmt"/>
        <line num="1914" count="4" type="stmt"/>
        <line num="1918" count="3" type="stmt"/>
        <line num="1920" count="3" type="cond" truecount="2" falsecount="0"/>
        <line num="1921" count="1" type="stmt"/>
        <line num="1927" count="2" type="stmt"/>
        <line num="1929" count="1" type="stmt"/>
        <line num="1930" count="1" type="stmt"/>
        <line num="1943" count="4" type="stmt"/>
        <line num="1944" count="4" type="stmt"/>
        <line num="1948" count="3" type="stmt"/>
        <line num="1950" count="3" type="cond" truecount="2" falsecount="0"/>
        <line num="1951" count="1" type="stmt"/>
        <line num="1957" count="2" type="stmt"/>
        <line num="1959" count="1" type="stmt"/>
        <line num="1960" count="1" type="stmt"/>
        <line num="1971" count="4" type="stmt"/>
        <line num="1972" count="4" type="stmt"/>
        <line num="1976" count="3" type="stmt"/>
        <line num="1978" count="3" type="cond" truecount="2" falsecount="0"/>
        <line num="1979" count="1" type="stmt"/>
        <line num="1985" count="2" type="stmt"/>
        <line num="1987" count="1" type="stmt"/>
        <line num="1988" count="1" type="stmt"/>
        <line num="2001" count="4" type="stmt"/>
        <line num="2002" count="4" type="stmt"/>
        <line num="2006" count="3" type="stmt"/>
        <line num="2008" count="3" type="cond" truecount="2" falsecount="0"/>
        <line num="2009" count="1" type="stmt"/>
        <line num="2015" count="2" type="stmt"/>
        <line num="2017" count="1" type="stmt"/>
        <line num="2018" count="1" type="stmt"/>
        <line num="2030" count="5" type="stmt"/>
        <line num="2031" count="5" type="stmt"/>
        <line num="2035" count="4" type="stmt"/>
        <line num="2037" count="4" type="cond" truecount="2" falsecount="0"/>
        <line num="2038" count="2" type="stmt"/>
        <line num="2044" count="2" type="stmt"/>
        <line num="2046" count="1" type="stmt"/>
        <line num="2047" count="1" type="stmt"/>
        <line num="2055" count="5" type="stmt"/>
        <line num="2056" count="5" type="stmt"/>
        <line num="2064" count="4" type="stmt"/>
        <line num="2066" count="4" type="cond" truecount="2" falsecount="0"/>
        <line num="2067" count="1" type="stmt"/>
        <line num="2073" count="3" type="stmt"/>
        <line num="2075" count="1" type="stmt"/>
        <line num="2076" count="1" type="stmt"/>
        <line num="2088" count="5" type="stmt"/>
        <line num="2089" count="5" type="stmt"/>
        <line num="2092" count="4" type="cond" truecount="1" falsecount="1"/>
        <line num="2093" count="4" type="stmt"/>
        <line num="2095" count="4" type="cond" truecount="2" falsecount="0"/>
        <line num="2096" count="2" type="stmt"/>
        <line num="2102" count="2" type="stmt"/>
        <line num="2104" count="1" type="stmt"/>
        <line num="2105" count="1" type="stmt"/>
        <line num="2113" count="6" type="stmt"/>
        <line num="2114" count="6" type="stmt"/>
        <line num="2122" count="5" type="cond" truecount="2" falsecount="0"/>
        <line num="2123" count="3" type="stmt"/>
        <line num="2124" count="3" type="stmt"/>
        <line num="2130" count="2" type="stmt"/>
        <line num="2131" count="2" type="stmt"/>
        <line num="2133" count="1" type="stmt"/>
        <line num="2134" count="1" type="stmt"/>
        <line num="2146" count="6" type="stmt"/>
        <line num="2147" count="6" type="stmt"/>
        <line num="2151" count="5" type="stmt"/>
        <line num="2153" count="5" type="cond" truecount="2" falsecount="0"/>
        <line num="2154" count="2" type="stmt"/>
        <line num="2160" count="3" type="cond" truecount="2" falsecount="0"/>
        <line num="2162" count="1" type="stmt"/>
        <line num="2163" count="1" type="stmt"/>
        <line num="2171" count="5" type="stmt"/>
        <line num="2172" count="5" type="stmt"/>
        <line num="2181" count="4" type="stmt"/>
        <line num="2183" count="4" type="cond" truecount="2" falsecount="0"/>
        <line num="2184" count="1" type="stmt"/>
        <line num="2190" count="3" type="cond" truecount="1" falsecount="1"/>
        <line num="2192" count="1" type="stmt"/>
        <line num="2193" count="1" type="stmt"/>
        <line num="2205" count="0" type="stmt"/>
        <line num="2206" count="0" type="cond" truecount="0" falsecount="2"/>
        <line num="2207" count="0" type="stmt"/>
        <line num="2208" count="0" type="stmt"/>
        <line num="2210" count="0" type="cond" truecount="0" falsecount="2"/>
        <line num="2211" count="0" type="stmt"/>
        <line num="2217" count="0" type="cond" truecount="0" falsecount="2"/>
        <line num="2219" count="0" type="stmt"/>
        <line num="2220" count="0" type="stmt"/>
        <line num="2228" count="0" type="stmt"/>
        <line num="2229" count="0" type="stmt"/>
        <line num="2230" count="0" type="stmt"/>
        <line num="2232" count="0" type="cond" truecount="0" falsecount="2"/>
        <line num="2233" count="0" type="stmt"/>
        <line num="2239" count="0" type="cond" truecount="0" falsecount="2"/>
        <line num="2241" count="0" type="stmt"/>
        <line num="2242" count="0" type="stmt"/>
        <line num="2250" count="0" type="stmt"/>
        <line num="2251" count="0" type="stmt"/>
        <line num="2252" count="0" type="stmt"/>
        <line num="2254" count="0" type="cond" truecount="0" falsecount="2"/>
        <line num="2255" count="0" type="stmt"/>
        <line num="2261" count="0" type="stmt"/>
        <line num="2263" count="0" type="stmt"/>
        <line num="2264" count="0" type="stmt"/>
        <line num="2286" count="0" type="stmt"/>
        <line num="2287" count="0" type="stmt"/>
        <line num="2305" count="0" type="stmt"/>
        <line num="2307" count="0" type="cond" truecount="0" falsecount="2"/>
        <line num="2308" count="0" type="stmt"/>
        <line num="2314" count="0" type="stmt"/>
        <line num="2316" count="0" type="stmt"/>
        <line num="2317" count="0" type="stmt"/>
        <line num="2339" count="0" type="stmt"/>
        <line num="2340" count="0" type="stmt"/>
        <line num="2358" count="0" type="stmt"/>
        <line num="2360" count="0" type="cond" truecount="0" falsecount="2"/>
        <line num="2361" count="0" type="stmt"/>
        <line num="2367" count="0" type="stmt"/>
        <line num="2369" count="0" type="stmt"/>
        <line num="2370" count="0" type="stmt"/>
        <line num="2378" count="0" type="stmt"/>
        <line num="2379" count="0" type="stmt"/>
        <line num="2380" count="0" type="cond" truecount="0" falsecount="2"/>
        <line num="2381" count="0" type="stmt"/>
        <line num="2383" count="0" type="cond" truecount="0" falsecount="2"/>
        <line num="2384" count="0" type="stmt"/>
        <line num="2390" count="0" type="stmt"/>
        <line num="2392" count="0" type="stmt"/>
        <line num="2393" count="0" type="stmt"/>
        <line num="2405" count="0" type="stmt"/>
        <line num="2406" count="0" type="stmt"/>
        <line num="2407" count="0" type="stmt"/>
        <line num="2409" count="0" type="cond" truecount="0" falsecount="2"/>
        <line num="2410" count="0" type="stmt"/>
        <line num="2416" count="0" type="cond" truecount="0" falsecount="2"/>
        <line num="2417" count="0" type="stmt"/>
        <line num="2419" count="0" type="stmt"/>
        <line num="2420" count="0" type="stmt"/>
        <line num="2438" count="0" type="stmt"/>
        <line num="2439" count="0" type="stmt"/>
        <line num="2448" count="0" type="cond" truecount="0" falsecount="2"/>
        <line num="2449" count="0" type="stmt"/>
        <line num="2451" count="0" type="cond" truecount="0" falsecount="2"/>
        <line num="2452" count="0" type="stmt"/>
        <line num="2454" count="0" type="cond" truecount="0" falsecount="2"/>
        <line num="2455" count="0" type="stmt"/>
        <line num="2457" count="0" type="cond" truecount="0" falsecount="2"/>
        <line num="2458" count="0" type="stmt"/>
        <line num="2460" count="0" type="stmt"/>
        <line num="2464" count="0" type="stmt"/>
        <line num="2466" count="0" type="cond" truecount="0" falsecount="2"/>
        <line num="2467" count="0" type="stmt"/>
        <line num="2474" count="0" type="stmt"/>
        <line num="2478" count="0" type="stmt"/>
        <line num="2480" count="0" type="stmt"/>
        <line num="2481" count="0" type="stmt"/>
        <line num="2489" count="0" type="stmt"/>
        <line num="2490" count="0" type="stmt"/>
        <line num="2491" count="0" type="stmt"/>
        <line num="2493" count="0" type="cond" truecount="0" falsecount="2"/>
        <line num="2494" count="0" type="stmt"/>
        <line num="2500" count="0" type="stmt"/>
        <line num="2502" count="0" type="stmt"/>
        <line num="2503" count="0" type="stmt"/>
        <line num="2511" count="0" type="stmt"/>
        <line num="2512" count="0" type="stmt"/>
        <line num="2516" count="0" type="cond" truecount="0" falsecount="2"/>
        <line num="2517" count="0" type="stmt"/>
        <line num="2518" count="0" type="stmt"/>
        <line num="2524" count="0" type="stmt"/>
        <line num="2525" count="0" type="stmt"/>
        <line num="2527" count="0" type="stmt"/>
        <line num="2528" count="0" type="stmt"/>
        <line num="2543" count="0" type="stmt"/>
        <line num="2544" count="0" type="stmt"/>
        <line num="2548" count="0" type="stmt"/>
        <line num="2550" count="0" type="cond" truecount="0" falsecount="2"/>
        <line num="2551" count="0" type="stmt"/>
        <line num="2557" count="0" type="stmt"/>
        <line num="2559" count="0" type="stmt"/>
        <line num="2560" count="0" type="stmt"/>
        <line num="2568" count="0" type="stmt"/>
        <line num="2569" count="0" type="stmt"/>
        <line num="2574" count="0" type="cond" truecount="0" falsecount="2"/>
        <line num="2575" count="0" type="stmt"/>
        <line num="2576" count="0" type="stmt"/>
        <line num="2582" count="0" type="stmt"/>
        <line num="2583" count="0" type="stmt"/>
        <line num="2585" count="0" type="stmt"/>
        <line num="2586" count="0" type="stmt"/>
        <line num="2594" count="0" type="stmt"/>
        <line num="2595" count="0" type="stmt"/>
        <line num="2596" count="0" type="cond" truecount="0" falsecount="2"/>
        <line num="2597" count="0" type="stmt"/>
        <line num="2599" count="0" type="cond" truecount="0" falsecount="2"/>
        <line num="2600" count="0" type="stmt"/>
        <line num="2606" count="0" type="stmt"/>
        <line num="2608" count="0" type="stmt"/>
        <line num="2609" count="0" type="stmt"/>
        <line num="2620" count="0" type="stmt"/>
        <line num="2621" count="0" type="stmt"/>
        <line num="2631" count="0" type="stmt"/>
        <line num="2633" count="0" type="cond" truecount="0" falsecount="2"/>
        <line num="2634" count="0" type="stmt"/>
        <line num="2640" count="0" type="cond" truecount="0" falsecount="2"/>
        <line num="2642" count="0" type="stmt"/>
        <line num="2643" count="0" type="stmt"/>
        <line num="2655" count="0" type="stmt"/>
        <line num="2656" count="0" type="stmt"/>
        <line num="2660" count="0" type="stmt"/>
        <line num="2661" count="0" type="cond" truecount="0" falsecount="2"/>
        <line num="2662" count="0" type="cond" truecount="0" falsecount="3"/>
        <line num="2664" count="0" type="cond" truecount="0" falsecount="2"/>
        <line num="2666" count="0" type="stmt"/>
        <line num="2667" count="0" type="stmt"/>
        <line num="2672" count="0" type="stmt"/>
        <line num="2673" count="0" type="stmt"/>
        <line num="2674" count="0" type="stmt"/>
        <line num="2675" count="0" type="cond" truecount="0" falsecount="2"/>
        <line num="2676" count="0" type="cond" truecount="0" falsecount="3"/>
        <line num="2678" count="0" type="cond" truecount="0" falsecount="2"/>
        <line num="2680" count="0" type="stmt"/>
        <line num="2681" count="0" type="stmt"/>
        <line num="2686" count="0" type="stmt"/>
        <line num="2687" count="0" type="stmt"/>
        <line num="2690" count="0" type="stmt"/>
        <line num="2691" count="0" type="cond" truecount="0" falsecount="2"/>
        <line num="2692" count="0" type="cond" truecount="0" falsecount="3"/>
        <line num="2694" count="0" type="stmt"/>
        <line num="2696" count="0" type="stmt"/>
        <line num="2697" count="0" type="stmt"/>
        <line num="2709" count="0" type="stmt"/>
        <line num="2710" count="0" type="stmt"/>
        <line num="2721" count="0" type="stmt"/>
        <line num="2723" count="0" type="cond" truecount="0" falsecount="2"/>
        <line num="2724" count="0" type="cond" truecount="0" falsecount="3"/>
        <line num="2727" count="0" type="stmt"/>
        <line num="2729" count="0" type="stmt"/>
        <line num="2730" count="0" type="stmt"/>
        <line num="2740" count="0" type="stmt"/>
        <line num="2741" count="0" type="stmt"/>
        <line num="2751" count="0" type="stmt"/>
        <line num="2753" count="0" type="cond" truecount="0" falsecount="2"/>
        <line num="2754" count="0" type="cond" truecount="0" falsecount="3"/>
        <line num="2757" count="0" type="stmt"/>
        <line num="2759" count="0" type="stmt"/>
        <line num="2760" count="0" type="stmt"/>
        <line num="2769" count="0" type="stmt"/>
        <line num="2770" count="0" type="stmt"/>
        <line num="2779" count="0" type="stmt"/>
        <line num="2781" count="0" type="cond" truecount="0" falsecount="2"/>
        <line num="2782" count="0" type="cond" truecount="0" falsecount="3"/>
        <line num="2785" count="0" type="stmt"/>
        <line num="2787" count="0" type="stmt"/>
        <line num="2788" count="0" type="stmt"/>
        <line num="2794" count="0" type="stmt"/>
        <line num="2795" count="0" type="stmt"/>
        <line num="2796" count="0" type="stmt"/>
        <line num="2797" count="0" type="cond" truecount="0" falsecount="4"/>
        <line num="2799" count="0" type="stmt"/>
        <line num="2800" count="0" type="stmt"/>
        <line num="2805" count="0" type="stmt"/>
        <line num="2806" count="0" type="stmt"/>
        <line num="2810" count="0" type="stmt"/>
        <line num="2811" count="0" type="stmt"/>
        <line num="2813" count="0" type="stmt"/>
        <line num="2814" count="0" type="stmt"/>
        <line num="2819" count="0" type="stmt"/>
        <line num="2820" count="0" type="stmt"/>
        <line num="2823" count="0" type="cond" truecount="0" falsecount="2"/>
        <line num="2824" count="0" type="stmt"/>
        <line num="2825" count="0" type="stmt"/>
        <line num="2827" count="0" type="stmt"/>
        <line num="2828" count="0" type="stmt"/>
      </file>
      <file name="coverLetterApi.ts" path="C:\Users\derri\projects\resume-ai-app\mobile\src\api\coverLetterApi.ts">
        <metrics statements="6" coveredstatements="1" conditionals="1" coveredconditionals="0" methods="5" coveredmethods="0"/>
        <line num="6" count="1" type="stmt"/>
        <line num="7" count="0" type="stmt"/>
        <line num="8" count="0" type="stmt"/>
        <line num="9" count="0" type="stmt"/>
        <line num="10" count="0" type="stmt"/>
        <line num="11" count="0" type="cond" truecount="0" falsecount="1"/>
      </file>
      <file name="index.ts" path="C:\Users\derri\projects\resume-ai-app\mobile\src\api\index.ts">
        <metrics statements="1" coveredstatements="1" conditionals="0" coveredconditionals="0" methods="0" coveredmethods="0"/>
        <line num="50" count="1" type="stmt"/>
      </file>
      <file name="interviewApi.ts" path="C:\Users\derri\projects\resume-ai-app\mobile\src\api\interviewApi.ts">
        <metrics statements="34" coveredstatements="28" conditionals="22" coveredconditionals="11" methods="18" coveredmethods="18"/>
        <line num="100" count="3" type="stmt"/>
        <line num="101" count="3" type="stmt"/>
        <line num="104" count="2" type="stmt"/>
        <line num="105" count="2" type="cond" truecount="3" falsecount="1"/>
        <line num="106" count="0" type="stmt"/>
        <line num="107" count="0" type="stmt"/>
        <line num="115" count="0" type="cond" truecount="0" falsecount="2"/>
        <line num="116" count="0" type="cond" truecount="0" falsecount="2"/>
        <line num="118" count="0" type="stmt"/>
        <line num="125" count="2" type="stmt"/>
        <line num="127" count="2" type="cond" truecount="1" falsecount="1"/>
        <line num="128" count="0" type="stmt"/>
        <line num="135" count="2" type="cond" truecount="2" falsecount="1"/>
        <line num="136" count="2" type="stmt"/>
        <line num="138" count="1" type="stmt"/>
        <line num="139" count="1" type="stmt"/>
        <line num="151" count="1" type="stmt"/>
        <line num="158" count="1" type="stmt"/>
        <line num="167" count="1" type="stmt"/>
        <line num="174" count="1" type="stmt"/>
        <line num="181" count="1" type="stmt"/>
        <line num="188" count="1" type="stmt"/>
        <line num="195" count="1" type="stmt"/>
        <line num="205" count="2" type="stmt"/>
        <line num="223" count="1" type="stmt"/>
        <line num="240" count="1" type="stmt"/>
        <line num="254" count="1" type="stmt"/>
        <line num="265" count="2" type="stmt"/>
        <line num="288" count="2" type="stmt"/>
        <line num="300" count="1" type="stmt"/>
        <line num="307" count="1" type="stmt"/>
        <line num="320" count="1" type="stmt"/>
        <line num="333" count="1" type="stmt"/>
        <line num="336" count="2" type="stmt"/>
      </file>
      <file name="resumeApi.ts" path="C:\Users\derri\projects\resume-ai-app\mobile\src\api\resumeApi.ts">
        <metrics statements="12" coveredstatements="12" conditionals="4" coveredconditionals="4" methods="5" coveredmethods="5"/>
        <line num="42" count="5" type="stmt"/>
        <line num="43" count="5" type="stmt"/>
        <line num="44" count="3" type="stmt"/>
        <line num="45" count="3" type="cond" truecount="2" falsecount="0"/>
        <line num="46" count="3" type="stmt"/>
        <line num="48" count="2" type="stmt"/>
        <line num="49" count="2" type="stmt"/>
        <line num="61" count="1" type="stmt"/>
        <line num="68" count="1" type="stmt"/>
        <line num="75" count="1" type="stmt"/>
        <line num="102" count="1" type="stmt"/>
        <line num="105" count="2" type="stmt"/>
      </file>
      <file name="starStoryApi.ts" path="C:\Users\derri\projects\resume-ai-app\mobile\src\api\starStoryApi.ts">
        <metrics statements="8" coveredstatements="1" conditionals="0" coveredconditionals="0" methods="7" coveredmethods="0"/>
        <line num="6" count="1" type="stmt"/>
        <line num="7" count="0" type="stmt"/>
        <line num="8" count="0" type="stmt"/>
        <line num="9" count="0" type="stmt"/>
        <line num="10" count="0" type="stmt"/>
        <line num="11" count="0" type="stmt"/>
        <line num="12" count="0" type="stmt"/>
        <line num="13" count="0" type="stmt"/>
      </file>
      <file name="tailorApi.ts" path="C:\Users\derri\projects\resume-ai-app\mobile\src\api\tailorApi.ts">
        <metrics statements="66" coveredstatements="26" conditionals="58" coveredconditionals="18" methods="15" coveredmethods="8"/>
        <line num="57" count="5" type="stmt"/>
        <line num="58" count="5" type="stmt"/>
        <line num="62" count="4" type="stmt"/>
        <line num="64" count="4" type="cond" truecount="4" falsecount="0"/>
        <line num="65" count="3" type="stmt"/>
        <line num="71" count="1" type="stmt"/>
        <line num="82" count="1" type="stmt"/>
        <line num="83" count="1" type="stmt"/>
        <line num="94" count="7" type="stmt"/>
        <line num="95" count="7" type="stmt"/>
        <line num="106" count="5" type="stmt"/>
        <line num="108" count="5" type="cond" truecount="2" falsecount="0"/>
        <line num="109" count="3" type="stmt"/>
        <line num="115" count="2" type="stmt"/>
        <line num="117" count="2" type="stmt"/>
        <line num="118" count="2" type="stmt"/>
        <line num="129" count="1" type="stmt"/>
        <line num="136" count="2" type="cond" truecount="2" falsecount="0"/>
        <line num="139" count="2" type="stmt"/>
        <line num="146" count="3" type="cond" truecount="2" falsecount="0"/>
        <line num="147" count="1" type="stmt"/>
        <line num="153" count="2" type="stmt"/>
        <line num="168" count="1" type="stmt"/>
        <line num="178" count="1" type="stmt"/>
        <line num="188" count="2" type="stmt"/>
        <line num="203" count="0" type="stmt"/>
        <line num="210" count="0" type="stmt"/>
        <line num="221" count="0" type="stmt"/>
        <line num="222" count="0" type="stmt"/>
        <line num="226" count="0" type="cond" truecount="0" falsecount="2"/>
        <line num="227" count="0" type="stmt"/>
        <line num="230" count="0" type="stmt"/>
        <line num="231" count="0" type="cond" truecount="0" falsecount="2"/>
        <line num="232" count="0" type="cond" truecount="0" falsecount="2"/>
        <line num="234" count="0" type="stmt"/>
        <line num="236" count="0" type="stmt"/>
        <line num="237" count="0" type="cond" truecount="0" falsecount="2"/>
        <line num="245" count="0" type="stmt"/>
        <line num="246" count="0" type="stmt"/>
        <line num="247" count="0" type="stmt"/>
        <line num="249" count="0" type="cond" truecount="0" falsecount="2"/>
        <line num="250" count="0" type="stmt"/>
        <line num="257" count="0" type="cond" truecount="0" falsecount="3"/>
        <line num="258" count="0" type="stmt"/>
        <line num="261" count="0" type="stmt"/>
        <line num="267" count="0" type="cond" truecount="0" falsecount="4"/>
        <line num="268" count="0" type="stmt"/>
        <line num="270" count="0" type="cond" truecount="0" falsecount="4"/>
        <line num="271" count="0" type="stmt"/>
        <line num="273" count="0" type="cond" truecount="0" falsecount="4"/>
        <line num="274" count="0" type="stmt"/>
        <line num="276" count="0" type="stmt"/>
        <line num="280" count="0" type="stmt"/>
        <line num="281" count="0" type="stmt"/>
        <line num="292" count="0" type="stmt"/>
        <line num="293" count="0" type="stmt"/>
        <line num="297" count="0" type="cond" truecount="0" falsecount="2"/>
        <line num="298" count="0" type="stmt"/>
        <line num="301" count="0" type="stmt"/>
        <line num="302" count="0" type="cond" truecount="0" falsecount="2"/>
        <line num="303" count="0" type="cond" truecount="0" falsecount="3"/>
        <line num="305" count="0" type="stmt"/>
        <line num="307" count="0" type="stmt"/>
        <line num="308" count="0" type="cond" truecount="0" falsecount="2"/>
        <line num="316" count="0" type="stmt"/>
        <line num="319" count="2" type="stmt"/>
      </file>
    </package>
    <package name="components">
      <metrics statements="1457" coveredstatements="1166" conditionals="1700" coveredconditionals="1219" methods="466" coveredmethods="364"/>
      <file name="ApplicationFormModal.tsx" path="C:\Users\derri\projects\resume-ai-app\mobile\src\components\ApplicationFormModal.tsx">
        <metrics statements="104" coveredstatements="0" conditionals="106" coveredconditionals="0" methods="10" coveredmethods="0"/>
        <line num="19" count="0" type="stmt"/>
        <line num="76" count="0" type="stmt"/>
        <line num="77" count="0" type="stmt"/>
        <line num="78" count="0" type="stmt"/>
        <line num="79" count="0" type="stmt"/>
        <line num="82" count="0" type="stmt"/>
        <line num="83" count="0" type="stmt"/>
        <line num="84" count="0" type="stmt"/>
        <line num="85" count="0" type="stmt"/>
        <line num="86" count="0" type="stmt"/>
        <line num="87" count="0" type="stmt"/>
        <line num="88" count="0" type="stmt"/>
        <line num="89" count="0" type="stmt"/>
        <line num="90" count="0" type="stmt"/>
        <line num="91" count="0" type="stmt"/>
        <line num="92" count="0" type="stmt"/>
        <line num="93" count="0" type="stmt"/>
        <line num="95" count="0" type="stmt"/>
        <line num="96" count="0" type="stmt"/>
        <line num="97" count="0" type="stmt"/>
        <line num="98" count="0" type="stmt"/>
        <line num="99" count="0" type="stmt"/>
        <line num="100" count="0" type="cond" truecount="0" falsecount="2"/>
        <line num="103" count="0" type="stmt"/>
        <line num="104" count="0" type="cond" truecount="0" falsecount="2"/>
        <line num="105" count="0" type="cond" truecount="0" falsecount="2"/>
        <line num="106" count="0" type="cond" truecount="0" falsecount="2"/>
        <line num="107" count="0" type="cond" truecount="0" falsecount="2"/>
        <line num="108" count="0" type="cond" truecount="0" falsecount="2"/>
        <line num="109" count="0" type="cond" truecount="0" falsecount="2"/>
        <line num="110" count="0" type="cond" truecount="0" falsecount="2"/>
        <line num="111" count="0" type="cond" truecount="0" falsecount="2"/>
        <line num="112" count="0" type="cond" truecount="0" falsecount="2"/>
        <line num="113" count="0" type="cond" truecount="0" falsecount="2"/>
        <line num="114" count="0" type="cond" truecount="0" falsecount="2"/>
        <line num="115" count="0" type="cond" truecount="0" falsecount="2"/>
        <line num="116" count="0" type="cond" truecount="0" falsecount="2"/>
        <line num="117" count="0" type="stmt"/>
        <line num="118" count="0" type="cond" truecount="0" falsecount="2"/>
        <line num="119" count="0" type="cond" truecount="0" falsecount="2"/>
        <line num="120" count="0" type="cond" truecount="0" falsecount="2"/>
        <line num="121" count="0" type="cond" truecount="0" falsecount="2"/>
        <line num="122" count="0" type="stmt"/>
        <line num="123" count="0" type="cond" truecount="0" falsecount="2"/>
        <line num="124" count="0" type="stmt"/>
        <line num="125" count="0" type="stmt"/>
        <line num="126" count="0" type="stmt"/>
        <line num="127" count="0" type="stmt"/>
        <line num="128" count="0" type="stmt"/>
        <line num="129" count="0" type="stmt"/>
        <line num="130" count="0" type="stmt"/>
        <line num="131" count="0" type="stmt"/>
        <line num="134" count="0" type="stmt"/>
        <line num="135" count="0" type="stmt"/>
        <line num="136" count="0" type="stmt"/>
        <line num="137" count="0" type="stmt"/>
        <line num="138" count="0" type="stmt"/>
        <line num="139" count="0" type="stmt"/>
        <line num="140" count="0" type="stmt"/>
        <line num="141" count="0" type="stmt"/>
        <line num="142" count="0" type="stmt"/>
        <line num="143" count="0" type="stmt"/>
        <line num="144" count="0" type="stmt"/>
        <line num="145" count="0" type="stmt"/>
        <line num="146" count="0" type="stmt"/>
        <line num="150" count="0" type="stmt"/>
        <line num="152" count="0" type="cond" truecount="0" falsecount="2"/>
        <line num="153" count="0" type="stmt"/>
        <line num="154" count="0" type="stmt"/>
        <line num="156" count="0" type="cond" truecount="0" falsecount="2"/>
        <line num="157" count="0" type="stmt"/>
        <line num="158" count="0" type="stmt"/>
        <line num="161" count="0" type="stmt"/>
        <line num="162" count="0" type="stmt"/>
        <line num="163" count="0" type="stmt"/>
        <line num="179" count="0" type="cond" truecount="0" falsecount="2"/>
        <line num="180" count="0" type="stmt"/>
        <line num="182" count="0" type="stmt"/>
        <line num="185" count="0" type="cond" truecount="0" falsecount="2"/>
        <line num="186" count="0" type="cond" truecount="0" falsecount="2"/>
        <line num="187" count="0" type="stmt"/>
        <line num="188" count="0" type="stmt"/>
        <line num="190" count="0" type="cond" truecount="0" falsecount="2"/>
        <line num="193" count="0" type="cond" truecount="0" falsecount="2"/>
        <line num="195" count="0" type="stmt"/>
        <line num="199" count="0" type="stmt"/>
        <line num="200" count="0" type="cond" truecount="0" falsecount="2"/>
        <line num="202" count="0" type="stmt"/>
        <line num="211" count="0" type="stmt"/>
        <line num="212" count="0" type="stmt"/>
        <line num="213" count="0" type="stmt"/>
        <line num="215" count="0" type="cond" truecount="0" falsecount="2"/>
        <line num="216" count="0" type="stmt"/>
        <line num="217" count="0" type="stmt"/>
        <line num="218" count="0" type="stmt"/>
        <line num="220" count="0" type="cond" truecount="0" falsecount="2"/>
        <line num="223" count="0" type="cond" truecount="0" falsecount="2"/>
        <line num="225" count="0" type="stmt"/>
        <line num="233" count="0" type="stmt"/>
        <line num="270" count="0" type="stmt"/>
        <line num="284" count="0" type="stmt"/>
        <line num="369" count="0" type="stmt"/>
        <line num="382" count="0" type="stmt"/>
        <line num="598" count="0" type="stmt"/>
      </file>
      <file name="BehavioralTechnicalQuestions.tsx" path="C:\Users\derri\projects\resume-ai-app\mobile\src\components\BehavioralTechnicalQuestions.tsx">
        <metrics statements="58" coveredstatements="58" conditionals="82" coveredconditionals="77" methods="14" coveredmethods="14"/>
        <line num="60" count="97" type="stmt"/>
        <line num="61" count="97" type="stmt"/>
        <line num="62" count="97" type="stmt"/>
        <line num="63" count="97" type="stmt"/>
        <line num="64" count="97" type="stmt"/>
        <line num="65" count="97" type="stmt"/>
        <line num="66" count="97" type="stmt"/>
        <line num="68" count="97" type="stmt"/>
        <line num="69" count="38" type="cond" truecount="2" falsecount="0"/>
        <line num="71" count="37" type="stmt"/>
        <line num="72" count="37" type="stmt"/>
        <line num="74" count="37" type="stmt"/>
        <line num="75" count="37" type="stmt"/>
        <line num="76" count="35" type="cond" truecount="2" falsecount="0"/>
        <line num="77" count="33" type="stmt"/>
        <line num="80" count="33" type="cond" truecount="2" falsecount="0"/>
        <line num="81" count="33" type="cond" truecount="2" falsecount="0"/>
        <line num="82" count="32" type="stmt"/>
        <line num="86" count="2" type="cond" truecount="2" falsecount="0"/>
        <line num="88" count="37" type="stmt"/>
        <line num="92" count="97" type="stmt"/>
        <line num="93" count="3" type="stmt"/>
        <line num="94" count="3" type="cond" truecount="2" falsecount="0"/>
        <line num="95" count="1" type="stmt"/>
        <line num="97" count="2" type="stmt"/>
        <line num="99" count="3" type="stmt"/>
        <line num="102" count="97" type="stmt"/>
        <line num="103" count="225" type="cond" truecount="4" falsecount="0"/>
        <line num="105" count="76" type="stmt"/>
        <line num="107" count="69" type="stmt"/>
        <line num="109" count="78" type="stmt"/>
        <line num="111" count="2" type="stmt"/>
        <line num="115" count="97" type="stmt"/>
        <line num="116" count="50" type="cond" truecount="1" falsecount="1"/>
        <line num="118" count="50" type="stmt"/>
        <line num="120" count="50" type="cond" truecount="4" falsecount="0"/>
        <line num="121" count="47" type="stmt"/>
        <line num="123" count="50" type="cond" truecount="4" falsecount="0"/>
        <line num="124" count="46" type="stmt"/>
        <line num="127" count="50" type="cond" truecount="2" falsecount="0"/>
        <line num="128" count="16" type="stmt"/>
        <line num="131" count="50" type="stmt"/>
        <line num="134" count="97" type="cond" truecount="4" falsecount="0"/>
        <line num="135" count="46" type="stmt"/>
        <line num="170" count="51" type="cond" truecount="2" falsecount="0"/>
        <line num="171" count="1" type="stmt"/>
        <line num="181" count="50" type="stmt"/>
        <line num="183" count="50" type="stmt"/>
        <line num="191" count="150" type="stmt"/>
        <line num="193" count="6" type="stmt"/>
        <line num="225" count="200" type="stmt"/>
        <line num="227" count="8" type="stmt"/>
        <line num="263" count="109" type="stmt"/>
        <line num="265" count="109" type="stmt"/>
        <line num="269" count="3" type="stmt"/>
        <line num="382" count="67" type="stmt"/>
        <line num="399" count="67" type="stmt"/>
        <line num="425" count="1" type="stmt"/>
      </file>
      <file name="CareerPathCertifications.tsx" path="C:\Users\derri\projects\resume-ai-app\mobile\src\components\CareerPathCertifications.tsx">
        <metrics statements="83" coveredstatements="65" conditionals="152" coveredconditionals="109" methods="32" coveredmethods="23"/>
        <line num="74" count="156" type="stmt"/>
        <line num="75" count="156" type="stmt"/>
        <line num="76" count="156" type="stmt"/>
        <line num="77" count="156" type="stmt"/>
        <line num="79" count="156" type="stmt"/>
        <line num="80" count="35" type="stmt"/>
        <line num="81" count="35" type="cond" truecount="2" falsecount="0"/>
        <line num="82" count="1" type="stmt"/>
        <line num="84" count="34" type="stmt"/>
        <line num="86" count="35" type="stmt"/>
        <line num="89" count="156" type="stmt"/>
        <line num="90" count="224" type="cond" truecount="4" falsecount="0"/>
        <line num="92" count="177" type="stmt"/>
        <line num="94" count="25" type="stmt"/>
        <line num="96" count="20" type="stmt"/>
        <line num="98" count="2" type="stmt"/>
        <line num="102" count="156" type="stmt"/>
        <line num="103" count="0" type="cond" truecount="0" falsecount="5"/>
        <line num="105" count="0" type="stmt"/>
        <line num="107" count="0" type="stmt"/>
        <line num="109" count="0" type="stmt"/>
        <line num="111" count="0" type="stmt"/>
        <line num="113" count="0" type="stmt"/>
        <line num="117" count="156" type="stmt"/>
        <line num="118" count="3" type="stmt"/>
        <line num="119" count="3" type="cond" truecount="2" falsecount="0"/>
        <line num="120" count="2" type="stmt"/>
        <line num="125" count="156" type="cond" truecount="2" falsecount="0"/>
        <line num="127" count="14" type="stmt"/>
        <line num="129" count="156" type="stmt"/>
        <line num="131" count="32" type="stmt"/>
        <line num="132" count="32" type="stmt"/>
        <line num="133" count="32" type="stmt"/>
        <line num="135" count="32" type="cond" truecount="2" falsecount="0"/>
        <line num="136" count="30" type="stmt"/>
        <line num="139" count="2" type="stmt"/>
        <line num="143" count="156" type="stmt"/>
        <line num="144" count="40" type="cond" truecount="2" falsecount="0"/>
        <line num="145" count="40" type="cond" truecount="2" falsecount="0"/>
        <line num="146" count="40" type="stmt"/>
        <line num="149" count="156" type="stmt"/>
        <line num="155" count="156" type="stmt"/>
        <line num="156" count="564" type="stmt"/>
        <line num="157" count="188" type="cond" truecount="1" falsecount="1"/>
        <line num="158" count="0" type="stmt"/>
        <line num="161" count="188" type="stmt"/>
        <line num="165" count="156" type="stmt"/>
        <line num="166" count="112" type="cond" truecount="1" falsecount="3"/>
        <line num="168" count="112" type="stmt"/>
        <line num="170" count="0" type="stmt"/>
        <line num="172" count="0" type="stmt"/>
        <line num="174" count="0" type="stmt"/>
        <line num="178" count="156" type="cond" truecount="2" falsecount="0"/>
        <line num="179" count="156" type="stmt"/>
        <line num="181" count="156" type="stmt"/>
        <line num="212" count="0" type="stmt"/>
        <line num="231" count="52" type="stmt"/>
        <line num="264" count="376" type="stmt"/>
        <line num="266" count="7" type="stmt"/>
        <line num="303" count="186" type="cond" truecount="2" falsecount="0"/>
        <line num="304" count="56" type="stmt"/>
        <line num="316" count="70" type="stmt"/>
        <line num="317" count="70" type="stmt"/>
        <line num="318" count="70" type="cond" truecount="2" falsecount="0"/>
        <line num="320" count="70" type="stmt"/>
        <line num="332" count="0" type="stmt"/>
        <line num="419" count="0" type="stmt"/>
        <line num="437" count="0" type="stmt"/>
        <line num="483" count="0" type="stmt"/>
        <line num="485" count="0" type="cond" truecount="0" falsecount="2"/>
        <line num="525" count="0" type="stmt"/>
        <line num="531" count="0" type="stmt"/>
        <line num="570" count="109" type="stmt"/>
        <line num="571" count="109" type="stmt"/>
        <line num="573" count="109" type="stmt"/>
        <line num="585" count="35" type="stmt"/>
        <line num="679" count="105" type="stmt"/>
        <line num="698" count="52" type="stmt"/>
        <line num="758" count="52" type="stmt"/>
        <line num="760" count="2" type="cond" truecount="2" falsecount="0"/>
        <line num="790" count="2" type="stmt"/>
        <line num="796" count="1" type="stmt"/>
        <line num="855" count="2" type="stmt"/>
      </file>
      <file name="CareerPlanResults.tsx" path="C:\Users\derri\projects\resume-ai-app\mobile\src\components\CareerPlanResults.tsx">
        <metrics statements="141" coveredstatements="89" conditionals="291" coveredconditionals="88" methods="98" coveredmethods="48"/>
        <line num="51" count="1" type="stmt"/>
        <line num="59" count="1" type="stmt"/>
        <line num="81" count="1" type="stmt"/>
        <line num="85" count="52" type="cond" truecount="1" falsecount="1"/>
        <line num="86" count="59" type="cond" truecount="2" falsecount="0"/>
        <line num="91" count="55" type="stmt"/>
        <line num="92" count="59" type="stmt"/>
        <line num="97" count="55" type="cond" truecount="3" falsecount="1"/>
        <line num="98" count="59" type="stmt"/>
        <line num="103" count="53" type="stmt"/>
        <line num="104" count="59" type="cond" truecount="2" falsecount="0"/>
        <line num="109" count="55" type="stmt"/>
        <line num="110" count="59" type="cond" truecount="2" falsecount="0"/>
        <line num="115" count="55" type="stmt"/>
        <line num="116" count="59" type="cond" truecount="2" falsecount="0"/>
        <line num="121" count="54" type="stmt"/>
        <line num="122" count="59" type="stmt"/>
        <line num="127" count="55" type="stmt"/>
        <line num="128" count="59" type="stmt"/>
        <line num="133" count="55" type="cond" truecount="1" falsecount="1"/>
        <line num="134" count="59" type="cond" truecount="2" falsecount="0"/>
        <line num="139" count="55" type="cond" truecount="1" falsecount="1"/>
        <line num="140" count="59" type="cond" truecount="2" falsecount="0"/>
        <line num="145" count="59" type="stmt"/>
        <line num="146" count="59" type="stmt"/>
        <line num="147" count="59" type="stmt"/>
        <line num="148" count="59" type="stmt"/>
        <line num="149" count="59" type="stmt"/>
        <line num="150" count="59" type="stmt"/>
        <line num="152" count="59" type="stmt"/>
        <line num="153" count="48" type="cond" truecount="2" falsecount="0"/>
        <line num="154" count="48" type="cond" truecount="2" falsecount="0"/>
        <line num="155" count="48" type="cond" truecount="2" falsecount="0"/>
        <line num="156" count="48" type="cond" truecount="2" falsecount="0"/>
        <line num="157" count="48" type="cond" truecount="2" falsecount="0"/>
        <line num="158" count="48" type="cond" truecount="2" falsecount="0"/>
        <line num="159" count="48" type="cond" truecount="2" falsecount="0"/>
        <line num="160" count="48" type="cond" truecount="2" falsecount="0"/>
        <line num="161" count="48" type="stmt"/>
        <line num="164" count="59" type="stmt"/>
        <line num="165" count="48" type="stmt"/>
        <line num="166" count="48" type="stmt"/>
        <line num="167" count="48" type="stmt"/>
        <line num="168" count="48" type="stmt"/>
        <line num="171" count="59" type="stmt"/>
        <line num="172" count="0" type="cond" truecount="0" falsecount="2"/>
        <line num="175" count="59" type="stmt"/>
        <line num="176" count="2" type="cond" truecount="2" falsecount="0"/>
        <line num="177" count="1" type="stmt"/>
        <line num="179" count="1" type="stmt"/>
        <line num="180" count="1" type="cond" truecount="1" falsecount="1"/>
        <line num="187" count="59" type="stmt"/>
        <line num="188" count="3" type="stmt"/>
        <line num="190" count="3" type="stmt"/>
        <line num="208" count="3" type="stmt"/>
        <line num="223" count="0" type="stmt"/>
        <line num="236" count="0" type="stmt"/>
        <line num="248" count="59" type="stmt"/>
        <line num="249" count="2" type="stmt"/>
        <line num="257" count="2" type="stmt"/>
        <line num="269" count="0" type="stmt"/>
        <line num="285" count="0" type="stmt"/>
        <line num="305" count="0" type="stmt"/>
        <line num="321" count="2" type="stmt"/>
        <line num="350" count="59" type="stmt"/>
        <line num="351" count="1" type="stmt"/>
        <line num="388" count="0" type="stmt"/>
        <line num="398" count="59" type="stmt"/>
        <line num="399" count="1" type="stmt"/>
        <line num="432" count="59" type="stmt"/>
        <line num="433" count="1" type="stmt"/>
        <line num="441" count="59" type="stmt"/>
        <line num="442" count="0" type="cond" truecount="0" falsecount="2"/>
        <line num="443" count="0" type="cond" truecount="0" falsecount="2"/>
        <line num="446" count="0" type="stmt"/>
        <line num="455" count="0" type="stmt"/>
[...]
        <line num="275" count="1" type="stmt"/>
        <line num="283" count="7" type="cond" truecount="2" falsecount="0"/>
        <line num="285" count="6" type="stmt"/>
        <line num="286" count="6" type="stmt"/>
        <line num="287" count="6" type="stmt"/>
        <line num="289" count="6" type="stmt"/>
      </file>
      <file name="haptics.ts" path="C:\Users\derri\projects\resume-ai-app\mobile\src\utils\haptics.ts">
        <metrics statements="17" coveredstatements="9" conditionals="0" coveredconditionals="0" methods="8" coveredmethods="0"/>
        <line num="14" count="1" type="stmt"/>
        <line num="15" count="0" type="stmt"/>
        <line num="22" count="1" type="stmt"/>
        <line num="23" count="0" type="stmt"/>
        <line num="30" count="1" type="stmt"/>
        <line num="31" count="0" type="stmt"/>
        <line num="38" count="1" type="stmt"/>
        <line num="39" count="0" type="stmt"/>
        <line num="46" count="1" type="stmt"/>
        <line num="47" count="0" type="stmt"/>
        <line num="54" count="1" type="stmt"/>
        <line num="55" count="0" type="stmt"/>
        <line num="62" count="1" type="stmt"/>
        <line num="63" count="0" type="stmt"/>
        <line num="69" count="1" type="stmt"/>
        <line num="108" count="1" type="stmt"/>
        <line num="111" count="0" type="stmt"/>
      </file>
      <file name="network.ts" path="C:\Users\derri\projects\resume-ai-app\mobile\src\utils\network.ts">
        <metrics statements="84" coveredstatements="84" conditionals="39" coveredconditionals="39" methods="24" coveredmethods="24"/>
        <line num="4" count="1" type="stmt"/>
        <line num="5" count="1" type="stmt"/>
        <line num="6" count="1" type="stmt"/>
        <line num="37" count="1" type="stmt"/>
        <line num="38" count="15" type="stmt"/>
        <line num="45" count="1" type="stmt"/>
        <line num="46" count="1" type="stmt"/>
        <line num="52" count="1" type="stmt"/>
        <line num="55" count="1" type="stmt"/>
        <line num="63" count="3" type="stmt"/>
        <line num="64" count="3" type="stmt"/>
        <line num="67" count="3" type="stmt"/>
        <line num="68" count="1" type="stmt"/>
        <line num="76" count="30" type="cond" truecount="2" falsecount="0"/>
        <line num="82" count="30" type="stmt"/>
        <line num="90" count="30" type="stmt"/>
        <line num="91" count="6" type="stmt"/>
        <line num="95" count="30" type="cond" truecount="2" falsecount="0"/>
        <line num="96" count="19" type="stmt"/>
        <line num="104" count="10" type="stmt"/>
        <line num="106" count="10" type="stmt"/>
        <line num="108" count="10" type="stmt"/>
        <line num="109" count="9" type="stmt"/>
        <line num="117" count="2" type="stmt"/>
        <line num="124" count="36" type="stmt"/>
        <line num="137" count="15" type="stmt"/>
        <line num="148" count="15" type="stmt"/>
        <line num="151" count="15" type="cond" truecount="2" falsecount="0"/>
        <line num="153" count="2" type="stmt"/>
        <line num="155" count="98" type="stmt"/>
        <line num="156" count="98" type="cond" truecount="2" falsecount="0"/>
        <line num="159" count="2" type="stmt"/>
        <line num="161" count="13" type="stmt"/>
        <line num="164" count="15" type="stmt"/>
        <line num="171" count="56" type="stmt"/>
        <line num="172" count="56" type="stmt"/>
        <line num="173" count="55" type="cond" truecount="2" falsecount="0"/>
        <line num="175" count="1" type="stmt"/>
        <line num="183" count="28" type="stmt"/>
        <line num="190" count="2" type="stmt"/>
        <line num="191" count="3" type="stmt"/>
        <line num="192" count="2" type="stmt"/>
        <line num="199" count="31" type="cond" truecount="2" falsecount="0"/>
        <line num="200" count="1" type="stmt"/>
        <line num="203" count="30" type="stmt"/>
        <line num="204" count="30" type="cond" truecount="2" falsecount="0"/>
        <line num="205" count="19" type="stmt"/>
        <line num="208" count="11" type="stmt"/>
        <line num="209" count="11" type="stmt"/>
        <line num="210" count="11" type="stmt"/>
        <line num="213" count="11" type="stmt"/>
        <line num="214" count="11" type="stmt"/>
        <line num="215" count="11" type="cond" truecount="2" falsecount="0"/>
        <line num="218" count="11" type="stmt"/>
        <line num="219" count="18" type="stmt"/>
        <line num="220" count="18" type="stmt"/>
        <line num="229" count="15" type="cond" truecount="2" falsecount="0"/>
        <line num="230" count="11" type="stmt"/>
        <line num="231" count="4" type="cond" truecount="4" falsecount="0"/>
        <line num="233" count="2" type="stmt"/>
        <line num="238" count="2" type="stmt"/>
        <line num="241" count="3" type="cond" truecount="2" falsecount="0"/>
        <line num="242" count="1" type="stmt"/>
        <line num="247" count="2" type="stmt"/>
        <line num="252" count="11" type="stmt"/>
        <line num="253" count="11" type="stmt"/>
        <line num="260" count="1" type="stmt"/>
        <line num="271" count="2" type="stmt"/>
        <line num="273" count="2" type="stmt"/>
        <line num="279" count="2" type="stmt"/>
        <line num="280" count="3" type="stmt"/>
        <line num="283" count="2" type="stmt"/>
        <line num="286" count="3" type="cond" truecount="2" falsecount="0"/>
        <line num="294" count="2" type="cond" truecount="2" falsecount="0"/>
        <line num="295" count="1" type="stmt"/>
        <line num="297" count="2" type="stmt"/>
        <line num="302" count="1" type="stmt"/>
        <line num="318" count="4" type="stmt"/>
        <line num="320" count="4" type="cond" truecount="2" falsecount="0"/>
        <line num="321" count="1" type="stmt"/>
        <line num="324" count="3" type="cond" truecount="2" falsecount="0"/>
        <line num="325" count="1" type="stmt"/>
        <line num="332" count="1" type="stmt"/>
        <line num="335" count="2" type="stmt"/>
      </file>
      <file name="security.ts" path="C:\Users\derri\projects\resume-ai-app\mobile\src\utils\security.ts">
        <metrics statements="78" coveredstatements="60" conditionals="56" coveredconditionals="33" methods="18" coveredmethods="13"/>
        <line num="25" count="3" type="stmt"/>
        <line num="36" count="3" type="stmt"/>
        <line num="51" count="3" type="stmt"/>
        <line num="56" count="0" type="stmt"/>
        <line num="61" count="3" type="stmt"/>
        <line num="67" count="56" type="stmt"/>
        <line num="74" count="14" type="cond" truecount="2" falsecount="0"/>
        <line num="75" count="2" type="stmt"/>
        <line num="78" count="12" type="stmt"/>
        <line num="79" count="12" type="stmt"/>
        <line num="82" count="9" type="cond" truecount="2" falsecount="0"/>
        <line num="83" count="2" type="stmt"/>
        <line num="84" count="2" type="stmt"/>
        <line num="87" count="7" type="stmt"/>
        <line num="89" count="3" type="stmt"/>
        <line num="97" count="0" type="cond" truecount="0" falsecount="2"/>
        <line num="113" count="0" type="cond" truecount="0" falsecount="2"/>
        <line num="114" count="0" type="stmt"/>
        <line num="118" count="0" type="stmt"/>
        <line num="124" count="0" type="stmt"/>
        <line num="143" count="0" type="stmt"/>
        <line num="144" count="0" type="stmt"/>
        <line num="149" count="0" type="stmt"/>
        <line num="152" count="0" type="cond" truecount="0" falsecount="4"/>
        <line num="153" count="0" type="stmt"/>
        <line num="155" count="0" type="stmt"/>
        <line num="164" count="16" type="cond" truecount="4" falsecount="0"/>
        <line num="165" count="4" type="stmt"/>
        <line num="169" count="12" type="cond" truecount="2" falsecount="0"/>
        <line num="170" count="6" type="stmt"/>
        <line num="171" count="6" type="cond" truecount="2" falsecount="3"/>
        <line num="172" count="6" type="stmt"/>
        <line num="173" count="6" type="stmt"/>
        <line num="177" count="6" type="stmt"/>
        <line num="185" count="13" type="stmt"/>
        <line num="197" count="0" type="cond" truecount="0" falsecount="2"/>
        <line num="198" count="0" type="cond" truecount="0" falsecount="2"/>
        <line num="199" count="0" type="stmt"/>
        <line num="201" count="0" type="stmt"/>
        <line num="212" count="0" type="cond" truecount="0" falsecount="2"/>
        <line num="213" count="0" type="stmt"/>
        <line num="220" count="3" type="stmt"/>
        <line num="244" count="9" type="cond" truecount="4" falsecount="0"/>
        <line num="245" count="2" type="stmt"/>
        <line num="248" count="7" type="stmt"/>
        <line num="249" count="7" type="stmt"/>
        <line num="252" count="6" type="cond" truecount="2" falsecount="0"/>
        <line num="253" count="1" type="stmt"/>
        <line num="257" count="5" type="stmt"/>
        <line num="258" count="37" type="cond" truecount="2" falsecount="0"/>
        <line num="261" count="5" type="cond" truecount="2" falsecount="0"/>
        <line num="262" count="1" type="stmt"/>
        <line num="268" count="4" type="stmt"/>
        <line num="270" count="1" type="stmt"/>
        <line num="278" count="26" type="stmt"/>
        <line num="279" count="26" type="stmt"/>
        <line num="280" count="26" type="stmt"/>
        <line num="288" count="3" type="stmt"/>
        <line num="293" count="3" type="stmt"/>
        <line num="294" count="3" type="stmt"/>
        <line num="298" count="560" type="stmt"/>
        <line num="299" count="560" type="stmt"/>
        <line num="301" count="560" type="cond" truecount="2" falsecount="0"/>
        <line num="302" count="26375" type="stmt"/>
        <line num="304" count="560" type="cond" truecount="2" falsecount="0"/>
        <line num="305" count="4" type="stmt"/>
        <line num="308" count="556" type="stmt"/>
        <line num="309" count="556" type="stmt"/>
        <line num="310" count="556" type="stmt"/>
        <line num="314" count="1" type="cond" truecount="1" falsecount="1"/>
        <line num="315" count="1" type="cond" truecount="1" falsecount="1"/>
        <line num="317" count="1" type="stmt"/>
        <line num="318" count="1" type="stmt"/>
        <line num="319" count="1" type="stmt"/>
        <line num="323" count="55" type="stmt"/>
        <line num="327" count="3" type="stmt"/>
        <line num="335" count="16" type="stmt"/>
        <line num="336" count="16" type="cond" truecount="2" falsecount="0"/>
      </file>
      <file name="userSession.ts" path="C:\Users\derri\projects\resume-ai-app\mobile\src\utils\userSession.ts">
        <metrics statements="95" coveredstatements="73" conditionals="30" coveredconditionals="22" methods="11" coveredmethods="10"/>
        <line num="9" count="2" type="stmt"/>
        <line num="18" count="2" type="stmt"/>
        <line num="19" count="16" type="stmt"/>
        <line num="20" count="16" type="stmt"/>
        <line num="22" count="0" type="stmt"/>
        <line num="30" count="2" type="stmt"/>
        <line num="31" count="8" type="stmt"/>
        <line num="33" count="8" type="stmt"/>
        <line num="34" count="8" type="cond" truecount="2" falsecount="0"/>
        <line num="36" count="3" type="stmt"/>
        <line num="37" count="3" type="cond" truecount="2" falsecount="0"/>
        <line num="41" count="5" type="stmt"/>
        <line num="43" count="5" type="cond" truecount="2" falsecount="0"/>
        <line num="44" count="3" type="stmt"/>
        <line num="45" count="3" type="cond" truecount="2" falsecount="0"/>
        <line num="46" count="1" type="stmt"/>
        <line num="50" count="2" type="stmt"/>
        <line num="51" count="2" type="cond" truecount="2" falsecount="0"/>
        <line num="52" count="1" type="stmt"/>
        <line num="58" count="3" type="stmt"/>
        <line num="60" count="3" type="stmt"/>
        <line num="61" count="3" type="stmt"/>
        <line num="68" count="2" type="stmt"/>
        <line num="69" count="0" type="stmt"/>
        <line num="70" count="0" type="stmt"/>
        <line num="71" count="0" type="cond" truecount="0" falsecount="2"/>
        <line num="72" count="0" type="stmt"/>
        <line num="74" count="0" type="stmt"/>
        <line num="76" count="0" type="cond" truecount="0" falsecount="2"/>
        <line num="78" count="0" type="stmt"/>
        <line num="85" count="2" type="stmt"/>
        <line num="86" count="4" type="stmt"/>
        <line num="87" count="4" type="stmt"/>
        <line num="90" count="4" type="cond" truecount="2" falsecount="0"/>
        <line num="91" count="3" type="stmt"/>
        <line num="99" count="3" type="stmt"/>
        <line num="105" count="3" type="cond" truecount="1" falsecount="1"/>
        <line num="107" count="1" type="stmt"/>
        <line num="115" count="2" type="stmt"/>
        <line num="116" count="3" type="stmt"/>
        <line num="118" count="3" type="stmt"/>
        <line num="119" count="3" type="stmt"/>
        <line num="120" count="3" type="stmt"/>
        <line num="121" count="3" type="stmt"/>
        <line num="122" count="3" type="stmt"/>
        <line num="124" count="3" type="stmt"/>
        <line num="126" count="1" type="stmt"/>
        <line num="133" count="2" type="stmt"/>
        <line num="134" count="2" type="stmt"/>
        <line num="135" count="2" type="stmt"/>
        <line num="136" count="2" type="cond" truecount="2" falsecount="0"/>
        <line num="138" count="0" type="stmt"/>
        <line num="139" count="0" type="stmt"/>
        <line num="146" count="2" type="stmt"/>
        <line num="147" count="2" type="stmt"/>
        <line num="148" count="2" type="stmt"/>
        <line num="149" count="2" type="cond" truecount="2" falsecount="0"/>
        <line num="150" count="1" type="stmt"/>
        <line num="151" count="1" type="stmt"/>
        <line num="153" count="1" type="stmt"/>
        <line num="154" count="1" type="stmt"/>
        <line num="157" count="0" type="stmt"/>
        <line num="158" count="0" type="stmt"/>
        <line num="165" count="2" type="stmt"/>
        <line num="166" count="2" type="stmt"/>
        <line num="167" count="2" type="stmt"/>
        <line num="168" count="2" type="cond" truecount="2" falsecount="0"/>
        <line num="169" count="1" type="stmt"/>
        <line num="171" count="1" type="stmt"/>
        <line num="173" count="0" type="stmt"/>
        <line num="174" count="0" type="stmt"/>
        <line num="181" count="2" type="stmt"/>
        <line num="182" count="1" type="stmt"/>
        <line num="183" count="1" type="stmt"/>
        <line num="184" count="1" type="cond" truecount="1" falsecount="1"/>
        <line num="185" count="1" type="stmt"/>
        <line num="186" count="1" type="stmt"/>
        <line num="188" count="0" type="stmt"/>
        <line num="189" count="0" type="stmt"/>
        <line num="192" count="0" type="stmt"/>
        <line num="193" count="0" type="stmt"/>
        <line num="200" count="2" type="stmt"/>
        <line num="201" count="1" type="stmt"/>
        <line num="202" count="1" type="stmt"/>
        <line num="203" count="1" type="cond" truecount="1" falsecount="1"/>
        <line num="204" count="1" type="stmt"/>
        <line num="206" count="0" type="stmt"/>
        <line num="208" count="0" type="stmt"/>
        <line num="209" count="0" type="stmt"/>
        <line num="216" count="2" type="stmt"/>
        <line num="217" count="1" type="stmt"/>
        <line num="218" count="1" type="stmt"/>
        <line num="219" count="1" type="cond" truecount="1" falsecount="1"/>
        <line num="220" count="1" type="stmt"/>
        <line num="227" count="0" type="stmt"/>
      </file>
      <file name="validation.ts" path="C:\Users\derri\projects\resume-ai-app\mobile\src\utils\validation.ts">
        <metrics statements="67" coveredstatements="57" conditionals="44" coveredconditionals="34" methods="21" coveredmethods="14"/>
        <line num="28" count="17" type="cond" truecount="4" falsecount="0"/>
        <line num="29" count="8" type="stmt"/>
        <line num="31" count="9" type="stmt"/>
        <line num="38" count="4" type="cond" truecount="2" falsecount="0"/>
        <line num="39" count="1" type="stmt"/>
        <line num="41" count="3" type="stmt"/>
        <line num="48" count="3" type="cond" truecount="2" falsecount="0"/>
        <line num="49" count="1" type="stmt"/>
        <line num="51" count="2" type="stmt"/>
        <line num="58" count="5" type="stmt"/>
        <line num="59" count="5" type="cond" truecount="2" falsecount="0"/>
        <line num="60" count="3" type="stmt"/>
        <line num="62" count="2" type="stmt"/>
        <line num="69" count="4" type="stmt"/>
        <line num="70" count="4" type="stmt"/>
        <line num="71" count="3" type="cond" truecount="2" falsecount="0"/>
        <line num="72" count="1" type="stmt"/>
        <line num="74" count="2" type="stmt"/>
        <line num="76" count="1" type="stmt"/>
        <line num="84" count="0" type="stmt"/>
        <line num="91" count="3" type="stmt"/>
        <line num="92" count="3" type="cond" truecount="2" falsecount="0"/>
        <line num="93" count="1" type="stmt"/>
        <line num="96" count="2" type="cond" truecount="2" falsecount="0"/>
        <line num="97" count="1" type="stmt"/>
        <line num="100" count="1" type="cond" truecount="1" falsecount="1"/>
        <line num="101" count="0" type="stmt"/>
        <line num="104" count="1" type="stmt"/>
        <line num="111" count="3" type="stmt"/>
        <line num="112" count="3" type="cond" truecount="2" falsecount="0"/>
        <line num="113" count="1" type="stmt"/>
        <line num="116" count="2" type="cond" truecount="2" falsecount="0"/>
        <line num="117" count="1" type="stmt"/>
        <line num="120" count="1" type="cond" truecount="1" falsecount="1"/>
        <line num="121" count="0" type="stmt"/>
        <line num="124" count="1" type="stmt"/>
        <line num="131" count="3" type="stmt"/>
        <line num="132" count="3" type="cond" truecount="2" falsecount="0"/>
        <line num="133" count="1" type="stmt"/>
        <line num="138" count="2" type="stmt"/>
        <line num="148" count="3" type="cond" truecount="2" falsecount="0"/>
        <line num="149" count="1" type="stmt"/>
        <line num="154" count="2" type="stmt"/>
        <line num="164" count="6" type="stmt"/>
        <line num="165" count="9" type="stmt"/>
        <line num="166" count="9" type="cond" truecount="2" falsecount="0"/>
        <line num="167" count="3" type="stmt"/>
        <line num="170" count="3" type="stmt"/>
        <line num="180" count="2" type="stmt"/>
        <line num="182" count="2" type="stmt"/>
        <line num="183" count="4" type="stmt"/>
        <line num="184" count="4" type="cond" truecount="1" falsecount="1"/>
        <line num="185" count="4" type="stmt"/>
        <line num="187" count="0" type="stmt"/>
        <line num="191" count="2" type="stmt"/>
        <line num="198" count="4" type="stmt"/>
        <line num="205" count="2" type="stmt"/>
        <line num="206" count="3" type="cond" truecount="4" falsecount="0"/>
        <line num="207" count="1" type="stmt"/>
        <line num="210" count="1" type="stmt"/>
        <line num="216" count="1" type="stmt"/>
        <line num="217" count="0" type="stmt"/>
        <line num="218" count="0" type="stmt"/>
        <line num="219" count="0" type="stmt"/>
        <line num="220" count="0" type="cond" truecount="0" falsecount="2"/>
        <line num="221" count="0" type="cond" truecount="0" falsecount="2"/>
        <line num="222" count="0" type="cond" truecount="0" falsecount="2"/>
      </file>
    </package>
  </project>
</coverage>
