{"total": {"lines":{"total":5365,"covered":4760,"skipped":0,"pct":88.72},"statements":{"total":5604,"covered":4943,"skipped":0,"pct":88.2},"functions":{"total":1384,"covered":1199,"skipped":0,"pct":86.63},"branches":{"total":4667,"covered":3726,"skipped":0,"pct":79.83},"branchesTrue":{"total":0,"covered":0,"skipped":0,"pct":100}}
,"C:\\Users\\derri\\projects\\resume-ai-app\\mobile\\src\\api\\base.ts": {"lines":{"total":84,"covered":84,"skipped":0,"pct":100},"functions":{"total":13,"covered":13,"skipped":0,"pct":100},"statements":{"total":88,"covered":88,"skipped":0,"pct":100},"branches":{"total":67,"covered":59,"skipped":0,"pct":88.05}}
,"C:\\Users\\derri\\projects\\resume-ai-app\\mobile\\src\\api\\client.ts": {"lines":{"total":544,"covered":536,"skipped":0,"pct":98.52},"functions":{"total":84,"covered":83,"skipped":0,"pct":98.8},"statements":{"total":547,"covered":538,"skipped":0,"pct":98.35},"branches":{"total":149,"covered":114,"skipped":0,"pct":76.51}}
,"C:\\Users\\derri\\projects\\resume-ai-app\\mobile\\src\\api\\index.ts": {"lines":{"total":1,"covered":1,"skipped":0,"pct":100},"functions":{"total":0,"covered":0,"skipped":0,"pct":100},"statements":{"total":1,"covered":1,"skipped":0,"pct":100},"branches":{"total":0,"covered":0,"skipped":0,"pct":100}}
,"C:\\Users\\derri\\projects\\resume-ai-app\\mobile\\src\\api\\interviewApi.ts": {"lines":{"total":25,"covered":25,"skipped":0,"pct":100},"functions":{"total":18,"covered":18,"skipped":0,"pct":100},"statements":{"total":25,"covered":25,"skipped":0,"pct":100},"branches":{"total":9,"covered":7,"skipped":0,"pct":77.77}}
,"C:\\Users\\derri\\projects\\resume-ai-app\\mobile\\src\\api\\resumeApi.ts": {"lines":{"total":12,"covered":12,"skipped":0,"pct":100},"functions":{"total":5,"covered":5,"skipped":0,"pct":100},"statements":{"total":12,"covered":12,"skipped":0,"pct":100},"branches":{"total":4,"covered":4,"skipped":0,"pct":100}}
,"C:\\Users\\derri\\projects\\resume-ai-app\\mobile\\src\\api\\tailorApi.ts": {"lines":{"total":26,"covered":26,"skipped":0,"pct":100},"functions":{"total":8,"covered":8,"skipped":0,"pct":100},"statements":{"total":26,"covered":26,"skipped":0,"pct":100},"branches":{"total":19,"covered":18,"skipped":0,"pct":94.73}}
,"C:\\Users\\derri\\projects\\resume-ai-app\\mobile\\src\\components\\BehavioralTechnicalQuestions.tsx": {"lines":{"total":58,"covered":44,"skipped":0,"pct":75.86},"functions":{"total":14,"covered":7,"skipped":0,"pct":50},"statements":{"total":61,"covered":44,"skipped":0,"pct":72.13},"branches":{"total":78,"covered":53,"skipped":0,"pct":67.94}}
,"C:\\Users\\derri\\projects\\resume-ai-app\\mobile\\src\\components\\CareerPathCertifications.tsx": {"lines":{"total":49,"covered":43,"skipped":0,"pct":87.75},"functions":{"total":17,"covered":16,"skipped":0,"pct":94.11},"statements":{"total":49,"covered":43,"skipped":0,"pct":87.75},"branches":{"total":69,"covered":64,"skipped":0,"pct":92.75}}
,"C:\\Users\\derri\\projects\\resume-ai-app\\mobile\\src\\components\\CareerPlanResults.tsx": {"lines":{"total":74,"covered":74,"skipped":0,"pct":100},"functions":{"total":26,"covered":26,"skipped":0,"pct":100},"statements":{"total":74,"covered":74,"skipped":0,"pct":100},"branches":{"total":116,"covered":116,"skipped":0,"pct":100}}
,"C:\\Users\\derri\\projects\\resume-ai-app\\mobile\\src\\components\\CertificationRecommendations.tsx": {"lines":{"total":69,"covered":48,"skipped":0,"pct":69.56},"functions":{"total":21,"covered":11,"skipped":0,"pct":52.38},"statements":{"total":75,"covered":50,"skipped":0,"pct":66.66},"branches":{"total":75,"covered":47,"skipped":0,"pct":62.66}}
,"C:\\Users\\derri\\projects\\resume-ai-app\\mobile\\src\\components\\ChangeExplanation.tsx": {"lines":{"total":27,"covered":24,"skipped":0,"pct":88.88},"functions":{"total":7,"covered":7,"skipped":0,"pct":100},"statements":{"total":27,"covered":24,"skipped":0,"pct":88.88},"branches":{"total":27,"covered":24,"skipped":0,"pct":88.88}}
,"C:\\Users\\derri\\projects\\resume-ai-app\\mobile\\src\\components\\CommonInterviewQuestions.tsx": {"lines":{"total":42,"covered":28,"skipped":0,"pct":66.66},"functions":{"total":11,"covered":4,"skipped":0,"pct":36.36},"statements":{"total":44,"covered":28,"skipped":0,"pct":63.63},"branches":{"total":33,"covered":24,"skipped":0,"pct":72.72}}
,"C:\\Users\\derri\\projects\\resume-ai-app\\mobile\\src\\components\\EditableResumeCard.tsx": {"lines":{"total":13,"covered":13,"skipped":0,"pct":100},"functions":{"total":4,"covered":4,"skipped":0,"pct":100},"statements":{"total":13,"covered":13,"skipped":0,"pct":100},"branches":{"total":10,"covered":10,"skipped":0,"pct":100}}
,"C:\\Users\\derri\\projects\\resume-ai-app\\mobile\\src\\components\\EditableSkillsList.tsx": {"lines":{"total":30,"covered":30,"skipped":0,"pct":100},"functions":{"total":13,"covered":13,"skipped":0,"pct":100},"statements":{"total":32,"covered":32,"skipped":0,"pct":100},"branches":{"total":12,"covered":12,"skipped":0,"pct":100}}
,"C:\\Users\\derri\\projects\\resume-ai-app\\mobile\\src\\components\\EmptyState.tsx": {"lines":{"total":12,"covered":12,"skipped":0,"pct":100},"functions":{"total":10,"covered":10,"skipped":0,"pct":100},"statements":{"total":12,"covered":12,"skipped":0,"pct":100},"branches":{"total":10,"covered":9,"skipped":0,"pct":90}}
,"C:\\Users\\derri\\projects\\resume-ai-app\\mobile\\src\\components\\ErrorBoundary.tsx": {"lines":{"total":72,"covered":72,"skipped":0,"pct":100},"functions":{"total":17,"covered":17,"skipped":0,"pct":100},"statements":{"total":73,"covered":73,"skipped":0,"pct":100},"branches":{"total":66,"covered":66,"skipped":0,"pct":100}}
,"C:\\Users\\derri\\projects\\resume-ai-app\\mobile\\src\\components\\KeywordPanel.tsx": {"lines":{"total":44,"covered":36,"skipped":0,"pct":81.81},"functions":{"total":14,"covered":10,"skipped":0,"pct":71.42},"statements":{"total":46,"covered":36,"skipped":0,"pct":78.26},"branches":{"total":47,"covered":34,"skipped":0,"pct":72.34}}
,"C:\\Users\\derri\\projects\\resume-ai-app\\mobile\\src\\components\\MatchScore.tsx": {"lines":{"total":36,"covered":33,"skipped":0,"pct":91.66},"functions":{"total":10,"covered":10,"skipped":0,"pct":100},"statements":{"total":44,"covered":38,"skipped":0,"pct":86.36},"branches":{"total":39,"covered":33,"skipped":0,"pct":84.61}}
,"C:\\Users\\derri\\projects\\resume-ai-app\\mobile\\src\\components\\OfflineIndicator.tsx": {"lines":{"total":35,"covered":35,"skipped":0,"pct":100},"functions":{"total":7,"covered":7,"skipped":0,"pct":100},"statements":{"total":35,"covered":35,"skipped":0,"pct":100},"branches":{"total":46,"covered":41,"skipped":0,"pct":89.13}}
,"C:\\Users\\derri\\projects\\resume-ai-app\\mobile\\src\\components\\OnboardingTour.tsx": {"lines":{"total":79,"covered":79,"skipped":0,"pct":100},"functions":{"total":22,"covered":22,"skipped":0,"pct":100},"statements":{"total":83,"covered":83,"skipped":0,"pct":100},"branches":{"total":35,"covered":34,"skipped":0,"pct":97.14}}
,"C:\\Users\\derri\\projects\\resume-ai-app\\mobile\\src\\components\\PracticeQuestions.tsx": {"lines":{"total":18,"covered":17,"skipped":0,"pct":94.44},"functions":{"total":5,"covered":4,"skipped":0,"pct":80},"statements":{"total":18,"covered":17,"skipped":0,"pct":94.44},"branches":{"total":16,"covered":13,"skipped":0,"pct":81.25}}
,"C:\\Users\\derri\\projects\\resume-ai-app\\mobile\\src\\components\\PracticeSession.tsx": {"lines":{"total":57,"covered":36,"skipped":0,"pct":63.15},"functions":{"total":13,"covered":9,"skipped":0,"pct":69.23},"statements":{"total":60,"covered":37,"skipped":0,"pct":61.66},"branches":{"total":54,"covered":26,"skipped":0,"pct":48.14}}
,"C:\\Users\\derri\\projects\\resume-ai-app\\mobile\\src\\components\\ProgressIndicator.tsx": {"lines":{"total":25,"covered":25,"skipped":0,"pct":100},"functions":{"total":6,"covered":5,"skipped":0,"pct":83.33},"statements":{"total":29,"covered":28,"skipped":0,"pct":96.55},"branches":{"total":31,"covered":31,"skipped":0,"pct":100}}
,"C:\\Users\\derri\\projects\\resume-ai-app\\mobile\\src\\components\\ProgressStepper.tsx": {"lines":{"total":49,"covered":49,"skipped":0,"pct":100},"functions":{"total":19,"covered":19,"skipped":0,"pct":100},"statements":{"total":54,"covered":54,"skipped":0,"pct":100},"branches":{"total":101,"covered":101,"skipped":0,"pct":100}}
,"C:\\Users\\derri\\projects\\resume-ai-app\\mobile\\src\\components\\ResumeAnalysis.tsx": {"lines":{"total":44,"covered":41,"skipped":0,"pct":93.18},"functions":{"total":11,"covered":11,"skipped":0,"pct":100},"statements":{"total":44,"covered":41,"skipped":0,"pct":93.18},"branches":{"total":45,"covered":42,"skipped":0,"pct":93.33}}
,"C:\\Users\\derri\\projects\\resume-ai-app\\mobile\\src\\components\\STARStoryBuilder.tsx": {"lines":{"total":57,"covered":57,"skipped":0,"pct":100},"functions":{"total":19,"covered":19,"skipped":0,"pct":100},"statements":{"total":59,"covered":59,"skipped":0,"pct":100},"branches":{"total":52,"covered":52,"skipped":0,"pct":100}}
,"C:\\Users\\derri\\projects\\resume-ai-app\\mobile\\src\\components\\SearchFilter.tsx": {"lines":{"total":101,"covered":101,"skipped":0,"pct":100},"functions":{"total":34,"covered":33,"skipped":0,"pct":97.05},"statements":{"total":105,"covered":104,"skipped":0,"pct":99.04},"branches":{"total":122,"covered":122,"skipped":0,"pct":100}}
,"C:\\Users\\derri\\projects\\resume-ai-app\\mobile\\src\\components\\SkeletonLoader.tsx": {"lines":{"total":31,"covered":31,"skipped":0,"pct":100},"functions":{"total":14,"covered":14,"skipped":0,"pct":100},"statements":{"total":31,"covered":31,"skipped":0,"pct":100},"branches":{"total":38,"covered":38,"skipped":0,"pct":100}}
,"C:\\Users\\derri\\projects\\resume-ai-app\\mobile\\src\\components\\ThemeToggle.tsx": {"lines":{"total":9,"covered":9,"skipped":0,"pct":100},"functions":{"total":2,"covered":2,"skipped":0,"pct":100},"statements":{"total":9,"covered":9,"skipped":0,"pct":100},"branches":{"total":8,"covered":8,"skipped":0,"pct":100}}
,"C:\\Users\\derri\\projects\\resume-ai-app\\mobile\\src\\components\\Toast.tsx": {"lines":{"total":44,"covered":39,"skipped":0,"pct":88.63},"functions":{"total":15,"covered":10,"skipped":0,"pct":66.66},"statements":{"total":47,"covered":41,"skipped":0,"pct":87.23},"branches":{"total":19,"covered":18,"skipped":0,"pct":94.73}}
,"C:\\Users\\derri\\projects\\resume-ai-app\\mobile\\src\\components\\UploadProgress.tsx": {"lines":{"total":34,"covered":33,"skipped":0,"pct":97.05},"functions":{"total":8,"covered":7,"skipped":0,"pct":87.5},"statements":{"total":37,"covered":35,"skipped":0,"pct":94.59},"branches":{"total":26,"covered":25,"skipped":0,"pct":96.15}}
,"C:\\Users\\derri\\projects\\resume-ai-app\\mobile\\src\\components\\ValidatedInput.tsx": {"lines":{"total":32,"covered":27,"skipped":0,"pct":84.37},"functions":{"total":7,"covered":6,"skipped":0,"pct":85.71},"statements":{"total":34,"covered":29,"skipped":0,"pct":85.29},"branches":{"total":64,"covered":53,"skipped":0,"pct":82.81}}
,"C:\\Users\\derri\\projects\\resume-ai-app\\mobile\\src\\components\\VideoRecorder.tsx": {"lines":{"total":27,"covered":18,"skipped":0,"pct":66.66},"functions":{"total":9,"covered":3,"skipped":0,"pct":33.33},"statements":{"total":27,"covered":18,"skipped":0,"pct":66.66},"branches":{"total":31,"covered":13,"skipped":0,"pct":41.93}}
,"C:\\Users\\derri\\projects\\resume-ai-app\\mobile\\src\\components\\index.ts": {"lines":{"total":0,"covered":0,"skipped":0,"pct":100},"functions":{"total":0,"covered":0,"skipped":0,"pct":100},"statements":{"total":0,"covered":0,"skipped":0,"pct":100},"branches":{"total":0,"covered":0,"skipped":0,"pct":100}}
,"C:\\Users\\derri\\projects\\resume-ai-app\\mobile\\src\\components\\glass\\BackgroundLayer.tsx": {"lines":{"total":40,"covered":40,"skipped":0,"pct":100},"functions":{"total":9,"covered":9,"skipped":0,"pct":100},"statements":{"total":41,"covered":41,"skipped":0,"pct":100},"branches":{"total":33,"covered":33,"skipped":0,"pct":100}}
,"C:\\Users\\derri\\projects\\resume-ai-app\\mobile\\src\\components\\glass\\BackgroundSelector.tsx": {"lines":{"total":53,"covered":53,"skipped":0,"pct":100},"functions":{"total":14,"covered":14,"skipped":0,"pct":100},"statements":{"total":53,"covered":53,"skipped":0,"pct":100},"branches":{"total":85,"covered":83,"skipped":0,"pct":97.64}}
,"C:\\Users\\derri\\projects\\resume-ai-app\\mobile\\src\\components\\glass\\GlassButton.tsx": {"lines":{"total":37,"covered":28,"skipped":0,"pct":75.67},"functions":{"total":6,"covered":2,"skipped":0,"pct":33.33},"statements":{"total":38,"covered":28,"skipped":0,"pct":73.68},"branches":{"total":76,"covered":59,"skipped":0,"pct":77.63}}
,"C:\\Users\\derri\\projects\\resume-ai-app\\mobile\\src\\components\\glass\\GlassCard.tsx": {"lines":{"total":15,"covered":15,"skipped":0,"pct":100},"functions":{"total":1,"covered":1,"skipped":0,"pct":100},"statements":{"total":15,"covered":15,"skipped":0,"pct":100},"branches":{"total":34,"covered":34,"skipped":0,"pct":100}}
,"C:\\Users\\derri\\projects\\resume-ai-app\\mobile\\src\\components\\glass\\GlassContainer.tsx": {"lines":{"total":9,"covered":9,"skipped":0,"pct":100},"functions":{"total":1,"covered":1,"skipped":0,"pct":100},"statements":{"total":9,"covered":9,"skipped":0,"pct":100},"branches":{"total":13,"covered":13,"skipped":0,"pct":100}}
,"C:\\Users\\derri\\projects\\resume-ai-app\\mobile\\src\\components\\glass\\GlassTabBar.tsx": {"lines":{"total":35,"covered":35,"skipped":0,"pct":100},"functions":{"total":9,"covered":9,"skipped":0,"pct":100},"statements":{"total":36,"covered":36,"skipped":0,"pct":100},"branches":{"total":49,"covered":48,"skipped":0,"pct":97.95}}
,"C:\\Users\\derri\\projects\\resume-ai-app\\mobile\\src\\components\\glass\\LiquidGlassWrapper.tsx": {"lines":{"total":20,"covered":15,"skipped":0,"pct":75},"functions":{"total":2,"covered":2,"skipped":0,"pct":100},"statements":{"total":20,"covered":15,"skipped":0,"pct":75},"branches":{"total":4,"covered":2,"skipped":0,"pct":50}}
,"C:\\Users\\derri\\projects\\resume-ai-app\\mobile\\src\\components\\glass\\index.ts": {"lines":{"total":0,"covered":0,"skipped":0,"pct":100},"functions":{"total":0,"covered":0,"skipped":0,"pct":100},"statements":{"total":0,"covered":0,"skipped":0,"pct":100},"branches":{"total":0,"covered":0,"skipped":0,"pct":100}}
,"C:\\Users\\derri\\projects\\resume-ai-app\\mobile\\src\\components\\interviewPrep\\CompanyResearchCard.tsx": {"lines":{"total":25,"covered":17,"skipped":0,"pct":68},"functions":{"total":11,"covered":3,"skipped":0,"pct":27.27},"statements":{"total":29,"covered":21,"skipped":0,"pct":72.41},"branches":{"total":52,"covered":37,"skipped":0,"pct":71.15}}
,"C:\\Users\\derri\\projects\\resume-ai-app\\mobile\\src\\components\\interviewPrep\\CompetitiveIntelligenceCard.tsx": {"lines":{"total":18,"covered":18,"skipped":0,"pct":100},"functions":{"total":10,"covered":10,"skipped":0,"pct":100},"statements":{"total":18,"covered":18,"skipped":0,"pct":100},"branches":{"total":38,"covered":38,"skipped":0,"pct":100}}
,"C:\\Users\\derri\\projects\\resume-ai-app\\mobile\\src\\components\\interviewPrep\\ExecutiveInsightsCard.tsx": {"lines":{"total":19,"covered":19,"skipped":0,"pct":100},"functions":{"total":11,"covered":11,"skipped":0,"pct":100},"statements":{"total":19,"covered":19,"skipped":0,"pct":100},"branches":{"total":40,"covered":40,"skipped":0,"pct":100}}
,"C:\\Users\\derri\\projects\\resume-ai-app\\mobile\\src\\components\\interviewPrep\\InterviewStrategyCard.tsx": {"lines":{"total":19,"covered":19,"skipped":0,"pct":100},"functions":{"total":11,"covered":11,"skipped":0,"pct":100},"statements":{"total":19,"covered":19,"skipped":0,"pct":100},"branches":{"total":40,"covered":40,"skipped":0,"pct":100}}
,"C:\\Users\\derri\\projects\\resume-ai-app\\mobile\\src\\components\\interviewPrep\\ReadinessScoreCard.tsx": {"lines":{"total":15,"covered":15,"skipped":0,"pct":100},"functions":{"total":5,"covered":5,"skipped":0,"pct":100},"statements":{"total":17,"covered":17,"skipped":0,"pct":100},"branches":{"total":19,"covered":19,"skipped":0,"pct":100}}
,"C:\\Users\\derri\\projects\\resume-ai-app\\mobile\\src\\components\\interviewPrep\\SharedComponents.tsx": {"lines":{"total":19,"covered":19,"skipped":0,"pct":100},"functions":{"total":6,"covered":6,"skipped":0,"pct":100},"statements":{"total":19,"covered":19,"skipped":0,"pct":100},"branches":{"total":30,"covered":30,"skipped":0,"pct":100}}
,"C:\\Users\\derri\\projects\\resume-ai-app\\mobile\\src\\components\\interviewPrep\\StrategicNewsCard.tsx": {"lines":{"total":24,"covered":20,"skipped":0,"pct":83.33},"functions":{"total":6,"covered":3,"skipped":0,"pct":50},"statements":{"total":28,"covered":22,"skipped":0,"pct":78.57},"branches":{"total":32,"covered":18,"skipped":0,"pct":56.25}}
,"C:\\Users\\derri\\projects\\resume-ai-app\\mobile\\src\\components\\interviewPrep\\ValuesAlignmentCard.tsx": {"lines":{"total":14,"covered":14,"skipped":0,"pct":100},"functions":{"total":4,"covered":4,"skipped":0,"pct":100},"statements":{"total":16,"covered":16,"skipped":0,"pct":100},"branches":{"total":26,"covered":26,"skipped":0,"pct":100}}
,"C:\\Users\\derri\\projects\\resume-ai-app\\mobile\\src\\components\\interviewPrep\\index.ts": {"lines":{"total":0,"covered":0,"skipped":0,"pct":100},"functions":{"total":0,"covered":0,"skipped":0,"pct":100},"statements":{"total":0,"covered":0,"skipped":0,"pct":100},"branches":{"total":0,"covered":0,"skipped":0,"pct":100}}
,"C:\\Users\\derri\\projects\\resume-ai-app\\mobile\\src\\components\\interviewPrep\\types.ts": {"lines":{"total":0,"covered":0,"skipped":0,"pct":100},"functions":{"total":0,"covered":0,"skipped":0,"pct":100},"statements":{"total":0,"covered":0,"skipped":0,"pct":100},"branches":{"total":0,"covered":0,"skipped":0,"pct":100}}
,"C:\\Users\\derri\\projects\\resume-ai-app\\mobile\\src\\components\\patterns\\PatternBackground.tsx": {"lines":{"total":375,"covered":375,"skipped":0,"pct":100},"functions":{"total":35,"covered":35,"skipped":0,"pct":100},"statements":{"total":417,"covered":417,"skipped":0,"pct":100},"branches":{"total":79,"covered":79,"skipped":0,"pct":100}}
,"C:\\Users\\derri\\projects\\resume-ai-app\\mobile\\src\\components\\patterns\\index.ts": {"lines":{"total":0,"covered":0,"skipped":0,"pct":100},"functions":{"total":0,"covered":0,"skipped":0,"pct":100},"statements":{"total":0,"covered":0,"skipped":0,"pct":100},"branches":{"total":0,"covered":0,"skipped":0,"pct":100}}
,"C:\\Users\\derri\\projects\\resume-ai-app\\mobile\\src\\constants\\backgrounds.ts": {"lines":{"total":5,"covered":5,"skipped":0,"pct":100},"functions":{"total":4,"covered":4,"skipped":0,"pct":100},"statements":{"total":7,"covered":7,"skipped":0,"pct":100},"branches":{"total":0,"covered":0,"skipped":0,"pct":100}}
,"C:\\Users\\derri\\projects\\resume-ai-app\\mobile\\src\\context\\ThemeContext.tsx": {"lines":{"total":67,"covered":67,"skipped":0,"pct":100},"functions":{"total":20,"covered":20,"skipped":0,"pct":100},"statements":{"total":67,"covered":67,"skipped":0,"pct":100},"branches":{"total":24,"covered":24,"skipped":0,"pct":100}}
,"C:\\Users\\derri\\projects\\resume-ai-app\\mobile\\src\\hooks\\useNetwork.ts": {"lines":{"total":28,"covered":28,"skipped":0,"pct":100},"functions":{"total":10,"covered":10,"skipped":0,"pct":100},"statements":{"total":28,"covered":28,"skipped":0,"pct":100},"branches":{"total":0,"covered":0,"skipped":0,"pct":100}}
,"C:\\Users\\derri\\projects\\resume-ai-app\\mobile\\src\\hooks\\useTheme.ts": {"lines":{"total":0,"covered":0,"skipped":0,"pct":100},"functions":{"total":0,"covered":0,"skipped":0,"pct":100},"statements":{"total":0,"covered":0,"skipped":0,"pct":100},"branches":{"total":0,"covered":0,"skipped":0,"pct":100}}
,"C:\\Users\\derri\\projects\\resume-ai-app\\mobile\\src\\navigation\\AppNavigator.tsx": {"lines":{"total":27,"covered":9,"skipped":0,"pct":33.33},"functions":{"total":16,"covered":0,"skipped":0,"pct":0},"statements":{"total":27,"covered":9,"skipped":0,"pct":33.33},"branches":{"total":4,"covered":0,"skipped":0,"pct":0}}
,"C:\\Users\\derri\\projects\\resume-ai-app\\mobile\\src\\screens\\BatchTailorScreen.tsx": {"lines":{"total":80,"covered":74,"skipped":0,"pct":92.5},"functions":{"total":32,"covered":28,"skipped":0,"pct":87.5},"statements":{"total":91,"covered":84,"skipped":0,"pct":92.3},"branches":{"total":75,"covered":60,"skipped":0,"pct":80}}
,"C:\\Users\\derri\\projects\\resume-ai-app\\mobile\\src\\screens\\BehavioralTechnicalQuestionsScreen.tsx": {"lines":{"total":142,"covered":142,"skipped":0,"pct":100},"functions":{"total":44,"covered":44,"skipped":0,"pct":100},"statements":{"total":147,"covered":146,"skipped":0,"pct":99.31},"branches":{"total":142,"covered":138,"skipped":0,"pct":97.18}}
,"C:\\Users\\derri\\projects\\resume-ai-app\\mobile\\src\\screens\\CareerPathDesignerScreen.tsx": {"lines":{"total":340,"covered":0,"skipped":0,"pct":0},"functions":{"total":73,"covered":0,"skipped":0,"pct":0},"statements":{"total":357,"covered":0,"skipped":0,"pct":0},"branches":{"total":456,"covered":0,"skipped":0,"pct":0}}
,"C:\\Users\\derri\\projects\\resume-ai-app\\mobile\\src\\screens\\CertificationsScreen.tsx": {"lines":{"total":89,"covered":88,"skipped":0,"pct":98.87},"functions":{"total":23,"covered":23,"skipped":0,"pct":100},"statements":{"total":102,"covered":101,"skipped":0,"pct":99.01},"branches":{"total":105,"covered":104,"skipped":0,"pct":99.04}}
,"C:\\Users\\derri\\projects\\resume-ai-app\\mobile\\src\\screens\\CommonQuestionsScreen.tsx": {"lines":{"total":87,"covered":87,"skipped":0,"pct":100},"functions":{"total":28,"covered":28,"skipped":0,"pct":100},"statements":{"total":92,"covered":92,"skipped":0,"pct":100},"branches":{"total":75,"covered":72,"skipped":0,"pct":96}}
,"C:\\Users\\derri\\projects\\resume-ai-app\\mobile\\src\\screens\\HomeScreen.tsx": {"lines":{"total":66,"covered":66,"skipped":0,"pct":100},"functions":{"total":28,"covered":28,"skipped":0,"pct":100},"statements":{"total":70,"covered":70,"skipped":0,"pct":100},"branches":{"total":59,"covered":59,"skipped":0,"pct":100}}
,"C:\\Users\\derri\\projects\\resume-ai-app\\mobile\\src\\screens\\InterviewPrepListScreen.tsx": {"lines":{"total":36,"covered":36,"skipped":0,"pct":100},"functions":{"total":10,"covered":10,"skipped":0,"pct":100},"statements":{"total":36,"covered":36,"skipped":0,"pct":100},"branches":{"total":14,"covered":14,"skipped":0,"pct":100}}
,"C:\\Users\\derri\\projects\\resume-ai-app\\mobile\\src\\screens\\InterviewPrepScreen.tsx": {"lines":{"total":95,"covered":82,"skipped":0,"pct":86.31},"functions":{"total":41,"covered":36,"skipped":0,"pct":87.8},"statements":{"total":96,"covered":83,"skipped":0,"pct":86.45},"branches":{"total":208,"covered":178,"skipped":0,"pct":85.57}}
,"C:\\Users\\derri\\projects\\resume-ai-app\\mobile\\src\\screens\\PracticeQuestionsScreen.tsx": {"lines":{"total":174,"covered":173,"skipped":0,"pct":99.42},"functions":{"total":32,"covered":32,"skipped":0,"pct":100},"statements":{"total":176,"covered":174,"skipped":0,"pct":98.86},"branches":{"total":147,"covered":144,"skipped":0,"pct":97.95}}
,"C:\\Users\\derri\\projects\\resume-ai-app\\mobile\\src\\screens\\STARStoryBuilderScreen.tsx": {"lines":{"total":210,"covered":208,"skipped":0,"pct":99.04},"functions":{"total":56,"covered":56,"skipped":0,"pct":100},"statements":{"total":212,"covered":209,"skipped":0,"pct":98.58},"branches":{"total":264,"covered":222,"skipped":0,"pct":84.09}}
,"C:\\Users\\derri\\projects\\resume-ai-app\\mobile\\src\\screens\\SavedComparisonsScreen.tsx": {"lines":{"total":105,"covered":103,"skipped":0,"pct":98.09},"functions":{"total":30,"covered":30,"skipped":0,"pct":100},"statements":{"total":114,"covered":112,"skipped":0,"pct":98.24},"branches":{"total":74,"covered":64,"skipped":0,"pct":86.48}}
,"C:\\Users\\derri\\projects\\resume-ai-app\\mobile\\src\\screens\\SettingsScreen.tsx": {"lines":{"total":49,"covered":49,"skipped":0,"pct":100},"functions":{"total":17,"covered":17,"skipped":0,"pct":100},"statements":{"total":49,"covered":49,"skipped":0,"pct":100},"branches":{"total":24,"covered":24,"skipped":0,"pct":100}}
,"C:\\Users\\derri\\projects\\resume-ai-app\\mobile\\src\\screens\\StarStoriesScreen.tsx": {"lines":{"total":130,"covered":130,"skipped":0,"pct":100},"functions":{"total":42,"covered":42,"skipped":0,"pct":100},"statements":{"total":132,"covered":132,"skipped":0,"pct":100},"branches":{"total":139,"covered":133,"skipped":0,"pct":95.68}}
,"C:\\Users\\derri\\projects\\resume-ai-app\\mobile\\src\\screens\\TailorResumeScreen.tsx": {"lines":{"total":157,"covered":155,"skipped":0,"pct":98.72},"functions":{"total":34,"covered":34,"skipped":0,"pct":100},"statements":{"total":162,"covered":156,"skipped":0,"pct":96.29},"branches":{"total":226,"covered":200,"skipped":0,"pct":88.49}}
,"C:\\Users\\derri\\projects\\resume-ai-app\\mobile\\src\\screens\\UploadResumeScreen.tsx": {"lines":{"total":38,"covered":36,"skipped":0,"pct":94.73},"functions":{"total":6,"covered":6,"skipped":0,"pct":100},"statements":{"total":41,"covered":39,"skipped":0,"pct":95.12},"branches":{"total":26,"covered":25,"skipped":0,"pct":96.15}}
,"C:\\Users\\derri\\projects\\resume-ai-app\\mobile\\src\\screens\\InterviewPrep\\index.ts": {"lines":{"total":0,"covered":0,"skipped":0,"pct":100},"functions":{"total":0,"covered":0,"skipped":0,"pct":100},"statements":{"total":0,"covered":0,"skipped":0,"pct":100},"branches":{"total":0,"covered":0,"skipped":0,"pct":100}}
,"C:\\Users\\derri\\projects\\resume-ai-app\\mobile\\src\\screens\\InterviewPrep\\useInterviewPrepData.ts": {"lines":{"total":49,"covered":49,"skipped":0,"pct":100},"functions":{"total":12,"covered":12,"skipped":0,"pct":100},"statements":{"total":51,"covered":51,"skipped":0,"pct":100},"branches":{"total":28,"covered":27,"skipped":0,"pct":96.42}}
,"C:\\Users\\derri\\projects\\resume-ai-app\\mobile\\src\\store\\index.ts": {"lines":{"total":12,"covered":0,"skipped":0,"pct":0},"functions":{"total":2,"covered":0,"skipped":0,"pct":0},"statements":{"total":12,"covered":0,"skipped":0,"pct":0},"branches":{"total":0,"covered":0,"skipped":0,"pct":100}}
,"C:\\Users\\derri\\projects\\resume-ai-app\\mobile\\src\\store\\interviewStore.ts": {"lines":{"total":93,"covered":91,"skipped":0,"pct":97.84},"functions":{"total":22,"covered":22,"skipped":0,"pct":100},"statements":{"total":100,"covered":98,"skipped":0,"pct":98},"branches":{"total":77,"covered":53,"skipped":0,"pct":68.83}}
,"C:\\Users\\derri\\projects\\resume-ai-app\\mobile\\src\\store\\resumeStore.ts": {"lines":{"total":52,"covered":50,"skipped":0,"pct":96.15},"functions":{"total":13,"covered":13,"skipped":0,"pct":100},"statements":{"total":55,"covered":53,"skipped":0,"pct":96.36},"branches":{"total":39,"covered":27,"skipped":0,"pct":69.23}}
,"C:\\Users\\derri\\projects\\resume-ai-app\\mobile\\src\\store\\uiStore.ts": {"lines":{"total":26,"covered":25,"skipped":0,"pct":96.15},"functions":{"total":28,"covered":21,"skipped":0,"pct":75},"statements":{"total":39,"covered":32,"skipped":0,"pct":82.05},"branches":{"total":5,"covered":4,"skipped":0,"pct":80}}
,"C:\\Users\\derri\\projects\\resume-ai-app\\mobile\\src\\store\\userStore.ts": {"lines":{"total":17,"covered":17,"skipped":0,"pct":100},"functions":{"total":10,"covered":10,"skipped":0,"pct":100},"statements":{"total":18,"covered":18,"skipped":0,"pct":100},"branches":{"total":4,"covered":4,"skipped":0,"pct":100}}
,"C:\\Users\\derri\\projects\\resume-ai-app\\mobile\\src\\stores\\index.ts": {"lines":{"total":0,"covered":0,"skipped":0,"pct":100},"functions":{"total":0,"covered":0,"skipped":0,"pct":100},"statements":{"total":0,"covered":0,"skipped":0,"pct":100},"branches":{"total":0,"covered":0,"skipped":0,"pct":100}}
,"C:\\Users\\derri\\projects\\resume-ai-app\\mobile\\src\\stores\\interviewPrepStore.ts": {"lines":{"total":111,"covered":102,"skipped":0,"pct":91.89},"functions":{"total":22,"covered":21,"skipped":0,"pct":95.45},"statements":{"total":114,"covered":105,"skipped":0,"pct":92.1},"branches":{"total":50,"covered":42,"skipped":0,"pct":84}}
,"C:\\Users\\derri\\projects\\resume-ai-app\\mobile\\src\\stores\\resumeStore.ts": {"lines":{"total":49,"covered":49,"skipped":0,"pct":100},"functions":{"total":13,"covered":13,"skipped":0,"pct":100},"statements":{"total":52,"covered":52,"skipped":0,"pct":100},"branches":{"total":18,"covered":16,"skipped":0,"pct":88.88}}
,"C:\\Users\\derri\\projects\\resume-ai-app\\mobile\\src\\utils\\accessibility.ts": {"lines":{"total":6,"covered":6,"skipped":0,"pct":100},"functions":{"total":4,"covered":4,"skipped":0,"pct":100},"statements":{"total":8,"covered":8,"skipped":0,"pct":100},"branches":{"total":4,"covered":4,"skipped":0,"pct":100}}
,"C:\\Users\\derri\\projects\\resume-ai-app\\mobile\\src\\utils\\constants.ts": {"lines":{"total":13,"covered":13,"skipped":0,"pct":100},"functions":{"total":1,"covered":1,"skipped":0,"pct":100},"statements":{"total":13,"covered":13,"skipped":0,"pct":100},"branches":{"total":2,"covered":2,"skipped":0,"pct":100}}
,"C:\\Users\\derri\\projects\\resume-ai-app\\mobile\\src\\utils\\fileExport.ts": {"lines":{"total":86,"covered":86,"skipped":0,"pct":100},"functions":{"total":12,"covered":12,"skipped":0,"pct":100},"statements":{"total":88,"covered":88,"skipped":0,"pct":100},"branches":{"total":51,"covered":51,"skipped":0,"pct":100}}
,"C:\\Users\\derri\\projects\\resume-ai-app\\mobile\\src\\utils\\network.ts": {"lines":{"total":84,"covered":84,"skipped":0,"pct":100},"functions":{"total":24,"covered":24,"skipped":0,"pct":100},"statements":{"total":85,"covered":85,"skipped":0,"pct":100},"branches":{"total":39,"covered":39,"skipped":0,"pct":100}}
,"C:\\Users\\derri\\projects\\resume-ai-app\\mobile\\src\\utils\\security.ts": {"lines":{"total":78,"covered":60,"skipped":0,"pct":76.92},"functions":{"total":18,"covered":13,"skipped":0,"pct":72.22},"statements":{"total":80,"covered":61,"skipped":0,"pct":76.25},"branches":{"total":54,"covered":33,"skipped":0,"pct":61.11}}
,"C:\\Users\\derri\\projects\\resume-ai-app\\mobile\\src\\utils\\userSession.ts": {"lines":{"total":100,"covered":84,"skipped":0,"pct":84},"functions":{"total":12,"covered":12,"skipped":0,"pct":100},"statements":{"total":100,"covered":84,"skipped":0,"pct":84},"branches":{"total":22,"covered":19,"skipped":0,"pct":86.36}}
,"C:\\Users\\derri\\projects\\resume-ai-app\\mobile\\src\\utils\\validation.ts": {"lines":{"total":67,"covered":57,"skipped":0,"pct":85.07},"functions":{"total":21,"covered":14,"skipped":0,"pct":66.66},"statements":{"total":68,"covered":58,"skipped":0,"pct":85.29},"branches":{"total":44,"covered":34,"skipped":0,"pct":77.27}}
}
