{"C:\\Users\\derri\\projects\\resume-ai-app\\mobile\\src\\components\\BehavioralTechnicalQuestions.tsx": {"path":"C:\\Users\\derri\\projects\\resume-ai-app\\mobile\\src\\components\\BehavioralTechnicalQuestions.tsx","statementMap":{"0":{"start":{"line":60,"column":21},"end":{"line":60,"column":31}},"1":{"start":{"line":61,"column":32},"end":{"line":61,"column":47}},"2":{"start":{"line":62,"column":26},"end":{"line":62,"column":62}},"3":{"start":{"line":63,"column":28},"end":{"line":63,"column":57}},"4":{"start":{"line":64,"column":52},"end":{"line":64,"column":84}},"5":{"start":{"line":65,"column":38},"end":{"line":65,"column":67}},"6":{"start":{"line":66,"column":50},"end":{"line":66,"column":83}},"7":{"start":{"line":68,"column":25},"end":{"line":90,"column":3}},"8":{"start":{"line":69,"column":4},"end":{"line":69,"column":28}},"9":{"start":{"line":69,"column":21},"end":{"line":69,"column":28}},"10":{"start":{"line":71,"column":4},"end":{"line":71,"column":21}},"11":{"start":{"line":72,"column":4},"end":{"line":72,"column":19}},"12":{"start":{"line":74,"column":4},"end":{"line":89,"column":5}},"13":{"start":{"line":75,"column":21},"end":{"line":75,"column":39}},"14":{"start":{"line":76,"column":6},"end":{"line":84,"column":7}},"15":{"start":{"line":77,"column":8},"end":{"line":77,"column":24}},"16":{"start":{"line":80,"column":10},"end":{"line":80,"column":81}},"17":{"start":{"line":81,"column":8},"end":{"line":83,"column":9}},"18":{"start":{"line":82,"column":10},"end":{"line":82,"column":57}},"19":{"start":{"line":86,"column":6},"end":{"line":86,"column":62}},"20":{"start":{"line":88,"column":6},"end":{"line":88,"column":24}},"21":{"start":{"line":92,"column":23},"end":{"line":100,"column":3}},"22":{"start":{"line":93,"column":19},"end":{"line":93,"column":45}},"23":{"start":{"line":94,"column":4},"end":{"line":98,"column":5}},"24":{"start":{"line":95,"column":6},"end":{"line":95,"column":32}},"25":{"start":{"line":97,"column":6},"end":{"line":97,"column":29}},"26":{"start":{"line":99,"column":4},"end":{"line":99,"column":33}},"27":{"start":{"line":102,"column":29},"end":{"line":113,"column":3}},"28":{"start":{"line":103,"column":4},"end":{"line":112,"column":5}},"29":{"start":{"line":105,"column":8},"end":{"line":105,"column":30}},"30":{"start":{"line":107,"column":8},"end":{"line":107,"column":30}},"31":{"start":{"line":109,"column":8},"end":{"line":109,"column":29}},"32":{"start":{"line":111,"column":8},"end":{"line":111,"column":36}},"33":{"start":{"line":115,"column":31},"end":{"line":132,"column":3}},"34":{"start":{"line":116,"column":4},"end":{"line":116,"column":25}},"35":{"start":{"line":116,"column":15},"end":{"line":116,"column":25}},"36":{"start":{"line":118,"column":32},"end":{"line":118,"column":34}},"37":{"start":{"line":120,"column":4},"end":{"line":122,"column":5}},"38":{"start":{"line":121,"column":6},"end":{"line":121,"column":62}},"39":{"start":{"line":123,"column":4},"end":{"line":125,"column":5}},"40":{"start":{"line":124,"column":6},"end":{"line":124,"column":61}},"41":{"start":{"line":127,"column":4},"end":{"line":129,"column":5}},"42":{"start":{"line":128,"column":6},"end":{"line":128,"column":77}},"43":{"start":{"line":128,"column":42},"end":{"line":128,"column":75}},"44":{"start":{"line":131,"column":4},"end":{"line":131,"column":21}},"45":{"start":{"line":134,"column":2},"end":{"line":168,"column":3}},"46":{"start":{"line":135,"column":4},"end":{"line":167,"column":6}},"47":{"start":{"line":170,"column":2},"end":{"line":179,"column":3}},"48":{"start":{"line":171,"column":4},"end":{"line":178,"column":6}},"49":{"start":{"line":181,"column":28},"end":{"line":181,"column":50}},"50":{"start":{"line":183,"column":2},"end":{"line":422,"column":4}},"51":{"start":{"line":191,"column":12},"end":{"line":217,"column":31}},"52":{"start":{"line":193,"column":29},"end":{"line":193,"column":48}},"53":{"start":{"line":225,"column":12},"end":{"line":256,"column":31}},"54":{"start":{"line":227,"column":29},"end":{"line":227,"column":54}},"55":{"start":{"line":263,"column":27},"end":{"line":263,"column":61}},"56":{"start":{"line":265,"column":8},"end":{"line":411,"column":10}},"57":{"start":{"line":269,"column":29},"end":{"line":269,"column":54}},"58":{"start":{"line":382,"column":22},"end":{"line":387,"column":29}},"59":{"start":{"line":399,"column":22},"end":{"line":404,"column":29}},"60":{"start":{"line":425,"column":15},"end":{"line":609,"column":2}}},"fnMap":{"0":{"name":"BehavioralTechnicalQuestions","decl":{"start":{"line":54,"column":24},"end":{"line":54,"column":52}},"loc":{"start":{"line":59,"column":10},"end":{"line":423,"column":1}},"line":59},"1":{"name":"(anonymous_1)","decl":{"start":{"line":68,"column":25},"end":{"line":68,"column":26}},"loc":{"start":{"line":68,"column":37},"end":{"line":90,"column":3}},"line":68},"2":{"name":"(anonymous_2)","decl":{"start":{"line":92,"column":23},"end":{"line":92,"column":24}},"loc":{"start":{"line":92,"column":47},"end":{"line":100,"column":3}},"line":92},"3":{"name":"(anonymous_3)","decl":{"start":{"line":102,"column":29},"end":{"line":102,"column":30}},"loc":{"start":{"line":102,"column":53},"end":{"line":113,"column":3}},"line":102},"4":{"name":"(anonymous_4)","decl":{"start":{"line":115,"column":31},"end":{"line":115,"column":32}},"loc":{"start":{"line":115,"column":49},"end":{"line":132,"column":3}},"line":115},"5":{"name":"(anonymous_5)","decl":{"start":{"line":128,"column":35},"end":{"line":128,"column":36}},"loc":{"start":{"line":128,"column":42},"end":{"line":128,"column":75}},"line":128},"6":{"name":"(anonymous_6)","decl":{"start":{"line":190,"column":70},"end":{"line":190,"column":71}},"loc":{"start":{"line":191,"column":12},"end":{"line":217,"column":31}},"line":191},"7":{"name":"(anonymous_7)","decl":{"start":{"line":193,"column":23},"end":{"line":193,"column":24}},"loc":{"start":{"line":193,"column":29},"end":{"line":193,"column":48}},"line":193},"8":{"name":"(anonymous_8)","decl":{"start":{"line":224,"column":73},"end":{"line":224,"column":74}},"loc":{"start":{"line":225,"column":12},"end":{"line":256,"column":31}},"line":225},"9":{"name":"(anonymous_9)","decl":{"start":{"line":227,"column":23},"end":{"line":227,"column":24}},"loc":{"start":{"line":227,"column":29},"end":{"line":227,"column":54}},"line":227},"10":{"name":"(anonymous_10)","decl":{"start":{"line":262,"column":29},"end":{"line":262,"column":30}},"loc":{"start":{"line":262,"column":50},"end":{"line":412,"column":7}},"line":262},"11":{"name":"(anonymous_11)","decl":{"start":{"line":269,"column":23},"end":{"line":269,"column":24}},"loc":{"start":{"line":269,"column":29},"end":{"line":269,"column":54}},"line":269},"12":{"name":"(anonymous_12)","decl":{"start":{"line":381,"column":39},"end":{"line":381,"column":40}},"loc":{"start":{"line":382,"column":22},"end":{"line":387,"column":29}},"line":382},"13":{"name":"(anonymous_13)","decl":{"start":{"line":398,"column":45},"end":{"line":398,"column":46}},"loc":{"start":{"line":399,"column":22},"end":{"line":404,"column":29}},"line":399}},"branchMap":{"0":{"loc":{"start":{"line":69,"column":4},"end":{"line":69,"column":28}},"type":"if","locations":[{"start":{"line":69,"column":4},"end":{"line":69,"column":28}},{"start":{},"end":{}}],"line":69},"1":{"loc":{"start":{"line":76,"column":6},"end":{"line":84,"column":7}},"type":"if","locations":[{"start":{"line":76,"column":6},"end":{"line":84,"column":7}},{"start":{},"end":{}}],"line":76},"2":{"loc":{"start":{"line":80,"column":10},"end":{"line":80,"column":81}},"type":"binary-expr","locations":[{"start":{"line":80,"column":10},"end":{"line":80,"column":44}},{"start":{"line":80,"column":48},"end":{"line":80,"column":81}}],"line":80},"3":{"loc":{"start":{"line":81,"column":8},"end":{"line":83,"column":9}},"type":"if","locations":[{"start":{"line":81,"column":8},"end":{"line":83,"column":9}},{"start":{},"end":{}}],"line":81},"4":{"loc":{"start":{"line":86,"column":15},"end":{"line":86,"column":60}},"type":"binary-expr","locations":[{"start":{"line":86,"column":15},"end":{"line":86,"column":26}},{"start":{"line":86,"column":30},"end":{"line":86,"column":60}}],"line":86},"5":{"loc":{"start":{"line":94,"column":4},"end":{"line":98,"column":5}},"type":"if","locations":[{"start":{"line":94,"column":4},"end":{"line":98,"column":5}},{"start":{"line":96,"column":11},"end":{"line":98,"column":5}}],"line":94},"6":{"loc":{"start":{"line":103,"column":4},"end":{"line":112,"column":5}},"type":"switch","locations":[{"start":{"line":104,"column":6},"end":{"line":105,"column":30}},{"start":{"line":106,"column":6},"end":{"line":107,"column":30}},{"start":{"line":108,"column":6},"end":{"line":109,"column":29}},{"start":{"line":110,"column":6},"end":{"line":111,"column":36}}],"line":103},"7":{"loc":{"start":{"line":116,"column":4},"end":{"line":116,"column":25}},"type":"if","locations":[{"start":{"line":116,"column":4},"end":{"line":116,"column":25}},{"start":{},"end":{}}],"line":116},"8":{"loc":{"start":{"line":120,"column":4},"end":{"line":122,"column":5}},"type":"if","locations":[{"start":{"line":120,"column":4},"end":{"line":122,"column":5}},{"start":{},"end":{}}],"line":120},"9":{"loc":{"start":{"line":120,"column":8},"end":{"line":120,"column":59}},"type":"binary-expr","locations":[{"start":{"line":120,"column":8},"end":{"line":120,"column":28}},{"start":{"line":120,"column":32},"end":{"line":120,"column":59}}],"line":120},"10":{"loc":{"start":{"line":123,"column":4},"end":{"line":125,"column":5}},"type":"if","locations":[{"start":{"line":123,"column":4},"end":{"line":125,"column":5}},{"start":{},"end":{}}],"line":123},"11":{"loc":{"start":{"line":123,"column":8},"end":{"line":123,"column":58}},"type":"binary-expr","locations":[{"start":{"line":123,"column":8},"end":{"line":123,"column":28}},{"start":{"line":123,"column":32},"end":{"line":123,"column":58}}],"line":123},"12":{"loc":{"start":{"line":127,"column":4},"end":{"line":129,"column":5}},"type":"if","locations":[{"start":{"line":127,"column":4},"end":{"line":129,"column":5}},{"start":{},"end":{}}],"line":127},"13":{"loc":{"start":{"line":134,"column":2},"end":{"line":168,"column":3}},"type":"if","locations":[{"start":{"line":134,"column":2},"end":{"line":168,"column":3}},{"start":{},"end":{}}],"line":134},"14":{"loc":{"start":{"line":134,"column":6},"end":{"line":134,"column":23}},"type":"binary-expr","locations":[{"start":{"line":134,"column":6},"end":{"line":134,"column":11}},{"start":{"line":134,"column":15},"end":{"line":134,"column":23}}],"line":134},"15":{"loc":{"start":{"line":153,"column":17},"end":{"line":153,"column":65}},"type":"cond-expr","locations":[{"start":{"line":153,"column":27},"end":{"line":153,"column":42}},{"start":{"line":153,"column":45},"end":{"line":153,"column":65}}],"line":153},"16":{"loc":{"start":{"line":157,"column":16},"end":{"line":157,"column":76}},"type":"cond-expr","locations":[{"start":{"line":157,"column":26},"end":{"line":157,"column":35}},{"start":{"line":157,"column":38},"end":{"line":157,"column":76}}],"line":157},"17":{"loc":{"start":{"line":160,"column":9},"end":{"line":165,"column":9}},"type":"binary-expr","locations":[{"start":{"line":160,"column":9},"end":{"line":160,"column":14}},{"start":{"line":161,"column":10},"end":{"line":164,"column":17}}],"line":160},"18":{"loc":{"start":{"line":170,"column":2},"end":{"line":179,"column":3}},"type":"if","locations":[{"start":{"line":170,"column":2},"end":{"line":179,"column":3}},{"start":{},"end":{}}],"line":170},"19":{"loc":{"start":{"line":198,"column":20},"end":{"line":198,"column":93}},"type":"cond-expr","locations":[{"start":{"line":198,"column":42},"end":{"line":198,"column":65}},{"start":{"line":198,"column":68},"end":{"line":198,"column":93}}],"line":198},"20":{"loc":{"start":{"line":199,"column":31},"end":{"line":199,"column":83}},"type":"cond-expr","locations":[{"start":{"line":199,"column":53},"end":{"line":199,"column":67}},{"start":{"line":199,"column":70},"end":{"line":199,"column":83}}],"line":199},"21":{"loc":{"start":{"line":205,"column":15},"end":{"line":205,"column":81}},"type":"binary-expr","locations":[{"start":{"line":205,"column":15},"end":{"line":205,"column":36}},{"start":{"line":205,"column":40},"end":{"line":205,"column":81}}],"line":205},"22":{"loc":{"start":{"line":206,"column":15},"end":{"line":206,"column":80}},"type":"binary-expr","locations":[{"start":{"line":206,"column":15},"end":{"line":206,"column":35}},{"start":{"line":206,"column":39},"end":{"line":206,"column":80}}],"line":206},"23":{"loc":{"start":{"line":211,"column":27},"end":{"line":211,"column":86}},"type":"cond-expr","locations":[{"start":{"line":211,"column":49},"end":{"line":211,"column":63}},{"start":{"line":211,"column":66},"end":{"line":211,"column":86}}],"line":211},"24":{"loc":{"start":{"line":232,"column":20},"end":{"line":234,"column":49}},"type":"cond-expr","locations":[{"start":{"line":233,"column":24},"end":{"line":233,"column":47}},{"start":{"line":234,"column":24},"end":{"line":234,"column":49}}],"line":232},"25":{"loc":{"start":{"line":235,"column":31},"end":{"line":235,"column":89}},"type":"cond-expr","locations":[{"start":{"line":235,"column":59},"end":{"line":235,"column":73}},{"start":{"line":235,"column":76},"end":{"line":235,"column":89}}],"line":235},"26":{"loc":{"start":{"line":246,"column":22},"end":{"line":250,"column":46}},"type":"cond-expr","locations":[{"start":{"line":247,"column":26},"end":{"line":249,"column":52}},{"start":{"line":250,"column":26},"end":{"line":250,"column":46}}],"line":246},"27":{"loc":{"start":{"line":247,"column":26},"end":{"line":249,"column":52}},"type":"cond-expr","locations":[{"start":{"line":248,"column":28},"end":{"line":248,"column":42}},{"start":{"line":249,"column":28},"end":{"line":249,"column":52}}],"line":247},"28":{"loc":{"start":{"line":277,"column":19},"end":{"line":281,"column":19}},"type":"cond-expr","locations":[{"start":{"line":278,"column":20},"end":{"line":278,"column":61}},{"start":{"line":280,"column":20},"end":{"line":280,"column":61}}],"line":277},"29":{"loc":{"start":{"line":300,"column":33},"end":{"line":300,"column":59}},"type":"cond-expr","locations":[{"start":{"line":300,"column":46},"end":{"line":300,"column":55}},{"start":{"line":300,"column":58},"end":{"line":300,"column":59}}],"line":300},"30":{"loc":{"start":{"line":304,"column":17},"end":{"line":308,"column":17}},"type":"binary-expr","locations":[{"start":{"line":304,"column":17},"end":{"line":304,"column":34}},{"start":{"line":305,"column":18},"end":{"line":307,"column":25}}],"line":304},"31":{"loc":{"start":{"line":310,"column":15},"end":{"line":314,"column":15}},"type":"cond-expr","locations":[{"start":{"line":311,"column":16},"end":{"line":311,"column":70}},{"start":{"line":313,"column":16},"end":{"line":313,"column":71}}],"line":310},"32":{"loc":{"start":{"line":318,"column":13},"end":{"line":409,"column":13}},"type":"binary-expr","locations":[{"start":{"line":318,"column":13},"end":{"line":318,"column":23}},{"start":{"line":319,"column":14},"end":{"line":408,"column":21}}],"line":318},"33":{"loc":{"start":{"line":357,"column":17},"end":{"line":373,"column":17}},"type":"binary-expr","locations":[{"start":{"line":357,"column":17},"end":{"line":357,"column":40}},{"start":{"line":358,"column":18},"end":{"line":372,"column":25}}],"line":357},"34":{"loc":{"start":{"line":376,"column":17},"end":{"line":390,"column":17}},"type":"binary-expr","locations":[{"start":{"line":376,"column":17},"end":{"line":376,"column":30}},{"start":{"line":376,"column":34},"end":{"line":376,"column":58}},{"start":{"line":377,"column":18},"end":{"line":389,"column":25}}],"line":376},"35":{"loc":{"start":{"line":393,"column":17},"end":{"line":407,"column":17}},"type":"binary-expr","locations":[{"start":{"line":393,"column":17},"end":{"line":393,"column":36}},{"start":{"line":393,"column":40},"end":{"line":393,"column":70}},{"start":{"line":394,"column":18},"end":{"line":406,"column":25}}],"line":393},"36":{"loc":{"start":{"line":414,"column":7},"end":{"line":420,"column":7}},"type":"binary-expr","locations":[{"start":{"line":414,"column":7},"end":{"line":414,"column":37}},{"start":{"line":415,"column":8},"end":{"line":419,"column":20}}],"line":414}},"s":{"0":97,"1":97,"2":97,"3":97,"4":97,"5":97,"6":97,"7":97,"8":38,"9":1,"10":37,"11":37,"12":37,"13":37,"14":35,"15":33,"16":33,"17":33,"18":32,"19":2,"20":37,"21":97,"22":3,"23":3,"24":1,"25":2,"26":3,"27":97,"28":225,"29":76,"30":69,"31":78,"32":2,"33":97,"34":50,"35":0,"36":50,"37":50,"38":47,"39":50,"40":46,"41":50,"42":7,"43":16,"44":50,"45":97,"46":46,"47":51,"48":1,"49":50,"50":50,"51":150,"52":6,"53":200,"54":8,"55":109,"56":109,"57":3,"58":67,"59":67,"60":1},"f":{"0":97,"1":38,"2":3,"3":225,"4":50,"5":16,"6":150,"7":6,"8":200,"9":8,"10":109,"11":3,"12":67,"13":67},"b":{"0":[1,37],"1":[33,2],"2":[33,5],"3":[32,1],"4":[2,1],"5":[1,2],"6":[76,69,78,2],"7":[0,50],"8":[47,3],"9":[50,7],"10":[46,4],"11":[50,7],"12":[7,43],"13":[46,51],"14":[97,47],"15":[0,46],"16":[0,46],"17":[46,2],"18":[1,50],"19":[50,100],"20":[50,100],"21":[150,50],"22":[150,50],"23":[50,100],"24":[50,150],"25":[50,150],"26":[50,150],"27":[43,7],"28":[37,72],"29":[42,67],"30":[109,108],"31":[42,67],"32":[109,42],"33":[42,34],"34":[42,35,34],"35":[42,35,34],"36":[50,3]},"_coverageSchema":"1a1c01bbd47fc00a2c39e90264f33305004495a9","hash":"31076789a7b1bb135cfb29244d6ac29075e5c060"}
}
