TN:
SF:src\components\BehavioralTechnicalQuestions.tsx
FN:54,BehavioralTechnicalQuestions
FN:68,(anonymous_1)
FN:92,(anonymous_2)
FN:102,(anonymous_3)
FN:115,(anonymous_4)
FN:128,(anonymous_5)
FN:190,(anonymous_6)
FN:193,(anonymous_7)
FN:224,(anonymous_8)
FN:227,(anonymous_9)
FN:262,(anonymous_10)
FN:269,(anonymous_11)
FN:381,(anonymous_12)
FN:398,(anonymous_13)
FNF:14
FNH:14
FNDA:97,BehavioralTechnicalQuestions
FNDA:38,(anonymous_1)
FNDA:3,(anonymous_2)
FNDA:225,(anonymous_3)
FNDA:50,(anonymous_4)
FNDA:16,(anonymous_5)
FNDA:150,(anonymous_6)
FNDA:6,(anonymous_7)
FNDA:200,(anonymous_8)
FNDA:8,(anonymous_9)
FNDA:109,(anonymous_10)
FNDA:3,(anonymous_11)
FNDA:67,(anonymous_12)
FNDA:67,(anonymous_13)
DA:60,97
DA:61,97
DA:62,97
DA:63,97
DA:64,97
DA:65,97
DA:66,97
DA:68,97
DA:69,38
DA:71,37
DA:72,37
DA:74,37
DA:75,37
DA:76,35
DA:77,33
DA:80,33
DA:81,33
DA:82,32
DA:86,2
DA:88,37
DA:92,97
DA:93,3
DA:94,3
DA:95,1
DA:97,2
DA:99,3
DA:102,97
DA:103,225
DA:105,76
DA:107,69
DA:109,78
DA:111,2
DA:115,97
DA:116,50
DA:118,50
DA:120,50
DA:121,47
DA:123,50
DA:124,46
DA:127,50
DA:128,16
DA:131,50
DA:134,97
DA:135,46
DA:170,51
DA:171,1
DA:181,50
DA:183,50
DA:191,150
DA:193,6
DA:225,200
DA:227,8
DA:263,109
DA:265,109
DA:269,3
DA:382,67
DA:399,67
DA:425,1
LF:58
LH:58
BRDA:69,0,0,1
BRDA:69,0,1,37
BRDA:76,1,0,33
BRDA:76,1,1,2
BRDA:80,2,0,33
BRDA:80,2,1,5
BRDA:81,3,0,32
BRDA:81,3,1,1
BRDA:86,4,0,2
BRDA:86,4,1,1
BRDA:94,5,0,1
BRDA:94,5,1,2
BRDA:103,6,0,76
BRDA:103,6,1,69
BRDA:103,6,2,78
BRDA:103,6,3,2
BRDA:116,7,0,0
BRDA:116,7,1,50
BRDA:120,8,0,47
BRDA:120,8,1,3
BRDA:120,9,0,50
BRDA:120,9,1,7
BRDA:123,10,0,46
BRDA:123,10,1,4
BRDA:123,11,0,50
BRDA:123,11,1,7
BRDA:127,12,0,7
BRDA:127,12,1,43
BRDA:134,13,0,46
BRDA:134,13,1,51
BRDA:134,14,0,97
BRDA:134,14,1,47
BRDA:153,15,0,0
BRDA:153,15,1,46
BRDA:157,16,0,0
BRDA:157,16,1,46
BRDA:160,17,0,46
BRDA:160,17,1,2
BRDA:170,18,0,1
BRDA:170,18,1,50
BRDA:198,19,0,50
BRDA:198,19,1,100
BRDA:199,20,0,50
BRDA:199,20,1,100
BRDA:205,21,0,150
BRDA:205,21,1,50
BRDA:206,22,0,150
BRDA:206,22,1,50
BRDA:211,23,0,50
BRDA:211,23,1,100
BRDA:232,24,0,50
BRDA:232,24,1,150
BRDA:235,25,0,50
BRDA:235,25,1,150
BRDA:246,26,0,50
BRDA:246,26,1,150
BRDA:247,27,0,43
BRDA:247,27,1,7
BRDA:277,28,0,37
BRDA:277,28,1,72
BRDA:300,29,0,42
BRDA:300,29,1,67
BRDA:304,30,0,109
BRDA:304,30,1,108
BRDA:310,31,0,42
BRDA:310,31,1,67
BRDA:318,32,0,109
BRDA:318,32,1,42
BRDA:357,33,0,42
BRDA:357,33,1,34
BRDA:376,34,0,42
BRDA:376,34,1,35
BRDA:376,34,2,34
BRDA:393,35,0,42
BRDA:393,35,1,35
BRDA:393,35,2,34
BRDA:414,36,0,50
BRDA:414,36,1,3
BRF:78
BRH:75
end_of_record
