TN:
SF:src\api\applicationApi.ts
FN:7,(anonymous_0)
FN:8,(anonymous_1)
FN:9,(anonymous_2)
FN:10,(anonymous_3)
FN:11,(anonymous_4)
FNF:5
FNH:0
FNDA:0,(anonymous_0)
FNDA:0,(anonymous_1)
FNDA:0,(anonymous_2)
FNDA:0,(anonymous_3)
FNDA:0,(anonymous_4)
DA:6,1
DA:7,0
DA:8,0
DA:9,0
DA:10,0
DA:11,0
LF:6
LH:1
BRF:0
BRH:0
end_of_record
TN:
SF:src\api\base.ts
FN:33,snakeToCamel
FN:39,(anonymous_1)
FN:46,(anonymous_2)
FN:61,camelToSnake
FN:67,(anonymous_4)
FN:115,requiresLongTimeout
FN:116,(anonymous_6)
FN:124,fetchWithAuth
FN:182,(anonymous_8)
FN:221,get
FN:246,post
FN:277,put
FN:308,del
FNF:13
FNH:13
FNDA:41,snakeToCamel
FNDA:3,(anonymous_1)
FNDA:18,(anonymous_2)
FNDA:39,camelToSnake
FNDA:2,(anonymous_4)
FNDA:32,requiresLongTimeout
FNDA:372,(anonymous_6)
FNDA:34,fetchWithAuth
FNDA:2,(anonymous_8)
FNDA:6,get
FNDA:5,post
FNDA:4,put
FNDA:5,del
DA:34,41
DA:35,2
DA:38,39
DA:39,3
DA:42,37
DA:43,18
DA:44,18
DA:45,19
DA:46,19
DA:47,18
DA:49,19
DA:52,18
DA:55,19
DA:62,39
DA:63,2
DA:66,37
DA:67,2
DA:70,36
DA:71,16
DA:72,16
DA:73,17
DA:74,17
DA:75,17
DA:78,16
DA:81,20
DA:87,2
DA:92,2
DA:97,2
DA:116,372
DA:128,34
DA:131,34
DA:132,1
DA:136,33
DA:137,1
DA:141,32
DA:142,32
DA:143,32
DA:144,32
DA:146,0
DA:149,32
DA:154,32
DA:155,31
DA:159,32
DA:160,32
DA:161,31
DA:162,31
DA:170,32
DA:171,1
DA:173,31
DA:174,10
DA:175,10
DA:180,32
DA:181,32
DA:182,32
DA:184,32
DA:185,32
DA:191,32
DA:192,1
DA:196,32
DA:198,32
DA:206,32
DA:207,21
DA:208,21
DA:210,9
DA:211,9
DA:212,1
DA:214,8
DA:222,6
DA:223,6
DA:224,4
DA:226,4
DA:227,3
DA:233,1
DA:235,2
DA:236,2
DA:250,5
DA:251,5
DA:255,3
DA:257,3
DA:258,1
DA:264,2
DA:266,2
DA:267,2
DA:281,4
DA:282,4
DA:286,3
DA:288,3
DA:289,1
DA:295,2
DA:297,1
DA:298,1
DA:309,5
DA:310,5
DA:315,3
DA:316,0
DA:319,3
DA:321,3
DA:322,1
DA:328,2
DA:330,2
DA:331,2
LF:101
LH:99
BRDA:34,0,0,2
BRDA:34,0,1,39
BRDA:34,1,0,41
BRDA:34,1,1,40
BRDA:38,2,0,2
BRDA:38,2,1,37
BRDA:42,3,0,18
BRDA:42,3,1,19
BRDA:45,4,0,19
BRDA:45,4,1,0
BRDA:62,5,0,2
BRDA:62,5,1,37
BRDA:62,6,0,39
BRDA:62,6,1,38
BRDA:66,7,0,1
BRDA:66,7,1,36
BRDA:70,8,0,16
BRDA:70,8,1,20
BRDA:70,9,0,36
BRDA:70,9,1,17
BRDA:73,10,0,17
BRDA:73,10,1,0
BRDA:126,11,0,15
BRDA:131,12,0,1
BRDA:131,12,1,33
BRDA:136,13,0,1
BRDA:136,13,1,32
BRDA:136,14,0,33
BRDA:136,14,1,32
BRDA:144,15,0,32
BRDA:144,15,1,1
BRDA:154,16,0,31
BRDA:154,16,1,1
BRDA:161,17,0,31
BRDA:161,17,1,0
BRDA:170,18,0,1
BRDA:170,18,1,31
BRDA:173,19,0,10
BRDA:173,19,1,21
BRDA:180,20,0,32
BRDA:180,20,1,32
BRDA:180,21,0,2
BRDA:180,21,1,30
BRDA:184,22,0,32
BRDA:184,22,1,0
BRDA:185,23,0,32
BRDA:185,23,1,17
BRDA:191,24,0,1
BRDA:191,24,1,31
BRDA:199,25,0,32
BRDA:199,25,1,17
BRDA:211,26,0,1
BRDA:211,26,1,8
BRDA:211,27,0,9
BRDA:211,27,1,5
BRDA:226,28,0,3
BRDA:226,28,1,1
BRDA:229,29,0,3
BRDA:229,29,1,2
BRDA:229,29,2,1
BRDA:238,30,0,1
BRDA:238,30,1,1
BRDA:257,31,0,1
BRDA:257,31,1,2
BRDA:260,32,0,1
BRDA:260,32,1,0
BRDA:260,32,2,0
BRDA:269,33,0,1
BRDA:269,33,1,1
BRDA:288,34,0,1
BRDA:288,34,1,2
BRDA:291,35,0,1
BRDA:291,35,1,1
BRDA:291,35,2,0
BRDA:300,36,0,0
BRDA:300,36,1,1
BRDA:315,37,0,0
BRDA:315,37,1,3
BRDA:321,38,0,1
BRDA:321,38,1,2
BRDA:324,39,0,1
BRDA:324,39,1,0
BRDA:324,39,2,0
BRDA:333,40,0,1
BRDA:333,40,1,1
BRF:85
BRH:74
end_of_record
TN:
SF:src\api\careerPathApi.ts
FN:7,(anonymous_0)
FN:8,(anonymous_1)
FN:9,(anonymous_2)
FN:10,(anonymous_3)
FN:11,(anonymous_4)
FN:12,(anonymous_5)
FN:13,(anonymous_6)
FN:14,(anonymous_7)
FN:15,(anonymous_8)
FNF:9
FNH:0
FNDA:0,(anonymous_0)
FNDA:0,(anonymous_1)
FNDA:0,(anonymous_2)
FNDA:0,(anonymous_3)
FNDA:0,(anonymous_4)
FNDA:0,(anonymous_5)
FNDA:0,(anonymous_6)
FNDA:0,(anonymous_7)
FNDA:0,(anonymous_8)
DA:6,1
DA:7,0
DA:8,0
DA:9,0
DA:10,0
DA:11,0
DA:12,0
DA:13,0
DA:14,0
DA:15,0
LF:10
LH:1
BRF:0
BRH:0
end_of_record
TN:
SF:src\api\client.ts
FN:10,snakeToCamel
FN:16,(anonymous_1)
FN:24,(anonymous_2)
FN:344,(anonymous_3)
FN:372,(anonymous_4)
FN:376,(anonymous_5)
FN:389,(anonymous_6)
FN:400,(anonymous_7)
FN:445,(anonymous_8)
FN:448,(anonymous_9)
FN:471,(anonymous_10)
FN:479,(anonymous_11)
FN:512,(anonymous_12)
FN:526,(anonymous_13)
FN:551,(anonymous_14)
FN:587,(anonymous_15)
FN:599,(anonymous_16)
FN:636,(anonymous_17)
FN:647,(anonymous_18)
FN:661,(anonymous_19)
FN:674,(anonymous_20)
FN:696,(anonymous_21)
FN:709,(anonymous_22)
FN:722,(anonymous_23)
FN:731,(anonymous_24)
FN:745,(anonymous_25)
FN:756,(anonymous_26)
FN:802,(anonymous_27)
FN:817,(anonymous_28)
FN:832,(anonymous_29)
FN:850,(anonymous_30)
FN:865,(anonymous_31)
FN:892,(anonymous_32)
FN:915,(anonymous_33)
FN:940,(anonymous_34)
FN:958,(anonymous_35)
FN:976,(anonymous_36)
FN:998,(anonymous_37)
FN:1010,(anonymous_38)
FN:1022,(anonymous_39)
FN:1035,(anonymous_40)
FN:1046,(anonymous_41)
FN:1068,(anonymous_42)
FN:1090,(anonymous_43)
FN:1105,(anonymous_44)
FN:1120,(anonymous_45)
FN:1137,(anonymous_46)
FN:1157,(anonymous_47)
FN:1174,(anonymous_48)
FN:1195,(anonymous_49)
FN:1230,(anonymous_50)
FN:1245,(anonymous_51)
FN:1256,(anonymous_52)
FN:1282,(anonymous_53)
FN:1297,(anonymous_54)
FN:1320,(anonymous_55)
FN:1337,(anonymous_56)
FN:1359,(anonymous_57)
FN:1393,(anonymous_58)
FN:1408,(anonymous_59)
FN:1435,(anonymous_60)
FN:1464,(anonymous_61)
FN:1475,(anonymous_62)
FN:1487,(anonymous_63)
FN:1504,(anonymous_64)
FN:1522,(anonymous_65)
FN:1551,(anonymous_66)
FN:1577,(anonymous_67)
FN:1592,(anonymous_68)
FN:1604,(anonymous_69)
FN:1632,(anonymous_70)
FN:1647,(anonymous_71)
FN:1659,(anonymous_72)
FN:1671,(anonymous_73)
FN:1683,(anonymous_74)
FN:1695,(anonymous_75)
FN:1707,(anonymous_76)
FN:1719,(anonymous_77)
FN:1742,(anonymous_78)
FN:1763,(anonymous_79)
FN:1788,(anonymous_80)
FN:1806,(anonymous_81)
FN:1821,(anonymous_82)
FN:1835,(anonymous_83)
FN:1849,(anonymous_84)
FN:1877,(anonymous_85)
FN:1907,(anonymous_86)
FN:1937,(anonymous_87)
FN:1967,(anonymous_88)
FN:1995,(anonymous_89)
FN:2029,(anonymous_90)
FN:2054,(anonymous_91)
FN:2087,(anonymous_92)
FN:2112,(anonymous_93)
FN:2123,(anonymous_94)
FN:2145,(anonymous_95)
FN:2170,(anonymous_96)
FN:2204,(anonymous_97)
FN:2227,(anonymous_98)
FN:2249,(anonymous_99)
FN:2271,(anonymous_100)
FN:2324,(anonymous_101)
FN:2377,(anonymous_102)
FN:2404,(anonymous_103)
FN:2416,(anonymous_104)
FN:2427,(anonymous_105)
FN:2488,(anonymous_106)
FN:2510,(anonymous_107)
FN:2517,(anonymous_108)
FN:2535,(anonymous_109)
FN:2567,(anonymous_110)
FN:2575,(anonymous_111)
FN:2593,(anonymous_112)
FN:2614,(anonymous_113)
FN:2647,(anonymous_114)
FN:2671,(anonymous_115)
FN:2685,(anonymous_116)
FN:2702,(anonymous_117)
FN:2734,(anonymous_118)
FN:2764,(anonymous_119)
FN:2793,(anonymous_120)
FN:2804,(anonymous_121)
FN:2818,(anonymous_122)
FNF:123
FNH:86
FNDA:4,snakeToCamel
FNDA:0,(anonymous_1)
FNDA:2,(anonymous_2)
FNDA:335,(anonymous_3)
FNDA:4,(anonymous_4)
FNDA:0,(anonymous_5)
FNDA:6,(anonymous_6)
FNDA:2,(anonymous_7)
FNDA:2,(anonymous_8)
FNDA:1,(anonymous_9)
FNDA:1,(anonymous_10)
FNDA:0,(anonymous_11)
FNDA:4,(anonymous_12)
FNDA:6,(anonymous_13)
FNDA:5,(anonymous_14)
FNDA:4,(anonymous_15)
FNDA:3,(anonymous_16)
FNDA:0,(anonymous_17)
FNDA:0,(anonymous_18)
FNDA:0,(anonymous_19)
FNDA:4,(anonymous_20)
FNDA:5,(anonymous_21)
FNDA:0,(anonymous_22)
FNDA:2,(anonymous_23)
FNDA:5,(anonymous_24)
FNDA:4,(anonymous_25)
FNDA:7,(anonymous_26)
FNDA:4,(anonymous_27)
FNDA:4,(anonymous_28)
FNDA:4,(anonymous_29)
FNDA:4,(anonymous_30)
FNDA:5,(anonymous_31)
FNDA:4,(anonymous_32)
FNDA:5,(anonymous_33)
FNDA:5,(anonymous_34)
FNDA:4,(anonymous_35)
FNDA:5,(anonymous_36)
FNDA:4,(anonymous_37)
FNDA:4,(anonymous_38)
FNDA:2,(anonymous_39)
FNDA:4,(anonymous_40)
FNDA:4,(anonymous_41)
FNDA:4,(anonymous_42)
FNDA:4,(anonymous_43)
FNDA:4,(anonymous_44)
FNDA:5,(anonymous_45)
FNDA:4,(anonymous_46)
FNDA:4,(anonymous_47)
FNDA:4,(anonymous_48)
FNDA:4,(anonymous_49)
FNDA:7,(anonymous_50)
FNDA:4,(anonymous_51)
FNDA:4,(anonymous_52)
FNDA:4,(anonymous_53)
FNDA:0,(anonymous_54)
FNDA:0,(anonymous_55)
FNDA:4,(anonymous_56)
FNDA:4,(anonymous_57)
FNDA:6,(anonymous_58)
FNDA:1,(anonymous_59)
FNDA:5,(anonymous_60)
FNDA:4,(anonymous_61)
FNDA:5,(anonymous_62)
FNDA:4,(anonymous_63)
FNDA:0,(anonymous_64)
FNDA:5,(anonymous_65)
FNDA:5,(anonymous_66)
FNDA:4,(anonymous_67)
FNDA:4,(anonymous_68)
FNDA:4,(anonymous_69)
FNDA:0,(anonymous_70)
FNDA:4,(anonymous_71)
FNDA:4,(anonymous_72)
FNDA:4,(anonymous_73)
FNDA:4,(anonymous_74)
FNDA:4,(anonymous_75)
FNDA:4,(anonymous_76)
FNDA:4,(anonymous_77)
FNDA:4,(anonymous_78)
FNDA:4,(anonymous_79)
FNDA:5,(anonymous_80)
FNDA:4,(anonymous_81)
FNDA:4,(anonymous_82)
FNDA:4,(anonymous_83)
FNDA:4,(anonymous_84)
FNDA:5,(anonymous_85)
FNDA:4,(anonymous_86)
FNDA:4,(anonymous_87)
FNDA:4,(anonymous_88)
FNDA:4,(anonymous_89)
FNDA:5,(anonymous_90)
FNDA:5,(anonymous_91)
FNDA:5,(anonymous_92)
FNDA:6,(anonymous_93)
FNDA:1,(anonymous_94)
FNDA:6,(anonymous_95)
FNDA:5,(anonymous_96)
FNDA:0,(anonymous_97)
FNDA:0,(anonymous_98)
FNDA:0,(anonymous_99)
FNDA:0,(anonymous_100)
FNDA:0,(anonymous_101)
FNDA:0,(anonymous_102)
FNDA:0,(anonymous_103)
FNDA:0,(anonymous_104)
FNDA:0,(anonymous_105)
FNDA:0,(anonymous_106)
FNDA:0,(anonymous_107)
FNDA:0,(anonymous_108)
FNDA:0,(anonymous_109)
FNDA:0,(anonymous_110)
FNDA:0,(anonymous_111)
FNDA:0,(anonymous_112)
FNDA:0,(anonymous_113)
FNDA:0,(anonymous_114)
FNDA:0,(anonymous_115)
FNDA:0,(anonymous_116)
FNDA:0,(anonymous_117)
FNDA:0,(anonymous_118)
FNDA:0,(anonymous_119)
FNDA:0,(anonymous_120)
FNDA:0,(anonymous_121)
FNDA:0,(anonymous_122)
DA:11,4
DA:12,0
DA:15,4
DA:16,2
DA:19,2
DA:20,2
DA:21,2
DA:22,2
DA:24,2
DA:25,2
DA:28,2
DA:31,0
DA:344,2
DA:350,335
DA:351,0
DA:352,335
DA:353,189
DA:354,189
DA:357,0
DA:361,335
DA:362,335
DA:370,2
DA:373,4
DA:374,4
DA:375,3
DA:376,0
DA:377,0
DA:379,3
DA:381,3
DA:382,3
DA:384,1
DA:385,1
DA:390,6
DA:391,6
DA:392,5
DA:393,5
DA:395,1
DA:396,1
DA:401,2
DA:402,2
DA:405,2
DA:406,2
DA:407,2
DA:408,2
DA:410,0
DA:414,2
DA:415,2
DA:416,2
DA:418,0
DA:421,2
DA:422,0
DA:423,0
DA:429,2
DA:430,2
DA:438,2
DA:439,2
DA:441,2
DA:445,2
DA:446,2
DA:448,2
DA:449,1
DA:451,1
DA:452,1
DA:454,1
DA:455,1
DA:456,1
DA:458,0
DA:459,0
DA:460,0
DA:463,0
DA:464,0
DA:471,2
DA:472,1
DA:473,1
DA:479,2
DA:480,0
DA:481,0
DA:488,2
DA:491,2
DA:492,2
DA:494,2
DA:497,2
DA:500,2
DA:504,0
DA:505,0
DA:513,4
DA:514,4
DA:517,3
DA:518,3
DA:520,1
DA:521,1
DA:527,6
DA:528,6
DA:532,4
DA:534,4
DA:545,2
DA:546,2
DA:557,5
DA:558,5
DA:559,5
DA:569,4
DA:570,4
DA:571,4
DA:573,4
DA:574,2
DA:580,2
DA:582,1
DA:583,1
DA:588,4
DA:589,4
DA:590,3
DA:591,3
DA:593,1
DA:594,1
DA:603,3
DA:605,3
DA:606,2
DA:612,1
DA:620,1
DA:622,1
DA:623,0
DA:629,1
DA:631,0
DA:632,0
DA:637,0
DA:638,0
DA:639,0
DA:640,0
DA:642,0
DA:643,0
DA:648,0
DA:649,0
DA:653,0
DA:654,0
DA:656,0
DA:657,0
DA:662,0
DA:663,0
DA:666,0
DA:667,0
DA:669,0
DA:670,0
DA:683,4
DA:684,4
DA:688,3
DA:689,3
DA:691,1
DA:692,1
DA:697,5
DA:698,5
DA:699,4
DA:701,4
DA:702,4
DA:704,1
DA:705,1
DA:710,0
DA:711,0
DA:714,0
DA:715,0
DA:717,0
DA:718,0
DA:723,2
DA:724,2
DA:725,1
DA:727,1
DA:732,5
DA:733,5
DA:737,4
DA:738,4
DA:740,1
DA:741,1
DA:746,4
DA:747,4
DA:748,3
DA:749,3
DA:751,1
DA:752,1
DA:757,7
DA:758,7
DA:761,6
DA:762,6
DA:763,0
DA:764,0
DA:771,0
DA:774,0
DA:776,0
DA:783,6
DA:785,6
DA:786,1
DA:794,5
DA:795,5
DA:797,1
DA:798,1
DA:803,4
DA:804,4
DA:807,3
DA:808,3
DA:809,3
DA:811,1
DA:812,1
DA:818,4
DA:819,4
DA:823,3
DA:824,3
DA:826,1
DA:827,1
DA:836,4
DA:837,4
DA:841,3
DA:842,3
DA:844,1
DA:845,1
DA:851,4
DA:852,4
DA:856,3
DA:857,3
DA:859,1
DA:860,1
DA:872,5
DA:873,5
DA:883,4
DA:884,4
DA:886,1
DA:887,1
DA:897,4
DA:898,4
DA:906,3
DA:907,3
DA:909,1
DA:910,1
DA:921,5
DA:922,5
DA:931,4
DA:932,4
DA:934,1
DA:935,1
DA:941,5
DA:942,5
DA:949,4
DA:950,4
DA:952,1
DA:953,1
DA:959,4
DA:960,4
DA:967,3
DA:968,3
DA:970,1
DA:971,1
DA:977,5
DA:978,5
DA:989,4
DA:990,4
DA:992,1
DA:993,1
DA:999,4
DA:1000,4
DA:1001,3
DA:1002,3
DA:1004,1
DA:1005,1
DA:1011,4
DA:1012,4
DA:1013,3
DA:1014,3
DA:1016,1
DA:1017,1
DA:1023,2
DA:1024,2
DA:1025,2
DA:1027,2
DA:1028,2
DA:1030,0
DA:1031,0
DA:1036,4
DA:1037,4
DA:1038,3
DA:1039,3
DA:1041,1
DA:1042,1
DA:1051,4
DA:1052,4
DA:1060,3
DA:1061,3
DA:1063,1
DA:1064,1
DA:1077,4
DA:1078,4
DA:1082,3
DA:1083,3
DA:1085,1
DA:1086,1
DA:1091,4
DA:1092,4
DA:1095,3
DA:1096,3
DA:1097,3
DA:1099,1
DA:1100,1
DA:1106,4
DA:1107,4
DA:1111,3
DA:1112,3
DA:1114,1
DA:1115,1
DA:1121,5
DA:1122,5
DA:1129,4
DA:1130,4
DA:1132,1
DA:1133,1
DA:1141,4
DA:1142,4
DA:1149,3
DA:1150,3
DA:1152,1
DA:1153,1
DA:1158,4
DA:1159,4
DA:1166,3
DA:1167,3
DA:1169,1
DA:1170,1
DA:1178,4
DA:1179,4
DA:1186,3
DA:1187,3
DA:1189,1
DA:1190,1
DA:1217,4
DA:1218,4
DA:1222,3
DA:1223,3
DA:1225,1
DA:1226,1
DA:1231,7
DA:1232,7
DA:1235,7
DA:1236,6
DA:1237,6
DA:1238,6
DA:1240,1
DA:1241,1
DA:1246,4
DA:1247,4
DA:1248,3
DA:1249,3
DA:1251,1
DA:1252,1
DA:1269,4
DA:1270,4
DA:1274,3
DA:1275,3
DA:1277,1
DA:1278,1
DA:1283,4
DA:1284,4
DA:1287,3
DA:1288,3
DA:1289,3
DA:1291,1
DA:1292,1
DA:1302,0
DA:1303,0
DA:1311,0
DA:1312,0
DA:1314,0
DA:1315,0
DA:1323,0
DA:1324,0
DA:1328,0
DA:1329,0
DA:1331,0
DA:1332,0
DA:1342,4
DA:1343,4
DA:1351,3
DA:1352,3
DA:1354,1
DA:1355,1
DA:1364,4
DA:1365,4
DA:1373,3
DA:1376,3
DA:1382,3
DA:1384,1
DA:1385,1
DA:1394,6
DA:1395,6
DA:1400,5
DA:1402,5
DA:1404,3
DA:1407,3
DA:1408,1
DA:1409,1
DA:1411,1
DA:1414,3
DA:1421,2
DA:1426,1
DA:1427,1
DA:1436,5
DA:1437,5
DA:1438,4
DA:1440,4
DA:1441,2
DA:1448,2
DA:1454,2
DA:1459,1
DA:1460,1
DA:1465,4
DA:1466,4
DA:1467,3
DA:1468,3
DA:1470,1
DA:1471,1
DA:1476,5
DA:1477,5
DA:1478,4
DA:1479,4
DA:1480,4
DA:1482,1
DA:1483,1
DA:1488,4
DA:1489,4
DA:1493,3
DA:1494,0
DA:1496,3
DA:1497,3
DA:1499,1
DA:1500,1
DA:1505,0
DA:1506,0
DA:1510,0
DA:1511,0
DA:1513,0
DA:1514,0
DA:1516,0
DA:1517,0
DA:1523,5
DA:1524,5
DA:1528,4
DA:1530,4
DA:1531,1
DA:1538,3
DA:1540,3
DA:1545,1
DA:1546,1
DA:1552,5
DA:1553,5
DA:1561,4
DA:1562,2
DA:1563,2
DA:1567,2
DA:1568,2
DA:1569,2
DA:1571,1
DA:1572,1
DA:1578,4
DA:1579,4
DA:1583,3
DA:1584,3
DA:1586,1
DA:1587,1
DA:1593,4
DA:1594,4
DA:1595,3
DA:1596,3
DA:1598,1
DA:1599,1
DA:1612,4
DA:1613,4
DA:1624,3
DA:1625,3
DA:1627,1
DA:1628,1
DA:1633,0
DA:1634,0
DA:1638,0
DA:1639,0
DA:1641,0
DA:1642,0
DA:1648,4
DA:1649,4
DA:1650,3
DA:1651,3
DA:1653,1
DA:1654,1
DA:1660,4
DA:1661,4
DA:1662,3
DA:1663,3
DA:1665,1
DA:1666,1
DA:1672,4
DA:1673,4
DA:1674,3
DA:1675,3
DA:1677,1
DA:1678,1
DA:1684,4
DA:1685,4
DA:1686,3
DA:1687,3
DA:1689,1
DA:1690,1
DA:1696,4
DA:1697,4
DA:1698,3
DA:1699,3
DA:1701,1
DA:1702,1
DA:1708,4
DA:1709,4
DA:1710,3
DA:1711,3
DA:1713,1
DA:1714,1
DA:1724,4
DA:1725,4
DA:1733,3
DA:1734,3
DA:1736,1
DA:1737,1
DA:1746,4
DA:1747,4
DA:1754,3
DA:1755,3
DA:1757,1
DA:1758,1
DA:1769,4
DA:1770,4
DA:1779,3
DA:1780,3
DA:1782,1
DA:1783,1
DA:1789,5
DA:1790,5
DA:1792,4
DA:1793,2
DA:1794,2
DA:1797,2
DA:1798,2
DA:1800,1
DA:1801,1
DA:1807,4
DA:1808,4
DA:1812,3
DA:1813,3
DA:1815,1
DA:1816,1
DA:1822,4
DA:1823,4
DA:1826,3
DA:1827,3
DA:1829,1
DA:1830,1
DA:1836,4
DA:1837,4
DA:1840,3
DA:1841,3
DA:1843,1
DA:1844,1
DA:1854,4
DA:1855,4
DA:1862,3
DA:1863,3
DA:1865,1
DA:1866,1
DA:1883,5
DA:1884,5
DA:1888,4
DA:1890,4
DA:1891,2
DA:1897,2
DA:1899,1
DA:1900,1
DA:1913,4
DA:1914,4
DA:1918,3
DA:1920,3
DA:1921,1
DA:1927,2
DA:1929,1
DA:1930,1
DA:1943,4
DA:1944,4
DA:1948,3
DA:1950,3
DA:1951,1
DA:1957,2
DA:1959,1
DA:1960,1
DA:1971,4
DA:1972,4
DA:1976,3
DA:1978,3
DA:1979,1
DA:1985,2
DA:1987,1
DA:1988,1
DA:2001,4
DA:2002,4
DA:2006,3
DA:2008,3
DA:2009,1
DA:2015,2
DA:2017,1
DA:2018,1
DA:2030,5
DA:2031,5
DA:2035,4
DA:2037,4
DA:2038,2
DA:2044,2
DA:2046,1
DA:2047,1
DA:2055,5
DA:2056,5
DA:2064,4
DA:2066,4
DA:2067,1
DA:2073,3
DA:2075,1
DA:2076,1
DA:2088,5
DA:2089,5
DA:2092,4
DA:2093,4
DA:2095,4
DA:2096,2
DA:2102,2
DA:2104,1
DA:2105,1
DA:2113,6
DA:2114,6
DA:2122,5
DA:2123,3
DA:2124,3
DA:2130,2
DA:2131,2
DA:2133,1
DA:2134,1
DA:2146,6
DA:2147,6
DA:2151,5
DA:2153,5
DA:2154,2
DA:2160,3
DA:2162,1
DA:2163,1
DA:2171,5
DA:2172,5
DA:2181,4
DA:2183,4
DA:2184,1
DA:2190,3
DA:2192,1
DA:2193,1
DA:2205,0
DA:2206,0
DA:2207,0
DA:2208,0
DA:2210,0
DA:2211,0
DA:2217,0
DA:2219,0
DA:2220,0
DA:2228,0
DA:2229,0
DA:2230,0
DA:2232,0
DA:2233,0
DA:2239,0
DA:2241,0
DA:2242,0
DA:2250,0
DA:2251,0
DA:2252,0
DA:2254,0
DA:2255,0
DA:2261,0
DA:2263,0
DA:2264,0
DA:2286,0
DA:2287,0
DA:2305,0
DA:2307,0
DA:2308,0
DA:2314,0
DA:2316,0
DA:2317,0
DA:2339,0
DA:2340,0
DA:2358,0
DA:2360,0
DA:2361,0
DA:2367,0
DA:2369,0
DA:2370,0
DA:2378,0
DA:2379,0
DA:2380,0
DA:2381,0
DA:2383,0
DA:2384,0
DA:2390,0
DA:2392,0
DA:2393,0
DA:2405,0
DA:2406,0
DA:2407,0
DA:2409,0
DA:2410,0
DA:2416,0
DA:2417,0
DA:2419,0
DA:2420,0
DA:2438,0
DA:2439,0
DA:2448,0
DA:2449,0
DA:2451,0
DA:2452,0
DA:2454,0
DA:2455,0
DA:2457,0
DA:2458,0
DA:2460,0
DA:2464,0
DA:2466,0
DA:2467,0
DA:2474,0
DA:2478,0
DA:2480,0
DA:2481,0
DA:2489,0
DA:2490,0
DA:2491,0
DA:2493,0
DA:2494,0
DA:2500,0
DA:2502,0
DA:2503,0
DA:2511,0
DA:2512,0
DA:2516,0
DA:2517,0
DA:2518,0
DA:2524,0
DA:2525,0
DA:2527,0
DA:2528,0
DA:2543,0
DA:2544,0
DA:2548,0
DA:2550,0
DA:2551,0
DA:2557,0
DA:2559,0
DA:2560,0
DA:2568,0
DA:2569,0
DA:2574,0
DA:2575,0
DA:2576,0
DA:2582,0
DA:2583,0
DA:2585,0
DA:2586,0
DA:2594,0
DA:2595,0
DA:2596,0
DA:2597,0
DA:2599,0
DA:2600,0
DA:2606,0
DA:2608,0
DA:2609,0
DA:2620,0
DA:2621,0
DA:2631,0
DA:2633,0
DA:2634,0
DA:2640,0
DA:2642,0
DA:2643,0
DA:2655,0
DA:2656,0
DA:2660,0
DA:2661,0
DA:2662,0
DA:2664,0
DA:2666,0
DA:2667,0
DA:2672,0
DA:2673,0
DA:2674,0
DA:2675,0
DA:2676,0
DA:2678,0
DA:2680,0
DA:2681,0
DA:2686,0
DA:2687,0
DA:2690,0
DA:2691,0
DA:2692,0
DA:2694,0
DA:2696,0
DA:2697,0
DA:2709,0
DA:2710,0
DA:2721,0
DA:2723,0
DA:2724,0
DA:2727,0
DA:2729,0
DA:2730,0
DA:2740,0
DA:2741,0
DA:2751,0
DA:2753,0
DA:2754,0
DA:2757,0
DA:2759,0
DA:2760,0
DA:2769,0
DA:2770,0
DA:2779,0
DA:2781,0
DA:2782,0
DA:2785,0
DA:2787,0
DA:2788,0
DA:2794,0
DA:2795,0
DA:2796,0
DA:2797,0
DA:2799,0
DA:2800,0
DA:2805,0
DA:2806,0
DA:2810,0
DA:2811,0
DA:2813,0
DA:2814,0
DA:2819,0
DA:2820,0
DA:2823,0
DA:2824,0
DA:2825,0
DA:2827,0
DA:2828,0
LF:852
LH:577
BRDA:11,0,0,0
BRDA:11,0,1,4
BRDA:11,1,0,4
BRDA:11,1,1,4
BRDA:15,2,0,2
BRDA:15,2,1,2
BRDA:19,3,0,2
BRDA:19,3,1,0
BRDA:22,4,0,2
BRDA:22,4,1,0
BRDA:346,5,0,104
BRDA:350,6,0,0
BRDA:350,6,1,335
BRDA:352,7,0,189
BRDA:352,7,1,146
BRDA:375,8,0,0
BRDA:375,8,1,3
BRDA:377,9,0,0
BRDA:377,9,1,0
BRDA:377,9,2,0
BRDA:381,10,0,3
BRDA:381,10,1,2
BRDA:402,11,0,2
BRDA:402,11,1,0
BRDA:408,12,0,2
BRDA:408,12,1,0
BRDA:421,13,0,0
BRDA:421,13,1,2
BRDA:421,14,0,2
BRDA:421,14,1,2
BRDA:429,15,0,2
BRDA:429,15,1,0
BRDA:441,16,0,2
BRDA:441,16,1,0
BRDA:449,17,0,1
BRDA:449,17,1,0
BRDA:454,18,0,1
BRDA:454,18,1,0
BRDA:454,19,0,1
BRDA:454,19,1,1
BRDA:455,20,0,1
BRDA:455,20,1,0
BRDA:458,21,0,0
BRDA:458,21,1,0
BRDA:458,21,2,0
BRDA:458,21,3,0
BRDA:494,22,0,2
BRDA:494,22,1,0
BRDA:507,23,0,0
BRDA:507,23,1,0
BRDA:558,24,0,5
BRDA:558,24,1,0
BRDA:569,25,0,4
BRDA:569,25,1,0
BRDA:571,26,0,4
BRDA:571,26,1,0
BRDA:573,27,0,2
BRDA:573,27,1,2
BRDA:576,28,0,2
BRDA:576,28,1,0
BRDA:576,28,2,0
BRDA:605,29,0,2
BRDA:605,29,1,1
BRDA:622,30,0,0
BRDA:622,30,1,1
BRDA:625,31,0,0
BRDA:625,31,1,0
BRDA:625,31,2,0
BRDA:701,32,0,4
BRDA:701,32,1,3
BRDA:724,33,0,1
BRDA:724,33,1,1
BRDA:762,34,0,0
BRDA:762,34,1,6
BRDA:762,35,0,6
BRDA:762,35,1,6
BRDA:771,36,0,0
BRDA:771,36,1,0
BRDA:771,36,2,0
BRDA:774,37,0,0
BRDA:774,37,1,0
BRDA:774,38,0,0
BRDA:774,38,1,0
BRDA:785,39,0,1
BRDA:785,39,1,5
BRDA:789,40,0,1
BRDA:789,40,1,0
BRDA:789,40,2,0
BRDA:794,41,0,5
BRDA:794,41,1,3
BRDA:807,42,0,0
BRDA:807,42,1,3
BRDA:879,43,0,5
BRDA:879,43,1,4
BRDA:928,44,0,5
BRDA:928,44,1,4
BRDA:946,45,0,5
BRDA:946,45,1,4
BRDA:1027,46,0,1
BRDA:1027,46,1,1
BRDA:1095,47,0,0
BRDA:1095,47,1,3
BRDA:1120,48,0,4
BRDA:1232,49,0,1
BRDA:1232,49,1,6
BRDA:1237,50,0,3
BRDA:1237,50,1,3
BRDA:1287,51,0,0
BRDA:1287,51,1,3
BRDA:1378,52,0,1
BRDA:1378,52,1,2
BRDA:1379,53,0,3
BRDA:1379,53,1,2
BRDA:1402,54,0,3
BRDA:1402,54,1,2
BRDA:1404,55,0,3
BRDA:1404,55,1,0
BRDA:1404,55,2,0
BRDA:1407,56,0,1
BRDA:1407,56,1,2
BRDA:1409,57,0,1
BRDA:1409,57,1,0
BRDA:1440,58,0,2
BRDA:1440,58,1,2
BRDA:1443,59,0,2
BRDA:1443,59,1,0
BRDA:1443,59,2,0
BRDA:1450,60,0,1
BRDA:1450,60,1,1
BRDA:1451,61,0,2
BRDA:1451,61,1,1
BRDA:1479,62,0,1
BRDA:1479,62,1,3
BRDA:1493,63,0,0
BRDA:1493,63,1,3
BRDA:1510,64,0,0
BRDA:1510,64,1,0
BRDA:1530,65,0,1
BRDA:1530,65,1,3
BRDA:1533,66,0,1
BRDA:1533,66,1,0
BRDA:1533,66,2,0
BRDA:1538,67,0,3
BRDA:1538,67,1,3
BRDA:1538,67,2,2
BRDA:1551,68,0,1
BRDA:1561,69,0,2
BRDA:1561,69,1,2
BRDA:1563,70,0,2
BRDA:1563,70,1,0
BRDA:1776,71,0,4
BRDA:1776,71,1,4
BRDA:1788,72,0,1
BRDA:1792,73,0,2
BRDA:1792,73,1,2
BRDA:1794,74,0,2
BRDA:1794,74,1,0
BRDA:1859,75,0,4
BRDA:1859,75,1,4
BRDA:1890,76,0,2
BRDA:1890,76,1,2
BRDA:1893,77,0,2
BRDA:1893,77,1,0
BRDA:1893,77,2,0
BRDA:1920,78,0,1
BRDA:1920,78,1,2
BRDA:1923,79,0,1
BRDA:1923,79,1,0
BRDA:1923,79,2,0
BRDA:1950,80,0,1
BRDA:1950,80,1,2
BRDA:1953,81,0,1
BRDA:1953,81,1,0
BRDA:1953,81,2,0
BRDA:1978,82,0,1
BRDA:1978,82,1,2
BRDA:1981,83,0,1
BRDA:1981,83,1,0
BRDA:1981,83,2,0
BRDA:2008,84,0,1
BRDA:2008,84,1,2
BRDA:2011,85,0,1
BRDA:2011,85,1,0
BRDA:2011,85,2,0
BRDA:2037,86,0,2
BRDA:2037,86,1,2
BRDA:2040,87,0,2
BRDA:2040,87,1,0
BRDA:2060,88,0,5
BRDA:2060,88,1,4
BRDA:2061,89,0,5
BRDA:2061,89,1,5
BRDA:2066,90,0,1
BRDA:2066,90,1,3
BRDA:2069,91,0,1
BRDA:2069,91,1,0
BRDA:2092,92,0,0
BRDA:2092,92,1,4
BRDA:2095,93,0,2
BRDA:2095,93,1,2
BRDA:2098,94,0,2
BRDA:2098,94,1,0
BRDA:2098,94,2,0
BRDA:2122,95,0,3
BRDA:2122,95,1,2
BRDA:2126,96,0,3
BRDA:2126,96,1,1
BRDA:2126,96,2,1
BRDA:2153,97,0,2
BRDA:2153,97,1,3
BRDA:2156,98,0,2
BRDA:2156,98,1,0
BRDA:2156,98,2,0
BRDA:2160,99,0,3
BRDA:2160,99,1,1
BRDA:2176,100,0,5
BRDA:2176,100,1,1
BRDA:2178,101,0,5
BRDA:2178,101,1,4
BRDA:2183,102,0,1
BRDA:2183,102,1,3
BRDA:2186,103,0,1
BRDA:2186,103,1,0
BRDA:2186,103,2,0
BRDA:2190,104,0,3
BRDA:2190,104,1,0
BRDA:2206,105,0,0
BRDA:2206,105,1,0
BRDA:2210,106,0,0
BRDA:2210,106,1,0
BRDA:2213,107,0,0
BRDA:2213,107,1,0
BRDA:2213,107,2,0
BRDA:2217,108,0,0
BRDA:2217,108,1,0
BRDA:2232,109,0,0
BRDA:2232,109,1,0
BRDA:2235,110,0,0
BRDA:2235,110,1,0
BRDA:2235,110,2,0
BRDA:2239,111,0,0
BRDA:2239,111,1,0
BRDA:2254,112,0,0
BRDA:2254,112,1,0
BRDA:2257,113,0,0
BRDA:2257,113,1,0
BRDA:2257,113,2,0
BRDA:2293,114,0,0
BRDA:2293,114,1,0
BRDA:2307,115,0,0
BRDA:2307,115,1,0
BRDA:2310,116,0,0
BRDA:2310,116,1,0
BRDA:2310,116,2,0
BRDA:2360,117,0,0
BRDA:2360,117,1,0
BRDA:2363,118,0,0
BRDA:2363,118,1,0
BRDA:2363,118,2,0
BRDA:2380,119,0,0
BRDA:2380,119,1,0
BRDA:2383,120,0,0
BRDA:2383,120,1,0
BRDA:2386,121,0,0
BRDA:2386,121,1,0
BRDA:2386,121,2,0
BRDA:2409,122,0,0
BRDA:2409,122,1,0
BRDA:2412,123,0,0
BRDA:2412,123,1,0
BRDA:2412,123,2,0
BRDA:2416,124,0,0
BRDA:2416,124,1,0
BRDA:2442,125,0,0
BRDA:2442,125,1,0
BRDA:2443,126,0,0
BRDA:2443,126,1,0
BRDA:2444,127,0,0
BRDA:2444,127,1,0
BRDA:2448,128,0,0
BRDA:2448,128,1,0
BRDA:2451,129,0,0
BRDA:2451,129,1,0
BRDA:2454,130,0,0
BRDA:2454,130,1,0
BRDA:2457,131,0,0
BRDA:2457,131,1,0
BRDA:2466,132,0,0
BRDA:2466,132,1,0
BRDA:2469,133,0,0
BRDA:2469,133,1,0
BRDA:2469,133,2,0
BRDA:2476,134,0,0
BRDA:2476,134,1,0
BRDA:2493,135,0,0
BRDA:2493,135,1,0
BRDA:2496,136,0,0
BRDA:2496,136,1,0
BRDA:2496,136,2,0
BRDA:2516,137,0,0
BRDA:2516,137,1,0
BRDA:2520,138,0,0
BRDA:2520,138,1,0
BRDA:2520,138,2,0
BRDA:2550,139,0,0
BRDA:2550,139,1,0
BRDA:2553,140,0,0
BRDA:2553,140,1,0
BRDA:2553,140,2,0
BRDA:2574,141,0,0
BRDA:2574,141,1,0
BRDA:2578,142,0,0
BRDA:2578,142,1,0
BRDA:2578,142,2,0
BRDA:2596,143,0,0
BRDA:2596,143,1,0
BRDA:2599,144,0,0
BRDA:2599,144,1,0
BRDA:2602,145,0,0
BRDA:2602,145,1,0
BRDA:2602,145,2,0
BRDA:2633,146,0,0
BRDA:2633,146,1,0
BRDA:2636,147,0,0
BRDA:2636,147,1,0
BRDA:2636,147,2,0
BRDA:2640,148,0,0
BRDA:2640,148,1,0
BRDA:2661,149,0,0
BRDA:2661,149,1,0
BRDA:2662,150,0,0
BRDA:2662,150,1,0
BRDA:2662,150,2,0
BRDA:2664,151,0,0
BRDA:2664,151,1,0
BRDA:2675,152,0,0
BRDA:2675,152,1,0
BRDA:2676,153,0,0
BRDA:2676,153,1,0
BRDA:2676,153,2,0
BRDA:2678,154,0,0
BRDA:2678,154,1,0
BRDA:2691,155,0,0
BRDA:2691,155,1,0
BRDA:2692,156,0,0
BRDA:2692,156,1,0
BRDA:2692,156,2,0
BRDA:2714,157,0,0
BRDA:2714,157,1,0
BRDA:2717,158,0,0
BRDA:2717,158,1,0
BRDA:2723,159,0,0
BRDA:2723,159,1,0
BRDA:2724,160,0,0
BRDA:2724,160,1,0
BRDA:2724,160,2,0
BRDA:2747,161,0,0
BRDA:2747,161,1,0
BRDA:2753,162,0,0
BRDA:2753,162,1,0
BRDA:2754,163,0,0
BRDA:2754,163,1,0
BRDA:2754,163,2,0
BRDA:2781,164,0,0
BRDA:2781,164,1,0
BRDA:2782,165,0,0
BRDA:2782,165,1,0
BRDA:2782,165,2,0
BRDA:2797,166,0,0
BRDA:2797,166,1,0
BRDA:2797,167,0,0
BRDA:2797,167,1,0
BRDA:2823,168,0,0
BRDA:2823,168,1,0
BRF:374
BRH:149
end_of_record
TN:
SF:src\api\coverLetterApi.ts
FN:7,(anonymous_0)
FN:8,(anonymous_1)
FN:9,(anonymous_2)
FN:10,(anonymous_3)
FN:11,(anonymous_4)
FNF:5
FNH:0
FNDA:0,(anonymous_0)
FNDA:0,(anonymous_1)
FNDA:0,(anonymous_2)
FNDA:0,(anonymous_3)
FNDA:0,(anonymous_4)
DA:6,1
DA:7,0
DA:8,0
DA:9,0
DA:10,0
DA:11,0
LF:6
LH:1
BRDA:11,0,0,0
BRF:1
BRH:0
end_of_record
TN:
SF:src\api\index.ts
FNF:0
FNH:0
DA:50,1
LF:1
LH:1
BRF:0
BRH:0
end_of_record
TN:
SF:src\api\interviewApi.ts
FN:99,getInterviewPreps
FN:150,getInterviewPrep
FN:157,generateInterviewPrep
FN:166,deleteInterviewPrep
FN:173,getCommonQuestions
FN:180,getBehavioralQuestions
FN:187,getTechnicalQuestions
FN:194,regenerateQuestion
FN:201,generatePracticeQuestions
FN:214,generatePracticeStarStory
FN:232,savePracticeResponse
FN:253,getPracticeHistory
FN:260,getCompanyResearch
FN:275,getCompanyNews
FN:299,getValuesAlignment
FN:306,getReadinessScore
FN:313,getInterviewStrategy
FN:326,getCompetitiveIntelligence
FNF:18
FNH:18
FNDA:3,getInterviewPreps
FNDA:1,getInterviewPrep
FNDA:1,generateInterviewPrep
FNDA:1,deleteInterviewPrep
FNDA:1,getCommonQuestions
FNDA:1,getBehavioralQuestions
FNDA:1,getTechnicalQuestions
FNDA:1,regenerateQuestion
FNDA:2,generatePracticeQuestions
FNDA:1,generatePracticeStarStory
FNDA:1,savePracticeResponse
FNDA:1,getPracticeHistory
FNDA:2,getCompanyResearch
FNDA:2,getCompanyNews
FNDA:1,getValuesAlignment
FNDA:1,getReadinessScore
FNDA:1,getInterviewStrategy
FNDA:1,getCompetitiveIntelligence
DA:100,3
DA:101,3
DA:104,2
DA:105,2
DA:106,0
DA:107,0
DA:115,0
DA:116,0
DA:118,0
DA:125,2
DA:127,2
DA:128,0
DA:135,2
DA:136,2
DA:138,1
DA:139,1
DA:151,1
DA:158,1
DA:167,1
DA:174,1
DA:181,1
DA:188,1
DA:195,1
DA:205,2
DA:223,1
DA:240,1
DA:254,1
DA:265,2
DA:288,2
DA:300,1
DA:307,1
DA:320,1
DA:333,1
DA:336,2
LF:34
LH:28
BRDA:105,0,0,0
BRDA:105,0,1,2
BRDA:105,1,0,2
BRDA:105,1,1,2
BRDA:115,2,0,0
BRDA:115,2,1,0
BRDA:116,3,0,0
BRDA:116,3,1,0
BRDA:127,4,0,0
BRDA:127,4,1,2
BRDA:131,5,0,0
BRDA:131,5,1,0
BRDA:131,5,2,0
BRDA:135,6,0,2
BRDA:135,6,1,1
BRDA:135,6,2,0
BRDA:142,7,0,1
BRDA:142,7,1,0
BRDA:207,8,0,2
BRDA:207,8,1,1
BRDA:292,9,0,2
BRDA:292,9,1,1
BRF:22
BRH:11
end_of_record
TN:
SF:src\api\resumeApi.ts
FN:41,getResumes
FN:60,getResume
FN:67,uploadResume
FN:74,deleteResume
FN:81,getResumeAnalysis
FNF:5
FNH:5
FNDA:5,getResumes
FNDA:1,getResume
FNDA:1,uploadResume
FNDA:1,deleteResume
FNDA:1,getResumeAnalysis
DA:42,5
DA:43,5
DA:44,3
DA:45,3
DA:46,3
DA:48,2
DA:49,2
DA:61,1
DA:68,1
DA:75,1
DA:102,1
DA:105,2
LF:12
LH:12
BRDA:45,0,0,3
BRDA:45,0,1,1
BRDA:52,1,0,1
BRDA:52,1,1,1
BRF:4
BRH:4
end_of_record
TN:
SF:src\api\starStoryApi.ts
FN:7,(anonymous_0)
FN:8,(anonymous_1)
FN:9,(anonymous_2)
FN:10,(anonymous_3)
FN:11,(anonymous_4)
FN:12,(anonymous_5)
FN:13,(anonymous_6)
FNF:7
FNH:0
FNDA:0,(anonymous_0)
FNDA:0,(anonymous_1)
FNDA:0,(anonymous_2)
FNDA:0,(anonymous_3)
FNDA:0,(anonymous_4)
FNDA:0,(anonymous_5)
FNDA:0,(anonymous_6)
DA:6,1
DA:7,0
DA:8,0
DA:9,0
DA:10,0
DA:11,0
DA:12,0
DA:13,0
LF:8
LH:1
BRF:0
BRH:0
end_of_record
TN:
SF:src\api\tailorApi.ts
FN:56,extractJobDetails
FN:93,tailorResume
FN:128,getTailoredResume
FN:135,getTailoredResumes
FN:145,tailorResumeBatch
FN:162,getKeywordAnalysis
FN:174,updateTailoredResume
FN:184,exportTailoredResume
FN:202,getSavedJobs
FN:209,saveJob
FN:220,deleteSavedJob
FN:244,listTailoredResumes
FN:260,(anonymous_12)
FN:291,deleteTailoredResume
FN:315,bulkDeleteTailoredResumes
FNF:15
FNH:8
FNDA:5,extractJobDetails
FNDA:7,tailorResume
FNDA:1,getTailoredResume
FNDA:2,getTailoredResumes
FNDA:3,tailorResumeBatch
FNDA:1,getKeywordAnalysis
FNDA:1,updateTailoredResume
FNDA:2,exportTailoredResume
FNDA:0,getSavedJobs
FNDA:0,saveJob
FNDA:0,deleteSavedJob
FNDA:0,listTailoredResumes
FNDA:0,(anonymous_12)
FNDA:0,deleteTailoredResume
FNDA:0,bulkDeleteTailoredResumes
DA:57,5
DA:58,5
DA:62,4
DA:64,4
DA:65,3
DA:71,1
DA:82,1
DA:83,1
DA:94,7
DA:95,7
DA:106,5
DA:108,5
DA:109,3
DA:115,2
DA:117,2
DA:118,2
DA:129,1
DA:136,2
DA:139,2
DA:146,3
DA:147,1
DA:153,2
DA:168,1
DA:178,1
DA:188,2
DA:203,0
DA:210,0
DA:221,0
DA:222,0
DA:226,0
DA:227,0
DA:230,0
DA:231,0
DA:232,0
DA:234,0
DA:236,0
DA:237,0
DA:245,0
DA:246,0
DA:247,0
DA:249,0
DA:250,0
DA:257,0
DA:258,0
DA:261,0
DA:267,0
DA:268,0
DA:270,0
DA:271,0
DA:273,0
DA:274,0
DA:276,0
DA:280,0
DA:281,0
DA:292,0
DA:293,0
DA:297,0
DA:298,0
DA:301,0
DA:302,0
DA:303,0
DA:305,0
DA:307,0
DA:308,0
DA:316,0
DA:319,2
LF:66
LH:26
BRDA:64,0,0,3
BRDA:64,0,1,1
BRDA:64,1,0,4
BRDA:64,1,1,3
BRDA:67,2,0,3
BRDA:67,2,1,1
BRDA:85,3,0,1
BRDA:85,3,1,0
BRDA:108,4,0,3
BRDA:108,4,1,2
BRDA:111,5,0,3
BRDA:111,5,1,2
BRDA:111,5,2,1
BRDA:120,6,0,1
BRDA:120,6,1,1
BRDA:136,7,0,1
BRDA:136,7,1,1
BRDA:146,8,0,1
BRDA:146,8,1,2
BRDA:226,9,0,0
BRDA:226,9,1,0
BRDA:231,10,0,0
BRDA:231,10,1,0
BRDA:232,11,0,0
BRDA:232,11,1,0
BRDA:237,12,0,0
BRDA:237,12,1,0
BRDA:249,13,0,0
BRDA:249,13,1,0
BRDA:252,14,0,0
BRDA:252,14,1,0
BRDA:252,14,2,0
BRDA:257,15,0,0
BRDA:257,15,1,0
BRDA:257,15,2,0
BRDA:267,16,0,0
BRDA:267,16,1,0
BRDA:267,17,0,0
BRDA:267,17,1,0
BRDA:270,18,0,0
BRDA:270,18,1,0
BRDA:270,19,0,0
BRDA:270,19,1,0
BRDA:273,20,0,0
BRDA:273,20,1,0
BRDA:273,21,0,0
BRDA:273,21,1,0
BRDA:283,22,0,0
BRDA:283,22,1,0
BRDA:297,23,0,0
BRDA:297,23,1,0
BRDA:302,24,0,0
BRDA:302,24,1,0
BRDA:303,25,0,0
BRDA:303,25,1,0
BRDA:303,25,2,0
BRDA:308,26,0,0
BRDA:308,26,1,0
BRF:58
BRH:18
end_of_record
TN:
SF:src\components\ApplicationFormModal.tsx
FN:67,ApplicationFormModal
FN:95,(anonymous_1)
FN:103,(anonymous_2)
FN:150,(anonymous_3)
FN:199,(anonymous_4)
FN:210,(anonymous_5)
FN:269,(anonymous_6)
FN:284,(anonymous_7)
FN:368,(anonymous_8)
FN:382,(anonymous_9)
FNF:10
FNH:0
FNDA:0,ApplicationFormModal
FNDA:0,(anonymous_1)
FNDA:0,(anonymous_2)
FNDA:0,(anonymous_3)
FNDA:0,(anonymous_4)
FNDA:0,(anonymous_5)
FNDA:0,(anonymous_6)
FNDA:0,(anonymous_7)
FNDA:0,(anonymous_8)
FNDA:0,(anonymous_9)
DA:19,0
DA:76,0
DA:77,0
DA:78,0
DA:79,0
DA:82,0
DA:83,0
DA:84,0
DA:85,0
DA:86,0
DA:87,0
DA:88,0
DA:89,0
DA:90,0
DA:91,0
DA:92,0
DA:93,0
DA:95,0
DA:96,0
DA:97,0
DA:98,0
DA:99,0
DA:100,0
DA:103,0
DA:104,0
DA:105,0
DA:106,0
DA:107,0
DA:108,0
DA:109,0
DA:110,0
DA:111,0
DA:112,0
DA:113,0
DA:114,0
DA:115,0
DA:116,0
DA:117,0
DA:118,0
DA:119,0
DA:120,0
DA:121,0
DA:122,0
DA:123,0
DA:124,0
DA:125,0
DA:126,0
DA:127,0
DA:128,0
DA:129,0
DA:130,0
DA:131,0
DA:134,0
DA:135,0
DA:136,0
DA:137,0
DA:138,0
DA:139,0
DA:140,0
DA:141,0
DA:142,0
DA:143,0
DA:144,0
DA:145,0
DA:146,0
DA:150,0
DA:152,0
DA:153,0
DA:154,0
DA:156,0
DA:157,0
DA:158,0
DA:161,0
DA:162,0
DA:163,0
DA:179,0
DA:180,0
DA:182,0
DA:185,0
DA:186,0
DA:187,0
DA:188,0
DA:190,0
DA:193,0
DA:195,0
DA:199,0
DA:200,0
DA:202,0
DA:211,0
DA:212,0
DA:213,0
DA:215,0
DA:216,0
DA:217,0
DA:218,0
DA:220,0
DA:223,0
DA:225,0
DA:233,0
DA:270,0
DA:284,0
DA:369,0
DA:382,0
DA:598,0
LF:104
LH:0
BRDA:70,0,0,0
BRDA:100,1,0,0
BRDA:100,1,1,0
BRDA:104,2,0,0
BRDA:104,2,1,0
BRDA:105,3,0,0
BRDA:105,3,1,0
BRDA:106,4,0,0
BRDA:106,4,1,0
BRDA:107,5,0,0
BRDA:107,5,1,0
BRDA:108,6,0,0
BRDA:108,6,1,0
BRDA:109,7,0,0
BRDA:109,7,1,0
BRDA:110,8,0,0
BRDA:110,8,1,0
BRDA:111,9,0,0
BRDA:111,9,1,0
BRDA:112,10,0,0
BRDA:112,10,1,0
BRDA:113,11,0,0
BRDA:113,11,1,0
BRDA:114,12,0,0
BRDA:114,12,1,0
BRDA:115,13,0,0
BRDA:115,13,1,0
BRDA:116,14,0,0
BRDA:116,14,1,0
BRDA:118,15,0,0
BRDA:118,15,1,0
BRDA:119,16,0,0
BRDA:119,16,1,0
BRDA:120,17,0,0
BRDA:120,17,1,0
BRDA:121,18,0,0
BRDA:121,18,1,0
BRDA:123,19,0,0
BRDA:123,19,1,0
BRDA:152,20,0,0
BRDA:152,20,1,0
BRDA:156,21,0,0
BRDA:156,21,1,0
BRDA:166,22,0,0
BRDA:166,22,1,0
BRDA:168,23,0,0
BRDA:168,23,1,0
BRDA:169,24,0,0
BRDA:169,24,1,0
BRDA:170,25,0,0
BRDA:170,25,1,0
BRDA:171,26,0,0
BRDA:171,26,1,0
BRDA:172,27,0,0
BRDA:172,27,1,0
BRDA:173,28,0,0
BRDA:173,28,1,0
BRDA:174,29,0,0
BRDA:174,29,1,0
BRDA:175,30,0,0
BRDA:175,30,1,0
BRDA:179,31,0,0
BRDA:179,31,1,0
BRDA:185,32,0,0
BRDA:185,32,1,0
BRDA:186,33,0,0
BRDA:186,33,1,0
BRDA:190,34,0,0
BRDA:190,34,1,0
BRDA:193,35,0,0
BRDA:193,35,1,0
BRDA:200,36,0,0
BRDA:200,36,1,0
BRDA:215,37,0,0
BRDA:215,37,1,0
BRDA:220,38,0,0
BRDA:220,38,1,0
BRDA:223,39,0,0
BRDA:223,39,1,0
BRDA:245,40,0,0
BRDA:245,40,1,0
BRDA:255,41,0,0
BRDA:255,41,1,0
BRDA:255,41,2,0
BRDA:276,42,0,0
BRDA:276,42,1,0
BRDA:278,43,0,0
BRDA:278,43,1,0
BRDA:280,44,0,0
BRDA:280,44,1,0
BRDA:287,45,0,0
BRDA:287,45,1,0
BRDA:375,46,0,0
BRDA:375,46,1,0
BRDA:377,47,0,0
BRDA:377,47,1,0
BRDA:388,48,0,0
BRDA:388,48,1,0
BRDA:559,49,0,0
BRDA:559,49,1,0
BRDA:565,50,0,0
BRDA:565,50,1,0
BRDA:571,51,0,0
BRDA:571,51,1,0
BRDA:577,52,0,0
BRDA:577,52,1,0
BRF:106
BRH:0
end_of_record
TN:
SF:src\components\BehavioralTechnicalQuestions.tsx
FN:54,BehavioralTechnicalQuestions
FN:68,(anonymous_1)
FN:92,(anonymous_2)
FN:102,(anonymous_3)
FN:115,(anonymous_4)
FN:128,(anonymous_5)
FN:190,(anonymous_6)
FN:193,(anonymous_7)
FN:224,(anonymous_8)
FN:227,(anonymous_9)
FN:262,(anonymous_10)
FN:269,(anonymous_11)
FN:381,(anonymous_12)
FN:398,(anonymous_13)
FNF:14
FNH:14
FNDA:97,BehavioralTechnicalQuestions
FNDA:38,(anonymous_1)
FNDA:3,(anonymous_2)
FNDA:225,(anonymous_3)
FNDA:50,(anonymous_4)
FNDA:16,(anonymous_5)
FNDA:150,(anonymous_6)
FNDA:6,(anonymous_7)
FNDA:200,(anonymous_8)
FNDA:8,(anonymous_9)
FNDA:109,(anonymous_10)
FNDA:3,(anonymous_11)
FNDA:67,(anonymous_12)
FNDA:67,(anonymous_13)
DA:60,97
DA:61,97
DA:62,97
DA:63,97
DA:64,97
DA:65,97
DA:66,97
DA:68,97
DA:69,38
DA:71,37
DA:72,37
DA:74,37
DA:75,37
DA:76,35
DA:77,33
DA:80,33
DA:81,33
DA:82,32
DA:86,2
DA:88,37
DA:92,97
DA:93,3
DA:94,3
DA:95,1
DA:97,2
DA:99,3
DA:102,97
DA:103,225
DA:105,76
DA:107,69
DA:109,78
DA:111,2
DA:115,97
DA:116,50
DA:118,50
DA:120,50
DA:121,47
DA:123,50
DA:124,46
DA:127,50
DA:128,16
DA:131,50
DA:134,97
DA:135,46
DA:170,51
DA:171,1
DA:181,50
DA:183,50
DA:191,150
DA:193,6
DA:225,200
DA:227,8
DA:263,109
DA:265,109
DA:269,3
DA:382,67
DA:399,67
DA:425,1
LF:58
LH:58
BRDA:69,0,0,1
BRDA:69,0,1,37
BRDA:76,1,0,33
BRDA:76,1,1,2
BRDA:80,2,0,33
BRDA:80,2,1,5
BRDA:81,3,0,32
BRDA:81,3,1,1
BRDA:86,4,0,2
BRDA:86,4,1,1
BRDA:94,5,0,1
BRDA:94,5,1,2
BRDA:103,6,0,76
BRDA:103,6,1,69
BRDA:103,6,2,78
BRDA:103,6,3,2
BRDA:116,7,0,0
BRDA:116,7,1,50
BRDA:120,8,0,47
BRDA:120,8,1,3
BRDA:120,9,0,50
BRDA:120,9,1,7
BRDA:123,10,0,46
BRDA:123,10,1,4
BRDA:123,11,0,50
BRDA:123,11,1,7
BRDA:127,12,0,7
BRDA:127,12,1,43
BRDA:134,13,0,46
BRDA:134,13,1,51
BRDA:134,14,0,97
BRDA:134,14,1,47
BRDA:153,15,0,0
BRDA:153,15,1,46
BRDA:157,16,0,0
BRDA:157,16,1,46
BRDA:160,17,0,46
BRDA:160,17,1,2
BRDA:170,18,0,1
BRDA:170,18,1,50
BRDA:198,19,0,50
BRDA:198,19,1,100
BRDA:199,20,0,50
BRDA:199,20,1,100
BRDA:199,21,0,0
BRDA:199,21,1,100
BRDA:205,22,0,150
BRDA:205,22,1,50
BRDA:206,23,0,150
BRDA:206,23,1,50
BRDA:211,24,0,50
BRDA:211,24,1,100
BRDA:232,25,0,50
BRDA:232,25,1,150
BRDA:235,26,0,50
BRDA:235,26,1,150
BRDA:235,27,0,0
BRDA:235,27,1,150
BRDA:246,28,0,50
BRDA:246,28,1,150
BRDA:247,29,0,43
BRDA:247,29,1,7
BRDA:277,30,0,37
BRDA:277,30,1,72
BRDA:300,31,0,42
BRDA:300,31,1,67
BRDA:304,32,0,109
BRDA:304,32,1,108
BRDA:310,33,0,42
BRDA:310,33,1,67
BRDA:318,34,0,109
BRDA:318,34,1,42
BRDA:357,35,0,42
BRDA:357,35,1,34
BRDA:376,36,0,42
BRDA:376,36,1,35
BRDA:376,36,2,34
BRDA:393,37,0,42
BRDA:393,37,1,35
BRDA:393,37,2,34
BRDA:414,38,0,50
BRDA:414,38,1,3
BRF:82
BRH:77
end_of_record
TN:
SF:src\components\CareerPathCertifications.tsx
FN:66,CareerPathCertifications
FN:79,(anonymous_1)
FN:89,(anonymous_2)
FN:102,(anonymous_3)
FN:117,(anonymous_4)
FN:127,(anonymous_5)
FN:129,(anonymous_6)
FN:143,(anonymous_7)
FN:155,(anonymous_8)
FN:156,(anonymous_9)
FN:165,(anonymous_10)
FN:212,(anonymous_11)
FN:231,(anonymous_12)
FN:263,(anonymous_13)
FN:266,(anonymous_14)
FN:302,(anonymous_15)
FN:315,(anonymous_16)
FN:332,(anonymous_17)
FN:418,(anonymous_18)
FN:436,(anonymous_19)
FN:482,(anonymous_20)
FN:485,(anonymous_21)
FN:525,(anonymous_22)
FN:531,(anonymous_23)
FN:569,(anonymous_24)
FN:585,(anonymous_25)
FN:678,(anonymous_26)
FN:697,(anonymous_27)
FN:757,(anonymous_28)
FN:760,(anonymous_29)
FN:790,(anonymous_30)
FN:796,(anonymous_31)
FNF:32
FNH:23
FNDA:156,CareerPathCertifications
FNDA:35,(anonymous_1)
FNDA:224,(anonymous_2)
FNDA:0,(anonymous_3)
FNDA:3,(anonymous_4)
FNDA:14,(anonymous_5)
FNDA:32,(anonymous_6)
FNDA:40,(anonymous_7)
FNDA:188,(anonymous_8)
FNDA:564,(anonymous_9)
FNDA:112,(anonymous_10)
FNDA:0,(anonymous_11)
FNDA:52,(anonymous_12)
FNDA:376,(anonymous_13)
FNDA:7,(anonymous_14)
FNDA:186,(anonymous_15)
FNDA:70,(anonymous_16)
FNDA:0,(anonymous_17)
FNDA:0,(anonymous_18)
FNDA:0,(anonymous_19)
FNDA:0,(anonymous_20)
FNDA:0,(anonymous_21)
FNDA:0,(anonymous_22)
FNDA:0,(anonymous_23)
FNDA:109,(anonymous_24)
FNDA:35,(anonymous_25)
FNDA:105,(anonymous_26)
FNDA:52,(anonymous_27)
FNDA:52,(anonymous_28)
FNDA:2,(anonymous_29)
FNDA:2,(anonymous_30)
FNDA:1,(anonymous_31)
DA:74,156
DA:75,156
DA:76,156
DA:77,156
DA:79,156
DA:80,35
DA:81,35
DA:82,1
DA:84,34
DA:86,35
DA:89,156
DA:90,224
DA:92,177
DA:94,25
DA:96,20
DA:98,2
DA:102,156
DA:103,0
DA:105,0
DA:107,0
DA:109,0
DA:111,0
DA:113,0
DA:117,156
DA:118,3
DA:119,3
DA:120,2
DA:125,156
DA:127,14
DA:129,156
DA:131,32
DA:132,32
DA:133,32
DA:135,32
DA:136,30
DA:139,2
DA:143,156
DA:144,40
DA:145,40
DA:146,40
DA:149,156
DA:155,156
DA:156,564
DA:157,188
DA:158,0
DA:161,188
DA:165,156
DA:166,112
DA:168,112
DA:170,0
DA:172,0
DA:174,0
DA:178,156
DA:179,156
DA:181,156
DA:212,0
DA:231,52
DA:264,376
DA:266,7
DA:303,186
DA:304,56
DA:316,70
DA:317,70
DA:318,70
DA:320,70
DA:332,0
DA:419,0
DA:437,0
DA:483,0
DA:485,0
DA:525,0
DA:531,0
DA:570,109
DA:571,109
DA:573,109
DA:585,35
DA:679,105
DA:698,52
DA:758,52
DA:760,2
DA:790,2
DA:796,1
DA:855,2
LF:83
LH:65
BRDA:71,0,0,140
BRDA:81,1,0,1
BRDA:81,1,1,34
BRDA:90,2,0,177
BRDA:90,2,1,25
BRDA:90,2,2,20
BRDA:90,2,3,2
BRDA:103,3,0,0
BRDA:103,3,1,0
BRDA:103,3,2,0
BRDA:103,3,3,0
BRDA:103,3,4,0
BRDA:119,4,0,2
BRDA:119,4,1,1
BRDA:125,5,0,150
BRDA:125,5,1,6
BRDA:135,6,0,30
BRDA:135,6,1,2
BRDA:144,7,0,40
BRDA:144,7,1,40
BRDA:145,8,0,40
BRDA:145,8,1,40
BRDA:157,9,0,0
BRDA:157,9,1,188
BRDA:166,10,0,112
BRDA:166,10,1,0
BRDA:166,10,2,0
BRDA:166,10,3,0
BRDA:178,11,0,94
BRDA:178,11,1,62
BRDA:184,12,0,156
BRDA:184,12,1,154
BRDA:184,12,2,3
BRDA:189,13,0,3
BRDA:189,13,1,2
BRDA:194,14,0,3
BRDA:194,14,1,2
BRDA:205,15,0,0
BRDA:205,15,1,156
BRDA:209,16,0,156
BRDA:209,16,1,62
BRDA:210,17,0,62
BRDA:210,17,1,94
BRDA:219,18,0,62
BRDA:219,18,1,94
BRDA:228,19,0,156
BRDA:228,19,1,94
BRDA:229,20,0,94
BRDA:229,20,1,62
BRDA:238,21,0,94
BRDA:238,21,1,62
BRDA:247,22,0,156
BRDA:247,22,1,62
BRDA:247,22,2,1
BRDA:259,23,0,156
BRDA:259,23,1,94
BRDA:271,24,0,94
BRDA:271,24,1,282
BRDA:274,25,0,94
BRDA:274,25,1,282
BRDA:274,26,0,0
BRDA:274,26,1,282
BRDA:285,27,0,94
BRDA:285,27,1,282
BRDA:286,28,0,88
BRDA:286,28,1,6
BRDA:302,29,0,156
BRDA:302,29,1,62
BRDA:303,30,0,130
BRDA:303,30,1,56
BRDA:318,31,0,70
BRDA:318,31,1,70
BRDA:327,32,0,70
BRDA:327,32,1,4
BRDA:345,33,0,70
BRDA:345,33,1,0
BRDA:380,34,0,70
BRDA:380,34,1,4
BRDA:386,35,0,70
BRDA:386,35,1,0
BRDA:431,36,0,0
BRDA:431,36,1,0
BRDA:431,36,2,0
BRDA:447,37,0,0
BRDA:447,37,1,0
BRDA:474,38,0,0
BRDA:474,38,1,0
BRDA:474,38,2,0
BRDA:485,39,0,0
BRDA:485,39,1,0
BRDA:502,40,0,0
BRDA:502,40,1,0
BRDA:509,41,0,0
BRDA:509,41,1,0
BRDA:520,42,0,0
BRDA:520,42,1,0
BRDA:529,43,0,0
BRDA:529,43,1,0
BRDA:535,44,0,0
BRDA:535,44,1,0
BRDA:541,45,0,0
BRDA:541,45,1,0
BRDA:544,46,0,0
BRDA:544,46,1,0
BRDA:546,47,0,0
BRDA:546,47,1,0
BRDA:551,48,0,0
BRDA:551,48,1,0
BRDA:554,49,0,0
BRDA:554,49,1,0
BRDA:569,50,0,156
BRDA:569,50,1,94
BRDA:580,51,0,109
BRDA:580,51,1,6
BRDA:636,52,0,109
BRDA:636,52,1,6
BRDA:642,53,0,109
BRDA:642,53,1,35
BRDA:692,54,0,35
BRDA:692,54,1,27
BRDA:692,54,2,26
BRDA:709,55,0,35
BRDA:709,55,1,26
BRDA:749,56,0,35
BRDA:749,56,1,27
BRDA:749,56,2,26
BRDA:760,57,0,2
BRDA:760,57,1,1
BRDA:777,58,0,52
BRDA:777,58,1,26
BRDA:785,59,0,35
BRDA:785,59,1,26
BRDA:794,60,0,35
BRDA:794,60,1,15
BRDA:800,61,0,3
BRDA:800,61,1,12
BRDA:807,62,0,3
BRDA:807,62,1,12
BRDA:811,63,0,3
BRDA:811,63,1,12
BRDA:813,64,0,3
BRDA:813,64,1,12
BRDA:819,65,0,3
BRDA:819,65,1,12
BRDA:823,66,0,3
BRDA:823,66,1,12
BRDA:834,67,0,156
BRDA:834,67,1,94
BRDA:834,67,2,3
BRDA:843,68,0,156
BRDA:843,68,1,62
BRDA:843,68,2,6
BRF:152
BRH:109
end_of_record
TN:
SF:src\components\CareerPlanResults.tsx
FN:85,(anonymous_0)
FN:86,(anonymous_1)
FN:91,(anonymous_2)
FN:92,(anonymous_3)
FN:97,(anonymous_4)
FN:98,(anonymous_5)
FN:103,(anonymous_6)
FN:104,(anonymous_7)
FN:109,(anonymous_8)
FN:110,(anonymous_9)
FN:115,(anonymous_10)
FN:116,(anonymous_11)
FN:121,(anonymous_12)
FN:122,(anonymous_13)
FN:127,(anonymous_14)
FN:128,(anonymous_15)
FN:133,(anonymous_16)
FN:134,(anonymous_17)
FN:139,(anonymous_18)
FN:140,(anonymous_19)
FN:144,CareerPlanResults
FN:152,(anonymous_21)
FN:164,(anonymous_22)
FN:171,(anonymous_23)
FN:172,(anonymous_24)
FN:175,(anonymous_25)
FN:187,(anonymous_26)
FN:189,(anonymous_27)
FN:207,(anonymous_28)
FN:222,(anonymous_29)
FN:235,(anonymous_30)
FN:236,(anonymous_31)
FN:248,(anonymous_32)
FN:256,(anonymous_33)
FN:268,(anonymous_34)
FN:284,(anonymous_35)
FN:304,(anonymous_36)
FN:320,(anonymous_37)
FN:350,(anonymous_38)
FN:387,(anonymous_39)
FN:388,(anonymous_40)
FN:398,(anonymous_41)
FN:432,(anonymous_42)
FN:441,(anonymous_43)
FN:443,(anonymous_44)
FN:454,(anonymous_45)
FN:458,(anonymous_46)
FN:464,(anonymous_47)
FN:474,(anonymous_48)
FN:484,(anonymous_49)
FN:500,(anonymous_50)
FN:522,(anonymous_51)
FN:537,(anonymous_52)
FN:545,(anonymous_53)
FN:546,(anonymous_54)
FN:572,(anonymous_55)
FN:597,(anonymous_56)
FN:598,(anonymous_57)
FN:615,(anonymous_58)
FN:617,(anonymous_59)
FN:621,(anonymous_60)
FN:670,(anonymous_61)
FN:681,(anonymous_62)
FN:690,(anonymous_63)
FN:703,(anonymous_64)
FN:708,(anonymous_65)
FN:718,(anonymous_66)
FN:739,(anonymous_67)
FN:753,(anonymous_68)
FN:764,(anonymous_69)
FN:786,(anonymous_70)
FN:830,(anonymous_71)
FN:843,(anonymous_72)
FN:867,(anonymous_73)
FN:869,(anonymous_74)
FN:893,(anonymous_75)
FN:930,(anonymous_76)
FN:946,(anonymous_77)
FN:1013,(anonymous_78)
FN:1027,(anonymous_79)
FN:1075,(anonymous_80)
FN:1086,(anonymous_81)
FN:1117,(anonymous_82)
FN:1128,(anonymous_83)
FN:1130,(anonymous_84)
FN:1131,(anonymous_85)
FN:1152,(anonymous_86)
FN:1176,(anonymous_87)
FN:1193,(anonymous_88)
FN:1210,(anonymous_89)
FN:1248,(anonymous_90)
FN:1270,(anonymous_91)
FN:1280,(anonymous_92)
FN:1304,(anonymous_93)
FN:1304,(anonymous_94)
FN:1307,(anonymous_95)
FN:1344,(anonymous_96)
FN:1348,(anonymous_97)
FNF:98
FNH:48
FNDA:52,(anonymous_0)
FNDA:59,(anonymous_1)
FNDA:55,(anonymous_2)
FNDA:59,(anonymous_3)
FNDA:55,(anonymous_4)
FNDA:59,(anonymous_5)
FNDA:53,(anonymous_6)
FNDA:59,(anonymous_7)
FNDA:55,(anonymous_8)
FNDA:59,(anonymous_9)
FNDA:55,(anonymous_10)
FNDA:59,(anonymous_11)
FNDA:54,(anonymous_12)
FNDA:59,(anonymous_13)
FNDA:55,(anonymous_14)
FNDA:59,(anonymous_15)
FNDA:55,(anonymous_16)
FNDA:59,(anonymous_17)
FNDA:55,(anonymous_18)
FNDA:59,(anonymous_19)
FNDA:59,CareerPlanResults
FNDA:48,(anonymous_21)
FNDA:48,(anonymous_22)
FNDA:0,(anonymous_23)
FNDA:0,(anonymous_24)
FNDA:2,(anonymous_25)
FNDA:3,(anonymous_26)
FNDA:3,(anonymous_27)
FNDA:3,(anonymous_28)
FNDA:0,(anonymous_29)
FNDA:0,(anonymous_30)
FNDA:0,(anonymous_31)
FNDA:2,(anonymous_32)
FNDA:2,(anonymous_33)
FNDA:0,(anonymous_34)
FNDA:0,(anonymous_35)
FNDA:0,(anonymous_36)
FNDA:2,(anonymous_37)
FNDA:1,(anonymous_38)
FNDA:0,(anonymous_39)
FNDA:0,(anonymous_40)
FNDA:1,(anonymous_41)
FNDA:1,(anonymous_42)
FNDA:0,(anonymous_43)
FNDA:0,(anonymous_44)
FNDA:0,(anonymous_45)
FNDA:0,(anonymous_46)
FNDA:0,(anonymous_47)
FNDA:0,(anonymous_48)
FNDA:0,(anonymous_49)
FNDA:0,(anonymous_50)
FNDA:0,(anonymous_51)
FNDA:0,(anonymous_52)
FNDA:0,(anonymous_53)
FNDA:0,(anonymous_54)
FNDA:0,(anonymous_55)
FNDA:0,(anonymous_56)
FNDA:0,(anonymous_57)
FNDA:0,(anonymous_58)
FNDA:0,(anonymous_59)
FNDA:0,(anonymous_60)
FNDA:0,(anonymous_61)
FNDA:0,(anonymous_62)
FNDA:0,(anonymous_63)
FNDA:2,(anonymous_64)
FNDA:4,(anonymous_65)
FNDA:6,(anonymous_66)
FNDA:0,(anonymous_67)
FNDA:0,(anonymous_68)
FNDA:0,(anonymous_69)
FNDA:0,(anonymous_70)
FNDA:0,(anonymous_71)
FNDA:0,(anonymous_72)
FNDA:0,(anonymous_73)
FNDA:0,(anonymous_74)
FNDA:0,(anonymous_75)
FNDA:0,(anonymous_76)
FNDA:0,(anonymous_77)
FNDA:0,(anonymous_78)
FNDA:0,(anonymous_79)
FNDA:0,(anonymous_80)
FNDA:0,(anonymous_81)
FNDA:0,(anonymous_82)
FNDA:1,(anonymous_83)
FNDA:1,(anonymous_84)
FNDA:0,(anonymous_85)
FNDA:528,(anonymous_86)
FNDA:1,(anonymous_87)
FNDA:1,(anonymous_88)
FNDA:0,(anonymous_89)
FNDA:354,(anonymous_90)
FNDA:1,(anonymous_91)
FNDA:106,(anonymous_92)
FNDA:590,(anonymous_93)
FNDA:544,(anonymous_94)
FNDA:7,(anonymous_95)
FNDA:0,(anonymous_96)
FNDA:1,(anonymous_97)
DA:51,1
DA:59,1
DA:81,1
DA:85,52
DA:86,59
DA:91,55
DA:92,59
DA:97,55
DA:98,59
DA:103,53
DA:104,59
DA:109,55
DA:110,59
DA:115,55
DA:116,59
DA:121,54
DA:122,59
DA:127,55
DA:128,59
DA:133,55
DA:134,59
DA:139,55
DA:140,59
DA:145,59
DA:146,59
DA:147,59
DA:148,59
DA:149,59
DA:150,59
DA:152,59
DA:153,48
DA:154,48
DA:155,48
DA:156,48
DA:157,48
DA:158,48
DA:159,48
DA:160,48
DA:161,48
DA:164,59
DA:165,48
DA:166,48
DA:167,48
DA:168,48
DA:171,59
DA:172,0
DA:175,59
DA:176,2
DA:177,1
DA:179,1
DA:180,1
DA:187,59
DA:188,3
DA:190,3
DA:208,3
DA:223,0
DA:236,0
DA:248,59
DA:249,2
DA:257,2
DA:269,0
DA:285,0
DA:305,0
DA:321,2
DA:350,59
DA:351,1
DA:388,0
DA:398,59
DA:399,1
DA:432,59
DA:433,1
DA:441,59
DA:442,0
DA:443,0
DA:446,0
DA:455,0
DA:456,0
DA:458,0
DA:459,0
DA:460,0
DA:464,0
DA:475,0
DA:476,0
DA:482,0
DA:484,0
DA:501,0
DA:523,0
DA:538,0
DA:546,0
DA:573,0
DA:598,0
DA:615,59
DA:616,0
DA:618,0
DA:619,0
DA:621,0
DA:671,0
DA:682,0
DA:690,0
DA:703,59
DA:704,2
DA:709,4
DA:719,6
DA:740,0
DA:754,0
DA:765,0
DA:786,59
DA:787,0
DA:831,0
DA:844,0
DA:868,0
DA:869,0
DA:894,0
DA:931,0
DA:947,0
DA:1013,59
DA:1014,0
DA:1028,0
DA:1029,0
DA:1076,0
DA:1087,0
DA:1117,0
DA:1128,59
DA:1129,1
DA:1131,1
DA:1139,59
DA:1152,528
DA:1155,59
DA:1176,1
DA:1193,1
DA:1210,0
DA:1249,354
DA:1270,1
DA:1281,106
DA:1304,590
DA:1305,544
DA:1306,544
DA:1307,7
DA:1344,0
DA:1348,1
DA:1362,1
LF:141
LH:89
BRDA:85,0,0,52
BRDA:85,0,1,0
BRDA:86,1,0,59
BRDA:86,1,1,56
BRDA:97,2,0,55
BRDA:97,2,1,0
BRDA:97,3,0,55
BRDA:97,3,1,55
BRDA:104,4,0,59
BRDA:104,4,1,56
BRDA:110,5,0,59
BRDA:110,5,1,56
BRDA:116,6,0,59
BRDA:116,6,1,56
BRDA:133,7,0,55
BRDA:133,7,1,0
BRDA:134,8,0,59
BRDA:134,8,1,55
BRDA:139,9,0,55
BRDA:139,9,1,0
BRDA:140,10,0,59
BRDA:140,10,1,55
BRDA:153,11,0,48
BRDA:153,11,1,7
BRDA:154,12,0,48
BRDA:154,12,1,6
BRDA:155,13,0,48
BRDA:155,13,1,4
BRDA:156,14,0,48
BRDA:156,14,1,4
BRDA:157,15,0,48
BRDA:157,15,1,6
BRDA:158,16,0,48
BRDA:158,16,1,4
BRDA:159,17,0,48
BRDA:159,17,1,4
BRDA:160,18,0,48
BRDA:160,18,1,7
BRDA:172,19,0,0
BRDA:172,19,1,0
BRDA:176,20,0,1
BRDA:176,20,1,1
BRDA:180,21,0,1
BRDA:180,21,1,0
BRDA:204,22,0,3
BRDA:204,22,1,3
BRDA:216,23,0,3
BRDA:216,23,1,0
BRDA:232,24,0,3
BRDA:232,24,1,0
BRDA:250,25,0,2
BRDA:250,25,1,2
BRDA:265,26,0,2
BRDA:265,26,1,0
BRDA:278,27,0,2
BRDA:278,27,1,0
BRDA:301,28,0,0
BRDA:301,28,1,0
BRDA:314,29,0,2
BRDA:314,29,1,2
BRDA:325,30,0,2
BRDA:325,30,1,0
BRDA:325,31,0,0
BRDA:325,31,1,0
BRDA:328,32,0,2
BRDA:328,32,1,0
BRDA:328,33,0,0
BRDA:328,33,1,0
BRDA:356,34,0,0
BRDA:356,34,1,1
BRDA:356,35,0,1
BRDA:356,35,1,0
BRDA:359,36,0,0
BRDA:359,36,1,1
BRDA:359,37,0,1
BRDA:359,37,1,0
BRDA:384,38,0,1
BRDA:384,38,1,0
BRDA:400,39,0,1
BRDA:400,39,1,1
BRDA:410,40,0,1
BRDA:410,40,1,1
BRDA:420,41,0,1
BRDA:420,41,1,0
BRDA:435,42,0,1
BRDA:435,42,1,0
BRDA:442,43,0,0
BRDA:442,43,1,0
BRDA:443,44,0,0
BRDA:443,44,1,0
BRDA:456,45,0,0
BRDA:456,45,1,0
BRDA:457,46,0,0
BRDA:457,46,1,0
BRDA:458,47,0,0
BRDA:458,47,1,0
BRDA:459,48,0,0
BRDA:459,48,1,0
BRDA:459,49,0,0
BRDA:459,49,1,0
BRDA:459,50,0,0
BRDA:459,50,1,0
BRDA:463,51,0,0
BRDA:463,51,1,0
BRDA:466,52,0,0
BRDA:466,52,1,0
BRDA:467,53,0,0
BRDA:467,53,1,0
BRDA:476,54,0,0
BRDA:476,54,1,0
BRDA:478,55,0,0
BRDA:478,55,1,0
BRDA:484,56,0,0
BRDA:484,56,1,0
BRDA:484,57,0,0
BRDA:484,57,1,0
BRDA:498,58,0,0
BRDA:498,58,1,0
BRDA:505,59,0,0
BRDA:505,59,1,0
BRDA:510,60,0,0
BRDA:510,60,1,0
BRDA:513,61,0,0
BRDA:513,61,1,0
BRDA:518,62,0,0
BRDA:518,62,1,0
BRDA:531,63,0,0
BRDA:531,63,1,0
BRDA:545,64,0,0
BRDA:545,64,1,0
BRDA:556,65,0,0
BRDA:556,65,1,0
BRDA:566,66,0,0
BRDA:566,66,1,0
BRDA:583,67,0,0
BRDA:583,67,1,0
BRDA:593,68,0,0
BRDA:593,68,1,0
BRDA:621,69,0,0
BRDA:621,69,1,0
BRDA:621,70,0,0
BRDA:621,70,1,0
BRDA:630,71,0,0
BRDA:630,71,1,0
BRDA:635,72,0,0
BRDA:635,72,1,0
BRDA:646,73,0,0
BRDA:646,73,1,0
BRDA:649,74,0,0
BRDA:649,74,1,0
BRDA:652,75,0,0
BRDA:652,75,1,0
BRDA:654,76,0,0
BRDA:654,76,1,0
BRDA:660,77,0,0
BRDA:660,77,1,0
BRDA:666,78,0,0
BRDA:666,78,1,0
BRDA:678,79,0,0
BRDA:678,79,1,0
BRDA:689,80,0,0
BRDA:689,80,1,0
BRDA:705,81,0,2
BRDA:705,81,1,2
BRDA:714,82,0,4
BRDA:714,82,1,0
BRDA:716,83,0,4
BRDA:716,83,1,4
BRDA:726,84,0,4
BRDA:726,84,1,0
BRDA:736,85,0,2
BRDA:736,85,1,0
BRDA:750,86,0,0
BRDA:750,86,1,0
BRDA:761,87,0,0
BRDA:761,87,1,0
BRDA:777,88,0,2
BRDA:777,88,1,2
BRDA:789,89,0,0
BRDA:789,89,1,0
BRDA:795,90,0,0
BRDA:795,90,1,0
BRDA:805,91,0,0
BRDA:805,91,1,0
BRDA:811,92,0,0
BRDA:811,92,1,0
BRDA:817,93,0,0
BRDA:817,93,1,0
BRDA:827,94,0,0
BRDA:827,94,1,0
BRDA:835,95,0,0
BRDA:835,95,1,0
BRDA:835,96,0,0
BRDA:835,96,1,0
BRDA:838,97,0,0
BRDA:838,97,1,0
BRDA:838,98,0,0
BRDA:838,98,1,0
BRDA:854,99,0,0
BRDA:854,99,1,0
BRDA:864,100,0,0
BRDA:864,100,1,0
BRDA:869,101,0,0
BRDA:869,101,1,0
BRDA:869,102,0,0
BRDA:869,102,1,0
BRDA:872,103,0,0
BRDA:872,103,1,0
BRDA:875,104,0,0
BRDA:875,104,1,0
BRDA:877,105,0,0
BRDA:877,105,1,0
BRDA:883,106,0,0
BRDA:883,106,1,0
BRDA:889,107,0,0
BRDA:889,107,1,0
BRDA:901,108,0,0
BRDA:901,108,1,0
BRDA:911,109,0,0
BRDA:911,109,1,0
BRDA:921,110,0,0
BRDA:921,110,1,0
BRDA:927,111,0,0
BRDA:927,111,1,0
BRDA:942,112,0,0
BRDA:942,112,1,0
BRDA:952,113,0,0
BRDA:952,113,1,0
BRDA:967,114,0,0
BRDA:967,114,1,0
BRDA:975,115,0,0
BRDA:975,115,1,0
BRDA:985,116,0,0
BRDA:985,116,1,0
BRDA:994,117,0,0
BRDA:994,117,1,0
BRDA:1002,118,0,0
BRDA:1002,118,1,0
BRDA:1015,119,0,0
BRDA:1015,119,1,0
BRDA:1030,120,0,0
BRDA:1030,120,1,0
BRDA:1039,121,0,0
BRDA:1039,121,1,0
BRDA:1056,122,0,0
BRDA:1056,122,1,0
BRDA:1064,123,0,0
BRDA:1064,123,1,0
BRDA:1065,124,0,0
BRDA:1065,124,1,0
BRDA:1072,125,0,0
BRDA:1072,125,1,0
BRDA:1083,126,0,0
BRDA:1083,126,1,0
BRDA:1096,127,0,0
BRDA:1096,127,1,0
BRDA:1106,128,0,0
BRDA:1106,128,1,0
BRDA:1116,129,0,0
BRDA:1116,129,1,0
BRDA:1175,130,0,59
BRDA:1175,130,1,52
BRDA:1192,131,0,59
BRDA:1192,131,1,53
BRDA:1200,132,0,53
BRDA:1200,132,1,0
BRDA:1201,133,0,53
BRDA:1201,133,1,0
BRDA:1203,134,0,53
BRDA:1203,134,1,0
BRDA:1209,135,0,59
BRDA:1209,135,1,53
BRDA:1218,136,0,53
BRDA:1218,136,1,0
BRDA:1221,137,0,53
BRDA:1221,137,1,0
BRDA:1221,138,0,0
BRDA:1221,138,1,0
BRDA:1224,139,0,53
BRDA:1224,139,1,0
BRDA:1224,140,0,0
BRDA:1224,140,1,0
BRDA:1263,141,0,59
BRDA:1263,141,1,53
BRDA:1282,142,0,106
BRDA:1282,142,1,53
BRDA:1296,143,0,53
BRDA:1296,143,1,0
BRDA:1296,143,2,0
BRDA:1353,144,0,59
BRDA:1353,144,1,10
BRF:291
BRH:88
end_of_record
TN:
SF:src\components\CertificationRecommendations.tsx
FN:66,CertificationRecommendations
FN:79,(anonymous_1)
FN:90,(anonymous_2)
FN:102,(anonymous_3)
FN:112,(anonymous_4)
FN:119,(anonymous_5)
FN:132,(anonymous_6)
FN:145,(anonymous_7)
FN:151,(anonymous_8)
FN:155,(anonymous_9)
FN:160,(anonymous_10)
FN:244,(anonymous_11)
FN:247,(anonymous_12)
FN:291,(anonymous_13)
FN:294,(anonymous_14)
FN:331,(anonymous_15)
FN:338,(anonymous_16)
FN:446,(anonymous_17)
FN:472,(anonymous_18)
FN:475,(anonymous_19)
FN:504,(anonymous_20)
FNF:21
FNH:21
FNDA:103,CertificationRecommendations
FNDA:40,(anonymous_1)
FNDA:35,(anonymous_2)
FNDA:4,(anonymous_3)
FNDA:3,(anonymous_4)
FNDA:303,(anonymous_5)
FNDA:172,(anonymous_6)
FNDA:53,(anonymous_7)
FNDA:17,(anonymous_8)
FNDA:12,(anonymous_9)
FNDA:34,(anonymous_10)
FNDA:212,(anonymous_11)
FNDA:7,(anonymous_12)
FNDA:212,(anonymous_13)
FNDA:7,(anonymous_14)
FNDA:83,(anonymous_15)
FNDA:4,(anonymous_16)
FNDA:85,(anonymous_17)
FNDA:10,(anonymous_18)
FNDA:2,(anonymous_19)
FNDA:2,(anonymous_20)
DA:71,103
DA:72,103
DA:73,103
DA:74,103
DA:75,103
DA:76,103
DA:77,103
DA:79,103
DA:80,40
DA:82,39
DA:83,39
DA:85,39
DA:86,39
DA:87,36
DA:88,35
DA:90,35
DA:91,35
DA:92,33
DA:96,2
DA:98,38
DA:102,103
DA:103,4
DA:104,4
DA:105,2
DA:107,2
DA:109,4
DA:112,103
DA:113,3
DA:114,3
DA:115,2
DA:119,103
DA:120,303
DA:122,192
DA:124,97
DA:126,11
DA:128,3
DA:132,103
DA:133,172
DA:135,64
DA:137,12
DA:139,94
DA:141,2
DA:145,103
DA:146,53
DA:148,53
DA:150,53
DA:151,17
DA:154,53
DA:155,12
DA:159,53
DA:160,53
DA:163,103
DA:164,49
DA:198,54
DA:199,1
DA:209,53
DA:211,53
DA:245,212
DA:247,7
DA:292,212
DA:294,7
DA:332,83
DA:334,83
DA:338,4
DA:447,85
DA:473,10
DA:475,2
DA:504,2
DA:526,1
LF:69
LH:69
BRDA:80,0,0,1
BRDA:80,0,1,39
BRDA:87,1,0,35
BRDA:87,1,1,1
BRDA:91,2,0,33
BRDA:91,2,1,2
BRDA:96,3,0,2
BRDA:96,3,1,1
BRDA:104,4,0,2
BRDA:104,4,1,2
BRDA:114,5,0,2
BRDA:114,5,1,1
BRDA:120,6,0,192
BRDA:120,6,1,97
BRDA:120,6,2,11
BRDA:120,6,3,3
BRDA:133,7,0,64
BRDA:133,7,1,12
BRDA:133,7,2,94
BRDA:133,7,3,2
BRDA:146,8,0,0
BRDA:146,8,1,53
BRDA:150,9,0,7
BRDA:150,9,1,46
BRDA:154,10,0,6
BRDA:154,10,1,47
BRDA:163,11,0,49
BRDA:163,11,1,54
BRDA:163,12,0,103
BRDA:163,12,1,50
BRDA:174,13,0,49
BRDA:174,13,1,1
BRDA:181,14,0,0
BRDA:181,14,1,49
BRDA:185,15,0,0
BRDA:185,15,1,49
BRDA:188,16,0,49
BRDA:188,16,1,2
BRDA:198,17,0,1
BRDA:198,17,1,53
BRDA:214,18,0,53
BRDA:214,18,1,52
BRDA:252,19,0,53
BRDA:252,19,1,159
BRDA:255,20,0,53
BRDA:255,20,1,159
BRDA:255,21,0,0
BRDA:255,21,1,159
BRDA:266,22,0,53
BRDA:266,22,1,159
BRDA:267,23,0,46
BRDA:267,23,1,7
BRDA:299,24,0,53
BRDA:299,24,1,159
BRDA:302,25,0,53
BRDA:302,25,1,159
BRDA:302,26,0,0
BRDA:302,26,1,159
BRDA:313,27,0,53
BRDA:313,27,1,159
BRDA:314,28,0,47
BRDA:314,28,1,6
BRDA:355,29,0,47
BRDA:355,29,1,36
BRDA:404,30,0,43
BRDA:404,30,1,40
BRDA:410,31,0,83
BRDA:410,31,1,43
BRDA:464,32,0,43
BRDA:464,32,1,5
BRDA:464,32,2,4
BRDA:475,33,0,2
BRDA:475,33,1,1
BRDA:492,34,0,10
BRDA:492,34,1,6
BRDA:499,35,0,43
BRDA:499,35,1,3
BRDA:514,36,0,53
BRDA:514,36,1,2
BRF:79
BRH:74
end_of_record
TN:
SF:src\components\ChangeExplanation.tsx
FN:23,ChangeExplanation
FN:32,(anonymous_1)
FN:45,(anonymous_2)
FN:58,(anonymous_3)
FN:78,(anonymous_4)
FN:125,(anonymous_5)
FN:194,(anonymous_6)
FNF:7
FNH:7
FNDA:20,ChangeExplanation
FNDA:45,(anonymous_1)
FNDA:25,(anonymous_2)
FNDA:25,(anonymous_3)
FNDA:9,(anonymous_4)
FNDA:25,(anonymous_5)
FNDA:12,(anonymous_6)
DA:29,20
DA:30,20
DA:32,20
DA:33,45
DA:35,10
DA:37,5
DA:39,30
DA:41,0
DA:45,20
DA:46,25
DA:48,5
DA:50,5
DA:52,15
DA:54,0
DA:58,20
DA:59,25
DA:61,5
DA:63,5
DA:65,15
DA:67,0
DA:71,20
DA:72,1
DA:75,19
DA:78,9
DA:126,25
DA:195,12
DA:222,1
LF:27
LH:24
BRDA:33,0,0,10
BRDA:33,0,1,5
BRDA:33,0,2,30
BRDA:33,0,3,0
BRDA:46,1,0,5
BRDA:46,1,1,5
BRDA:46,1,2,15
BRDA:46,1,3,0
BRDA:59,2,0,5
BRDA:59,2,1,5
BRDA:59,2,2,15
BRDA:59,2,3,0
BRDA:71,3,0,1
BRDA:71,3,1,19
BRDA:81,4,0,8
BRDA:81,4,1,11
BRDA:90,5,0,8
BRDA:90,5,1,11
BRDA:97,6,0,19
BRDA:97,6,1,8
BRDA:144,7,0,25
BRDA:144,7,1,20
BRDA:162,8,0,25
BRDA:162,8,1,20
BRDA:192,9,0,25
BRDA:192,9,1,9
BRDA:192,9,2,8
BRF:27
BRH:24
end_of_record
TN:
SF:src\components\CommonInterviewQuestions.tsx
FN:49,CommonInterviewQuestions
FN:62,(anonymous_1)
FN:82,(anonymous_2)
FN:92,(anonymous_3)
FN:94,(anonymous_4)
FN:95,(anonymous_5)
FN:96,(anonymous_6)
FN:152,(anonymous_7)
FN:160,(anonymous_8)
FN:200,(anonymous_9)
FN:249,(anonymous_10)
FNF:11
FNH:11
FNDA:88,CommonInterviewQuestions
FNDA:33,(anonymous_1)
FNDA:6,(anonymous_2)
FNDA:4,(anonymous_3)
FNDA:4,(anonymous_4)
FNDA:1,(anonymous_5)
FNDA:1,(anonymous_6)
FNDA:44,(anonymous_7)
FNDA:6,(anonymous_8)
FNDA:63,(anonymous_9)
FNDA:4,(anonymous_10)
DA:55,88
DA:56,88
DA:57,88
DA:58,88
DA:59,88
DA:60,88
DA:62,88
DA:63,33
DA:65,32
DA:66,32
DA:68,32
DA:69,32
DA:70,28
DA:71,25
DA:73,25
DA:76,4
DA:78,32
DA:82,88
DA:83,6
DA:84,6
DA:85,4
DA:87,2
DA:89,6
DA:92,88
DA:94,4
DA:95,4
DA:96,1
DA:97,1
DA:98,1
DA:99,1
DA:104,88
DA:105,50
DA:139,38
DA:140,2
DA:150,36
DA:153,44
DA:154,44
DA:156,44
DA:160,6
DA:201,63
DA:249,4
DA:274,1
LF:42
LH:42
BRDA:63,0,0,1
BRDA:63,0,1,32
BRDA:70,1,0,25
BRDA:70,1,1,3
BRDA:76,2,0,4
BRDA:76,2,1,1
BRDA:84,3,0,4
BRDA:84,3,1,2
BRDA:104,4,0,50
BRDA:104,4,1,38
BRDA:104,5,0,88
BRDA:104,5,1,52
BRDA:122,6,0,0
BRDA:122,6,1,50
BRDA:126,7,0,0
BRDA:126,7,1,50
BRDA:129,8,0,50
BRDA:129,8,1,4
BRDA:139,9,0,2
BRDA:139,9,1,36
BRDA:170,10,0,34
BRDA:170,10,1,10
BRDA:174,11,0,34
BRDA:174,11,1,10
BRDA:182,12,0,44
BRDA:182,12,1,34
BRDA:195,13,0,34
BRDA:195,13,1,33
BRDA:195,13,2,32
BRDA:212,14,0,34
BRDA:212,14,1,33
BRDA:254,15,0,4
BRDA:254,15,1,30
BRF:33
BRH:31
end_of_record
TN:
SF:src\components\CoverLetterDetailModal.tsx
FN:47,CoverLetterDetailModal
FN:62,(anonymous_1)
FN:72,(anonymous_2)
FN:97,(anonymous_3)
FN:106,(anonymous_4)
FN:127,(anonymous_5)
FN:131,(anonymous_6)
FN:137,(anonymous_7)
FN:145,(anonymous_8)
FN:146,(anonymous_9)
FN:186,(anonymous_10)
FN:247,(anonymous_11)
FN:314,(anonymous_12)
FNF:13
FNH:0
FNDA:0,CoverLetterDetailModal
FNDA:0,(anonymous_1)
FNDA:0,(anonymous_2)
FNDA:0,(anonymous_3)
FNDA:0,(anonymous_4)
FNDA:0,(anonymous_5)
FNDA:0,(anonymous_6)
FNDA:0,(anonymous_7)
FNDA:0,(anonymous_8)
FNDA:0,(anonymous_9)
FNDA:0,(anonymous_10)
FNDA:0,(anonymous_11)
FNDA:0,(anonymous_12)
DA:24,0
DA:25,0
DA:26,0
DA:54,0
DA:55,0
DA:56,0
DA:57,0
DA:58,0
DA:59,0
DA:60,0
DA:62,0
DA:63,0
DA:64,0
DA:65,0
DA:66,0
DA:70,0
DA:72,0
DA:73,0
DA:74,0
DA:75,0
DA:78,0
DA:79,0
DA:80,0
DA:84,0
DA:85,0
DA:86,0
DA:88,0
DA:91,0
DA:93,0
DA:97,0
DA:98,0
DA:107,0
DA:108,0
DA:109,0
DA:110,0
DA:111,0
DA:112,0
DA:114,0
DA:117,0
DA:119,0
DA:127,0
DA:128,0
DA:129,0
DA:130,0
DA:131,0
DA:133,0
DA:137,0
DA:138,0
DA:139,0
DA:140,0
DA:142,0
DA:144,0
DA:145,0
DA:146,0
DA:147,0
DA:148,0
DA:150,0
DA:152,0
DA:153,0
DA:155,0
DA:157,0
DA:159,0
DA:164,0
DA:168,0
DA:169,0
DA:174,0
DA:177,0
DA:180,0
DA:182,0
DA:186,0
DA:187,0
DA:188,0
DA:192,0
DA:196,0
DA:247,0
DA:315,0
DA:316,0
DA:372,0
LF:78
LH:0
BRDA:63,0,0,0
BRDA:63,0,1,0
BRDA:70,1,0,0
BRDA:70,1,1,0
BRDA:73,2,0,0
BRDA:73,2,1,0
BRDA:84,3,0,0
BRDA:84,3,1,0
BRDA:88,4,0,0
BRDA:88,4,1,0
BRDA:91,5,0,0
BRDA:91,5,1,0
BRDA:110,6,0,0
BRDA:110,6,1,0
BRDA:114,7,0,0
BRDA:114,7,1,0
BRDA:117,8,0,0
BRDA:117,8,1,0
BRDA:142,9,0,0
BRDA:142,9,1,0
BRDA:142,10,0,0
BRDA:142,10,1,0
BRDA:164,11,0,0
BRDA:164,11,1,0
BRDA:164,12,0,0
BRDA:164,12,1,0
BRDA:168,13,0,0
BRDA:168,13,1,0
BRDA:177,14,0,0
BRDA:177,14,1,0
BRDA:180,15,0,0
BRDA:180,15,1,0
BRDA:231,16,0,0
BRDA:231,16,1,0
BRDA:236,17,0,0
BRDA:236,17,1,0
BRDA:241,18,0,0
BRDA:241,18,1,0
BRDA:262,19,0,0
BRDA:262,19,1,0
BRDA:287,20,0,0
BRDA:287,20,1,0
BRDA:304,21,0,0
BRDA:304,21,1,0
BRDA:330,22,0,0
BRDA:330,22,1,0
BRF:46
BRH:0
end_of_record
TN:
SF:src\components\EditableResumeCard.tsx
FN:15,EditableResumeCard
FN:25,(anonymous_1)
FN:32,(anonymous_2)
FN:44,(anonymous_3)
FNF:4
FNH:4
FNDA:22,EditableResumeCard
FNDA:3,(anonymous_1)
FNDA:1,(anonymous_2)
FNDA:5,(anonymous_3)
DA:21,22
DA:22,22
DA:23,22
DA:25,22
DA:26,3
DA:27,2
DA:29,3
DA:32,22
DA:33,1
DA:34,1
DA:37,22
DA:44,5
DA:113,1
LF:13
LH:13
BRDA:18,0,0,5
BRDA:26,1,0,2
BRDA:26,1,1,1
BRDA:42,2,0,22
BRDA:42,2,1,17
BRDA:42,2,2,11
BRDA:53,3,0,22
BRDA:53,3,1,6
BRDA:88,4,0,6
BRDA:88,4,1,16
BRF:10
BRH:10
end_of_record
TN:
SF:src\components\EditableSkillsList.tsx
FN:15,EditableSkillsList
FN:26,(anonymous_1)
FN:28,(anonymous_2)
FN:34,(anonymous_3)
FN:40,(anonymous_4)
FN:47,(anonymous_5)
FN:48,(anonymous_6)
FN:51,(anonymous_7)
FN:64,(anonymous_8)
FN:111,(anonymous_9)
FN:115,(anonymous_10)
FN:127,(anonymous_11)
FN:166,(anonymous_12)
FNF:13
FNH:13
FNDA:38,EditableSkillsList
FNDA:7,(anonymous_1)
FNDA:11,(anonymous_2)
FNDA:1,(anonymous_3)
FNDA:3,(anonymous_4)
FNDA:1,(anonymous_5)
FNDA:3,(anonymous_6)
FNDA:1,(anonymous_7)
FNDA:9,(anonymous_8)
FNDA:24,(anonymous_9)
FNDA:1,(anonymous_10)
FNDA:1,(anonymous_11)
FNDA:47,(anonymous_12)
DA:21,38
DA:22,38
DA:23,38
DA:24,38
DA:26,38
DA:27,7
DA:28,11
DA:30,7
DA:31,7
DA:34,38
DA:35,1
DA:36,1
DA:37,1
DA:40,38
DA:41,3
DA:42,2
DA:43,2
DA:47,38
DA:48,3
DA:51,38
DA:52,1
DA:53,1
DA:54,1
DA:57,38
DA:64,9
DA:112,24
DA:115,1
DA:127,1
DA:167,47
DA:180,1
LF:30
LH:30
BRDA:18,0,0,5
BRDA:27,1,0,6
BRDA:27,1,1,1
BRDA:41,2,0,2
BRDA:41,2,1,1
BRDA:62,3,0,38
BRDA:62,3,1,33
BRDA:62,3,2,18
BRDA:73,4,0,38
BRDA:73,4,1,15
BRDA:108,5,0,15
BRDA:108,5,1,23
BRF:12
BRH:12
end_of_record
TN:
SF:src\components\EmptyState.tsx
FN:23,EmptyState
FN:82,NoResumesEmptyState
FN:94,NoTailoredResumesEmptyState
FN:106,NoInterviewPrepsEmptyState
FN:118,NoQuestionsEmptyState
FN:130,NoStarStoriesEmptyState
FN:142,NoSavedComparisonsEmptyState
FN:154,NoSearchResultsEmptyState
FN:172,NetworkErrorEmptyState
FN:184,GenericErrorEmptyState
FNF:10
FNH:10
FNDA:2,EmptyState
FNDA:1,NoResumesEmptyState
FNDA:1,NoTailoredResumesEmptyState
FNDA:1,NoInterviewPrepsEmptyState
FNDA:1,NoQuestionsEmptyState
FNDA:1,NoStarStoriesEmptyState
FNDA:1,NoSavedComparisonsEmptyState
FNDA:1,NoSearchResultsEmptyState
FNDA:1,NetworkErrorEmptyState
FNDA:2,GenericErrorEmptyState
DA:32,2
DA:34,2
DA:83,1
DA:95,1
DA:107,1
DA:119,1
DA:131,1
DA:143,1
DA:161,1
DA:173,1
DA:191,2
DA:202,1
LF:12
LH:12
BRDA:40,0,0,2
BRDA:40,0,1,0
BRDA:55,1,0,2
BRDA:55,1,1,1
BRDA:55,1,2,1
BRDA:64,2,0,1
BRDA:64,2,1,1
BRDA:64,2,2,1
BRDA:195,3,0,2
BRDA:195,3,1,1
BRF:10
BRH:9
end_of_record
TN:
SF:src\components\ErrorBoundary.tsx
FN:49,(anonymous_0)
FN:58,(anonymous_1)
FN:62,(anonymous_2)
FN:76,(anonymous_3)
FN:85,(anonymous_4)
FN:143,(anonymous_5)
FN:167,(anonymous_6)
FN:255,(anonymous_7)
FN:269,(anonymous_8)
FN:282,(anonymous_9)
FN:300,(anonymous_10)
FN:313,(anonymous_11)
FN:328,(anonymous_12)
FN:341,(anonymous_13)
FN:353,(anonymous_14)
FN:364,(anonymous_15)
FN:410,(anonymous_16)
FNF:17
FNH:17
FNDA:84,(anonymous_0)
FNDA:2,(anonymous_1)
FNDA:8,(anonymous_2)
FNDA:22,(anonymous_3)
FNDA:58,(anonymous_4)
FNDA:27,(anonymous_5)
FNDA:1,(anonymous_6)
FNDA:3,(anonymous_7)
FNDA:9,(anonymous_8)
FNDA:8,(anonymous_9)
FNDA:2,(anonymous_10)
FNDA:1,(anonymous_11)
FNDA:1,(anonymous_12)
FNDA:3,(anonymous_13)
FNDA:1,(anonymous_14)
FNDA:41,(anonymous_15)
FNDA:51,(anonymous_16)
DA:50,84
DA:51,84
DA:59,2
DA:63,8
DA:65,8
DA:68,8
DA:71,8
DA:72,3
DA:77,22
DA:78,1
DA:86,58
DA:88,56
DA:89,56
DA:92,56
DA:100,13
DA:104,43
DA:113,11
DA:117,32
DA:124,8
DA:128,24
DA:134,7
DA:137,17
DA:144,27
DA:145,27
DA:147,27
DA:155,27
DA:157,5
DA:167,1
DA:174,3
DA:191,2
DA:212,2
DA:229,15
DA:258,3
DA:269,84
DA:270,9
DA:273,9
DA:274,1
DA:277,8
DA:280,8
DA:282,8
DA:283,8
DA:286,8
DA:294,8
DA:300,84
DA:301,2
DA:304,2
DA:306,1
DA:313,84
DA:316,1
DA:322,1
DA:328,84
DA:329,1
DA:335,1
DA:341,84
DA:342,3
DA:343,3
DA:344,3
DA:347,3
DA:353,84
DA:354,1
DA:361,1
DA:365,41
DA:366,41
DA:368,41
DA:369,21
DA:372,20
DA:373,1
DA:376,19
DA:377,19
DA:379,19
DA:411,51
DA:451,1
LF:72
LH:72
BRDA:71,0,0,3
BRDA:71,0,1,5
BRDA:77,1,0,1
BRDA:77,1,1,21
BRDA:86,2,0,2
BRDA:86,2,1,56
BRDA:92,3,0,13
BRDA:92,3,1,43
BRDA:93,4,0,56
BRDA:93,4,1,50
BRDA:93,4,2,48
BRDA:93,4,3,47
BRDA:93,4,4,45
BRDA:93,4,5,44
BRDA:104,5,0,11
BRDA:104,5,1,32
BRDA:105,6,0,43
BRDA:105,6,1,38
BRDA:105,6,2,37
BRDA:105,6,3,36
BRDA:105,6,4,35
BRDA:105,6,5,34
BRDA:105,6,6,33
BRDA:117,7,0,8
BRDA:117,7,1,24
BRDA:118,8,0,32
BRDA:118,8,1,29
BRDA:118,8,2,26
BRDA:118,8,3,26
BRDA:118,8,4,25
BRDA:128,9,0,7
BRDA:128,9,1,17
BRDA:129,10,0,24
BRDA:129,10,1,20
BRDA:129,10,2,19
BRDA:129,10,3,18
BRDA:155,11,0,5
BRDA:155,11,1,3
BRDA:155,11,2,2
BRDA:155,11,3,2
BRDA:155,11,4,15
BRDA:273,12,0,1
BRDA:273,12,1,8
BRDA:345,13,0,3
BRDA:345,13,1,1
BRDA:345,14,0,3
BRDA:345,14,1,2
BRDA:368,15,0,21
BRDA:368,15,1,20
BRDA:372,16,0,1
BRDA:372,16,1,19
BRDA:392,17,0,19
BRDA:392,17,1,4
BRDA:392,17,2,2
BRDA:400,18,0,19
BRDA:400,18,1,2
BRDA:416,19,0,51
BRDA:416,19,1,6
BRDA:417,20,0,51
BRDA:417,20,1,45
BRDA:417,20,2,6
BRDA:424,21,0,19
BRDA:424,21,1,18
BRDA:424,21,2,18
BRDA:431,22,0,18
BRDA:431,22,1,1
BRF:66
BRH:66
end_of_record
TN:
SF:src\components\KeywordPanel.tsx
FN:43,KeywordPanel
FN:48,(anonymous_1)
FN:66,(anonymous_2)
FN:95,(anonymous_3)
FN:102,(anonymous_4)
FN:108,(anonymous_5)
FN:111,(anonymous_6)
FN:116,(anonymous_7)
FN:176,(anonymous_8)
FN:190,(anonymous_9)
FN:207,(anonymous_10)
FN:210,(anonymous_11)
FN:258,(anonymous_12)
FN:275,(anonymous_13)
FNF:14
FNH:10
FNDA:26,KeywordPanel
FNDA:109,(anonymous_1)
FNDA:69,(anonymous_2)
FNDA:22,(anonymous_3)
FNDA:0,(anonymous_4)
FNDA:9,(anonymous_5)
FNDA:12,(anonymous_6)
FNDA:9,(anonymous_7)
FNDA:0,(anonymous_8)
FNDA:0,(anonymous_9)
FNDA:58,(anonymous_10)
FNDA:0,(anonymous_11)
FNDA:51,(anonymous_12)
FNDA:69,(anonymous_13)
DA:35,1
DA:44,26
DA:45,26
DA:46,26
DA:48,26
DA:49,109
DA:50,109
DA:52,41
DA:54,33
DA:56,0
DA:58,35
DA:60,0
DA:62,0
DA:66,26
DA:67,69
DA:69,20
DA:75,33
DA:81,16
DA:87,0
DA:95,26
DA:96,22
DA:98,22
DA:101,22
DA:102,0
DA:106,22
DA:107,3
DA:108,9
DA:112,12
DA:116,9
DA:119,22
DA:122,26
DA:123,2
DA:132,24
DA:133,2
DA:142,22
DA:144,22
DA:176,0
DA:190,0
DA:208,58
DA:210,0
DA:259,51
DA:276,69
DA:277,69
DA:355,1
LF:44
LH:36
BRDA:50,0,0,41
BRDA:50,0,1,33
BRDA:50,0,2,0
BRDA:50,0,3,35
BRDA:50,0,4,0
BRDA:50,0,5,0
BRDA:67,1,0,20
BRDA:67,1,1,33
BRDA:67,1,2,16
BRDA:67,1,3,0
BRDA:96,2,0,0
BRDA:96,2,1,22
BRDA:96,3,0,22
BRDA:96,3,1,22
BRDA:101,4,0,0
BRDA:101,4,1,22
BRDA:106,5,0,3
BRDA:106,5,1,19
BRDA:112,6,0,12
BRDA:112,6,1,10
BRDA:122,7,0,2
BRDA:122,7,1,24
BRDA:132,8,0,2
BRDA:132,8,1,22
BRDA:132,9,0,24
BRDA:132,9,1,23
BRDA:132,9,2,23
BRDA:175,10,0,22
BRDA:175,10,1,3
BRDA:193,11,0,22
BRDA:193,11,1,0
BRDA:201,12,0,22
BRDA:201,12,1,0
BRDA:213,13,0,0
BRDA:213,13,1,58
BRDA:225,14,0,0
BRDA:225,14,1,58
BRDA:229,15,0,58
BRDA:229,15,1,0
BRDA:236,16,0,0
BRDA:236,16,1,58
BRDA:251,17,0,1
BRDA:251,17,1,21
BRDA:264,18,0,51
BRDA:264,18,1,0
BRDA:330,19,0,69
BRDA:330,19,1,53
BRF:47
BRH:34
end_of_record
TN:
SF:src\components\MatchScore.tsx
FN:37,MatchScore
FN:40,(anonymous_1)
FN:46,(anonymous_2)
FN:54,(anonymous_3)
FN:60,(anonymous_4)
FN:156,(anonymous_5)
FN:160,(anonymous_6)
FN:205,(anonymous_7)
FN:229,(anonymous_8)
FN:247,(anonymous_9)
FNF:10
FNH:10
FNDA:15,MatchScore
FNDA:60,(anonymous_1)
FNDA:1,(anonymous_2)
FNDA:60,(anonymous_3)
FNDA:29,(anonymous_4)
FNDA:48,(anonymous_5)
FNDA:96,(anonymous_6)
FNDA:22,(anonymous_7)
FNDA:11,(anonymous_8)
FNDA:29,(anonymous_9)
DA:38,15
DA:40,15
DA:41,60
DA:42,17
DA:43,6
DA:46,15
DA:47,1
DA:48,1
DA:49,0
DA:50,0
DA:51,0
DA:54,15
DA:55,60
DA:56,17
DA:57,6
DA:60,15
DA:61,29
DA:63,9
DA:69,9
DA:75,10
DA:81,1
DA:89,15
DA:90,2
DA:100,13
DA:101,1
DA:111,12
DA:113,12
DA:157,48
DA:158,48
DA:160,96
DA:163,48
DA:206,22
DA:230,11
DA:248,29
DA:249,29
DA:310,1
LF:36
LH:33
BRDA:41,0,0,43
BRDA:41,0,1,17
BRDA:42,1,0,11
BRDA:42,1,1,6
BRDA:47,2,0,0
BRDA:47,2,1,1
BRDA:48,3,0,1
BRDA:48,3,1,0
BRDA:49,4,0,0
BRDA:49,4,1,0
BRDA:50,5,0,0
BRDA:50,5,1,0
BRDA:55,6,0,43
BRDA:55,6,1,17
BRDA:56,7,0,11
BRDA:56,7,1,6
BRDA:61,8,0,9
BRDA:61,8,1,9
BRDA:61,8,2,10
BRDA:61,8,3,1
BRDA:89,9,0,2
BRDA:89,9,1,13
BRDA:100,10,0,1
BRDA:100,10,1,12
BRDA:132,11,0,12
BRDA:132,11,1,1
BRDA:204,12,0,11
BRDA:204,12,1,1
BRDA:204,13,0,12
BRDA:204,13,1,12
BRDA:220,14,0,12
BRDA:220,14,1,12
BRDA:220,14,2,11
BRDA:246,15,0,11
BRDA:246,15,1,1
BRDA:246,16,0,12
BRDA:246,16,1,12
BRDA:273,17,0,29
BRDA:273,17,1,19
BRF:39
BRH:33
end_of_record
TN:
SF:src\components\OfflineIndicator.tsx
FN:39,OfflineIndicator
FN:53,(anonymous_1)
FN:71,(anonymous_2)
FN:77,(anonymous_3)
FN:87,(anonymous_4)
FN:168,OfflineDot
FN:186,OfflineOverlay
FNF:7
FNH:7
FNDA:13,OfflineIndicator
FNDA:12,(anonymous_1)
FNDA:11,(anonymous_2)
FNDA:1,(anonymous_3)
FNDA:1,(anonymous_4)
FNDA:2,OfflineDot
FNDA:5,OfflineOverlay
DA:45,13
DA:46,13
DA:47,13
DA:49,13
DA:50,13
DA:51,13
DA:53,13
DA:54,12
DA:55,6
DA:62,6
DA:71,13
DA:72,11
DA:73,5
DA:77,13
DA:78,1
DA:79,1
DA:80,1
DA:81,1
DA:83,1
DA:87,13
DA:88,1
DA:91,13
DA:92,1
DA:95,12
DA:108,12
DA:169,2
DA:171,2
DA:172,1
DA:175,1
DA:193,5
DA:194,5
DA:196,5
DA:197,1
DA:200,4
DA:231,1
LF:35
LH:35
BRDA:40,0,0,12
BRDA:41,1,0,12
BRDA:43,2,0,9
BRDA:54,3,0,6
BRDA:54,3,1,6
BRDA:54,4,0,12
BRDA:54,4,1,7
BRDA:63,5,0,6
BRDA:63,5,1,0
BRDA:72,6,0,5
BRDA:72,6,1,6
BRDA:91,7,0,1
BRDA:91,7,1,12
BRDA:91,8,0,13
BRDA:91,8,1,6
BRDA:97,9,0,11
BRDA:97,9,1,1
BRDA:101,10,0,12
BRDA:101,10,1,0
BRDA:112,11,0,7
BRDA:112,11,1,5
BRDA:120,12,0,12
BRDA:120,12,1,0
BRDA:121,13,0,7
BRDA:121,13,1,5
BRDA:123,14,0,12
BRDA:123,14,1,1
BRDA:123,14,2,1
BRDA:124,15,0,1
BRDA:124,15,1,0
BRDA:125,16,0,0
BRDA:125,16,1,1
BRDA:126,17,0,1
BRDA:126,17,1,1
BRDA:132,18,0,12
BRDA:132,18,1,5
BRDA:132,18,2,5
BRDA:136,19,0,5
BRDA:136,19,1,0
BRDA:143,20,0,0
BRDA:143,20,1,5
BRDA:148,21,0,12
BRDA:148,21,1,3
BRDA:171,22,0,1
BRDA:171,22,1,1
BRDA:187,23,0,4
BRDA:196,24,0,1
BRDA:196,24,1,4
BRDA:204,25,0,4
BRDA:204,25,1,0
BRDA:214,26,0,4
BRDA:214,26,1,1
BRF:52
BRH:44
end_of_record
TN:
SF:src\components\OnboardingTour.tsx
FN:60,OnboardingTour
FN:109,(anonymous_1)
FN:110,(anonymous_2)
FN:115,(anonymous_3)
FN:130,(anonymous_4)
FN:138,(anonymous_5)
FN:149,(anonymous_6)
FN:155,(anonymous_7)
FN:166,(anonymous_8)
FN:170,(anonymous_9)
FN:176,(anonymous_10)
FN:182,(anonymous_11)
FN:188,(anonymous_12)
FN:194,(anonymous_13)
FN:198,(anonymous_14)
FN:228,(anonymous_15)
FN:249,(anonymous_16)
FN:315,useOnboardingTour
FN:318,(anonymous_18)
FN:322,(anonymous_19)
FN:331,(anonymous_20)
FN:346,(anonymous_21)
FNF:22
FNH:22
FNDA:367,OnboardingTour
FNDA:259,(anonymous_1)
FNDA:259,(anonymous_2)
FNDA:104,(anonymous_3)
FNDA:13,(anonymous_4)
FNDA:83,(anonymous_5)
FNDA:77,(anonymous_6)
FNDA:5,(anonymous_7)
FNDA:5,(anonymous_8)
FNDA:7,(anonymous_9)
FNDA:7,(anonymous_10)
FNDA:6,(anonymous_11)
FNDA:6,(anonymous_12)
FNDA:367,(anonymous_13)
FNDA:367,(anonymous_14)
FNDA:1,(anonymous_15)
FNDA:1038,(anonymous_16)
FNDA:15,useOnboardingTour
FNDA:1,(anonymous_18)
FNDA:2,(anonymous_19)
FNDA:3,(anonymous_20)
FNDA:1,(anonymous_21)
DA:31,1
DA:32,1
DA:61,367
DA:62,367
DA:63,367
DA:64,367
DA:66,367
DA:67,367
DA:69,367
DA:109,367
DA:110,259
DA:111,259
DA:112,259
DA:113,257
DA:115,253
DA:116,104
DA:117,104
DA:121,2
DA:123,259
DA:127,259
DA:130,367
DA:131,13
DA:132,13
DA:134,1
DA:138,367
DA:139,83
DA:140,75
DA:143,83
DA:144,77
DA:145,77
DA:149,77
DA:151,6
DA:155,367
DA:156,5
DA:157,4
DA:160,5
DA:161,5
DA:162,5
DA:166,5
DA:170,367
DA:171,7
DA:172,6
DA:175,7
DA:176,7
DA:177,7
DA:179,7
DA:182,367
DA:183,6
DA:184,5
DA:187,6
DA:188,6
DA:189,6
DA:191,6
DA:194,367
DA:198,367
DA:206,367
DA:207,367
DA:208,367
DA:210,367
DA:211,194
DA:214,173
DA:250,1038
DA:316,15
DA:318,15
DA:319,1
DA:322,15
DA:323,2
DA:324,2
DA:325,1
DA:327,1
DA:331,15
DA:332,3
DA:333,3
DA:334,2
DA:336,1
DA:337,1
DA:341,15
DA:347,1
DA:354,1
LF:79
LH:79
BRDA:60,0,0,359
BRDA:113,1,0,253
BRDA:113,1,1,4
BRDA:113,2,0,257
BRDA:113,2,1,7
BRDA:139,3,0,75
BRDA:139,3,1,8
BRDA:143,4,0,77
BRDA:143,4,1,6
BRDA:156,5,0,4
BRDA:156,5,1,1
BRDA:160,6,0,5
BRDA:160,6,1,0
BRDA:171,7,0,6
BRDA:171,7,1,1
BRDA:183,8,0,5
BRDA:183,8,1,1
BRDA:210,9,0,194
BRDA:210,9,1,173
BRDA:210,10,0,367
BRDA:210,10,1,173
BRDA:237,11,0,173
BRDA:237,11,1,157
BRDA:256,12,0,173
BRDA:256,12,1,865
BRDA:258,13,0,239
BRDA:258,13,1,626
BRDA:280,14,0,173
BRDA:280,14,1,93
BRDA:291,15,0,16
BRDA:291,15,1,157
BRDA:294,16,0,157
BRDA:294,16,1,16
BRDA:297,17,0,173
BRDA:297,17,1,80
BRF:35
BRH:34
end_of_record
TN:
SF:src\components\PracticeQuestions.tsx
FN:20,PracticeQuestions
FN:27,(anonymous_1)
FN:33,(anonymous_2)
FN:39,(anonymous_3)
FN:92,(anonymous_4)
FNF:5
FNH:4
FNDA:16,PracticeQuestions
FNDA:1,(anonymous_1)
FNDA:2,(anonymous_2)
FNDA:1,(anonymous_3)
FNDA:0,(anonymous_4)
DA:21,16
DA:22,16
DA:23,16
DA:25,16
DA:27,16
DA:28,1
DA:29,1
DA:33,16
DA:34,2
DA:35,2
DA:39,16
DA:40,1
DA:41,1
DA:45,16
DA:46,2
DA:55,14
DA:93,0
DA:138,1
LF:18
LH:17
BRDA:28,0,0,1
BRDA:28,0,1,0
BRDA:28,1,0,1
BRDA:28,1,1,1
BRDA:29,2,0,1
BRDA:29,2,1,1
BRDA:34,3,0,2
BRDA:34,3,1,0
BRDA:40,4,0,1
BRDA:40,4,1,0
BRDA:45,5,0,2
BRDA:45,5,1,14
BRDA:78,6,0,14
BRDA:78,6,1,14
BRDA:91,7,0,14
BRDA:91,7,1,14
BRF:16
BRH:13
end_of_record
TN:
SF:src\components\PracticeSession.tsx
FN:27,PracticeSession
FN:44,(anonymous_1)
FN:48,(anonymous_2)
FN:49,(anonymous_3)
FN:75,(anonymous_4)
FN:80,(anonymous_5)
FN:86,(anonymous_6)
FN:94,(anonymous_7)
FN:98,(anonymous_8)
FN:105,(anonymous_9)
FN:120,(anonymous_10)
FN:179,(anonymous_11)
FN:268,(anonymous_12)
FNF:13
FNH:13
FNDA:166,PracticeSession
FNDA:119,(anonymous_1)
FNDA:2675,(anonymous_2)
FNDA:2675,(anonymous_3)
FNDA:79,(anonymous_4)
FNDA:332,(anonymous_5)
FNDA:32,(anonymous_6)
FNDA:4,(anonymous_7)
FNDA:5,(anonymous_8)
FNDA:111,(anonymous_9)
FNDA:664,(anonymous_10)
FNDA:664,(anonymous_11)
FNDA:489,(anonymous_12)
DA:28,166
DA:29,166
DA:30,166
DA:31,166
DA:32,166
DA:35,166
DA:42,166
DA:44,166
DA:45,119
DA:47,119
DA:48,64
DA:49,2675
DA:50,2675
DA:53,2675
DA:54,15
DA:55,2660
DA:59,10
DA:60,2650
DA:64,7
DA:65,2643
DA:66,4
DA:67,4
DA:70,2675
DA:75,119
DA:76,79
DA:80,166
DA:81,332
DA:82,332
DA:83,332
DA:86,166
DA:87,32
DA:88,32
DA:89,31
DA:90,31
DA:94,166
DA:95,4
DA:98,166
DA:99,5
DA:100,5
DA:101,5
DA:102,5
DA:105,166
DA:106,111
DA:108,47
DA:110,30
DA:112,20
DA:114,14
DA:116,0
DA:120,166
DA:121,664
DA:122,506
DA:123,394
DA:126,166
DA:128,166
DA:180,664
DA:269,489
DA:283,3
LF:57
LH:56
BRDA:47,0,0,64
BRDA:47,0,1,55
BRDA:53,1,0,15
BRDA:53,1,1,2660
BRDA:53,2,0,2675
BRDA:53,2,1,15
BRDA:55,3,0,10
BRDA:55,3,1,2650
BRDA:56,4,0,2660
BRDA:56,4,1,10
BRDA:60,5,0,7
BRDA:60,5,1,2643
BRDA:61,6,0,2650
BRDA:61,6,1,7
BRDA:65,7,0,4
BRDA:65,7,1,2639
BRDA:65,8,0,2643
BRDA:65,8,1,4
BRDA:76,9,0,46
BRDA:76,9,1,33
BRDA:88,10,0,31
BRDA:88,10,1,1
BRDA:106,11,0,47
BRDA:106,11,1,30
BRDA:106,11,2,20
BRDA:106,11,3,14
BRDA:106,11,4,0
BRDA:121,12,0,158
BRDA:121,12,1,506
BRDA:122,13,0,112
BRDA:122,13,1,394
BRDA:151,14,0,55
BRDA:151,14,1,111
BRDA:153,15,0,47
BRDA:153,15,1,8
BRDA:186,16,0,158
BRDA:186,16,1,506
BRDA:188,17,0,112
BRDA:188,17,1,394
BRDA:194,18,0,664
BRDA:194,18,1,112
BRDA:202,19,0,664
BRDA:202,19,1,158
BRDA:207,20,0,664
BRDA:207,20,1,498
BRDA:213,21,0,112
BRDA:213,21,1,386
BRDA:226,22,0,47
BRDA:226,22,1,119
BRDA:250,23,0,8
BRDA:250,23,1,111
BRDA:263,24,0,166
BRDA:263,24,1,164
BRDA:263,24,2,163
BRF:54
BRH:53
end_of_record
TN:
SF:src\components\ProgressIndicator.tsx
FN:32,ProgressIndicator
FN:42,(anonymous_1)
FN:58,(anonymous_2)
FN:61,(anonymous_3)
FN:68,(anonymous_4)
FN:99,(anonymous_5)
FNF:6
FNH:5
FNDA:22,ProgressIndicator
FNDA:22,(anonymous_1)
FNDA:0,(anonymous_2)
FNDA:69,(anonymous_3)
FNDA:69,(anonymous_4)
FNDA:69,(anonymous_5)
DA:39,22
DA:40,22
DA:42,22
DA:43,22
DA:57,22
DA:58,22
DA:61,22
DA:62,69
DA:63,64
DA:64,45
DA:65,29
DA:68,22
DA:69,69
DA:71,19
DA:73,5
DA:75,16
DA:77,29
DA:88,22
DA:100,69
DA:101,69
DA:103,69
DA:172,1
DA:180,1
DA:187,1
DA:194,1
LF:25
LH:25
BRDA:35,0,0,20
BRDA:62,1,0,5
BRDA:62,1,1,64
BRDA:62,2,0,69
BRDA:62,2,1,15
BRDA:63,3,0,19
BRDA:63,3,1,45
BRDA:64,4,0,16
BRDA:64,4,1,29
BRDA:69,5,0,19
BRDA:69,5,1,5
BRDA:69,5,2,16
BRDA:69,5,3,29
BRDA:92,6,0,22
BRDA:92,6,1,2
BRDA:92,6,2,1
BRDA:108,7,0,69
BRDA:108,7,1,16
BRDA:113,8,0,69
BRDA:113,8,1,47
BRDA:119,9,0,18
BRDA:119,9,1,29
BRDA:134,10,0,29
BRDA:134,10,1,40
BRDA:138,11,0,16
BRDA:138,11,1,53
BRDA:144,12,0,69
BRDA:144,12,1,67
BRDA:144,12,2,15
BRDA:157,13,0,22
BRDA:157,13,1,5
BRF:31
BRH:31
end_of_record
TN:
SF:src\components\ProgressStepper.tsx
FN:45,ProgressStepper
FN:56,(anonymous_1)
FN:72,(anonymous_2)
FN:80,(anonymous_3)
FN:111,(anonymous_4)
FN:122,(anonymous_5)
FN:218,(anonymous_6)
FN:229,(anonymous_7)
FN:324,useStepNavigation
FN:329,(anonymous_9)
FN:337,(anonymous_10)
FN:339,(anonymous_11)
FN:340,(anonymous_12)
FN:344,(anonymous_13)
FN:346,(anonymous_14)
FN:350,(anonymous_15)
FN:351,(anonymous_16)
FN:354,(anonymous_17)
FN:361,(anonymous_18)
FNF:19
FNH:19
FNDA:89,ProgressStepper
FNDA:10,(anonymous_1)
FNDA:43,(anonymous_2)
FNDA:2,(anonymous_3)
FNDA:87,(anonymous_4)
FNDA:2,(anonymous_5)
FNDA:123,(anonymous_6)
FNDA:6,(anonymous_7)
FNDA:77,useStepNavigation
FNDA:7,(anonymous_9)
FNDA:17,(anonymous_10)
FNDA:16,(anonymous_11)
FNDA:16,(anonymous_12)
FNDA:5,(anonymous_13)
FNDA:4,(anonymous_14)
FNDA:9,(anonymous_15)
FNDA:9,(anonymous_16)
FNDA:5,(anonymous_17)
FNDA:20,(anonymous_18)
DA:53,89
DA:55,89
DA:57,10
DA:58,4
DA:65,89
DA:66,15
DA:73,43
DA:74,43
DA:75,43
DA:77,43
DA:80,2
DA:104,74
DA:105,31
DA:112,87
DA:113,87
DA:114,87
DA:115,87
DA:117,87
DA:122,2
DA:212,43
DA:219,123
DA:220,123
DA:221,123
DA:222,123
DA:224,123
DA:229,6
DA:325,77
DA:326,77
DA:328,77
DA:330,7
DA:331,4
DA:337,77
DA:338,17
DA:339,16
DA:340,16
DA:344,77
DA:345,5
DA:346,4
DA:350,77
DA:351,9
DA:354,77
DA:355,5
DA:356,5
DA:359,77
DA:360,77
DA:361,77
DA:362,77
DA:364,77
DA:379,1
LF:49
LH:49
BRDA:49,0,0,43
BRDA:51,1,0,78
BRDA:57,2,0,4
BRDA:57,2,1,6
BRDA:57,3,0,10
BRDA:57,3,1,9
BRDA:57,3,2,5
BRDA:65,4,0,15
BRDA:65,4,1,74
BRDA:75,5,0,43
BRDA:75,5,1,40
BRDA:75,5,2,11
BRDA:83,6,0,13
BRDA:83,6,1,30
BRDA:83,7,0,15
BRDA:83,7,1,15
BRDA:88,8,0,13
BRDA:88,8,1,30
BRDA:90,9,0,15
BRDA:90,9,1,15
BRDA:94,10,0,43
BRDA:94,10,1,15
BRDA:104,11,0,31
BRDA:104,11,1,43
BRDA:114,12,0,87
BRDA:114,12,1,87
BRDA:114,12,2,20
BRDA:125,13,0,20
BRDA:125,13,1,67
BRDA:125,14,0,31
BRDA:125,14,1,36
BRDA:130,15,0,20
BRDA:130,15,1,67
BRDA:132,16,0,31
BRDA:132,16,1,36
BRDA:135,17,0,20
BRDA:135,17,1,67
BRDA:137,18,0,31
BRDA:137,18,1,36
BRDA:141,19,0,87
BRDA:141,19,1,31
BRDA:144,20,0,20
BRDA:144,20,1,67
BRDA:147,21,0,67
BRDA:147,21,1,66
BRDA:152,22,0,30
BRDA:152,22,1,36
BRDA:163,23,0,87
BRDA:163,23,1,56
BRDA:168,24,0,20
BRDA:168,24,1,36
BRDA:183,25,0,31
BRDA:183,25,1,56
BRDA:185,26,0,20
BRDA:185,26,1,36
BRDA:193,27,0,87
BRDA:193,27,1,83
BRDA:221,28,0,123
BRDA:221,28,1,120
BRDA:221,28,2,35
BRDA:232,29,0,37
BRDA:232,29,1,86
BRDA:232,30,0,42
BRDA:232,30,1,44
BRDA:237,31,0,37
BRDA:237,31,1,86
BRDA:239,32,0,42
BRDA:239,32,1,44
BRDA:242,33,0,37
BRDA:242,33,1,86
BRDA:244,34,0,42
BRDA:244,34,1,44
BRDA:248,35,0,123
BRDA:248,35,1,42
BRDA:249,36,0,123
BRDA:249,36,1,11
BRDA:252,37,0,37
BRDA:252,37,1,86
BRDA:255,38,0,86
BRDA:255,38,1,84
BRDA:260,39,0,40
BRDA:260,39,1,44
BRDA:275,40,0,42
BRDA:275,40,1,81
BRDA:277,41,0,37
BRDA:277,41,1,44
BRDA:288,42,0,123
BRDA:288,42,1,115
BRDA:302,43,0,123
BRDA:302,43,1,80
BRDA:307,44,0,36
BRDA:307,44,1,44
BRDA:324,45,0,58
BRDA:330,46,0,4
BRDA:330,46,1,3
BRDA:330,47,0,7
BRDA:330,47,1,6
BRDA:338,48,0,16
BRDA:338,48,1,1
BRDA:345,49,0,4
BRDA:345,49,1,1
BRF:101
BRH:101
end_of_record
TN:
SF:src\components\ResumeAnalysis.tsx
FN:40,ResumeAnalysis
FN:45,(anonymous_1)
FN:55,(anonymous_2)
FN:65,(anonymous_3)
FN:94,(anonymous_4)
FN:142,(anonymous_5)
FN:149,(anonymous_6)
FN:175,(anonymous_7)
FN:190,(anonymous_8)
FN:326,(anonymous_9)
FN:353,(anonymous_10)
FNF:11
FNH:11
FNDA:34,ResumeAnalysis
FNDA:11,(anonymous_1)
FNDA:6,(anonymous_2)
FNDA:27,(anonymous_3)
FNDA:27,(anonymous_4)
FNDA:50,(anonymous_5)
FNDA:11,(anonymous_6)
FNDA:27,(anonymous_7)
FNDA:6,(anonymous_8)
FNDA:8,(anonymous_9)
FNDA:7,(anonymous_10)
DA:41,34
DA:42,34
DA:43,34
DA:45,34
DA:46,11
DA:47,11
DA:48,1
DA:50,10
DA:52,11
DA:55,34
DA:56,6
DA:57,6
DA:58,0
DA:60,6
DA:62,6
DA:65,34
DA:66,27
DA:68,10
DA:74,12
DA:80,5
DA:86,0
DA:94,34
DA:95,27
DA:96,27
DA:98,12
DA:100,10
DA:102,5
DA:104,0
DA:108,34
DA:109,2
DA:118,32
DA:119,2
DA:128,30
DA:143,50
DA:145,50
DA:149,11
DA:176,27
DA:177,27
DA:178,27
DA:180,27
DA:190,6
DA:327,8
DA:354,7
DA:387,1
LF:44
LH:41
BRDA:47,0,0,1
BRDA:47,0,1,10
BRDA:57,1,0,0
BRDA:57,1,1,6
BRDA:66,2,0,10
BRDA:66,2,1,12
BRDA:66,2,2,5
BRDA:66,2,3,0
BRDA:96,3,0,12
BRDA:96,3,1,10
BRDA:96,3,2,5
BRDA:96,3,3,0
BRDA:108,4,0,2
BRDA:108,4,1,32
BRDA:118,5,0,2
BRDA:118,5,1,30
BRDA:118,6,0,32
BRDA:118,6,1,31
BRDA:118,6,2,31
BRDA:136,7,0,20
BRDA:136,7,1,10
BRDA:152,8,0,17
BRDA:152,8,1,33
BRDA:156,9,0,17
BRDA:156,9,1,33
BRDA:166,10,0,21
BRDA:166,10,1,29
BRDA:173,11,0,50
BRDA:173,11,1,17
BRDA:193,12,0,6
BRDA:193,12,1,21
BRDA:232,13,0,6
BRDA:232,13,1,21
BRDA:240,14,0,27
BRDA:240,14,1,6
BRDA:245,15,0,6
BRDA:245,15,1,5
BRDA:267,16,0,6
BRDA:267,16,1,4
BRDA:319,17,0,6
BRDA:319,17,1,6
BRDA:319,17,2,4
BRDA:347,18,0,6
BRDA:347,18,1,6
BRDA:347,18,2,4
BRF:45
BRH:42
end_of_record
TN:
SF:src\components\STARStoryBuilder.tsx
FN:61,STARStoryBuilder
FN:87,(anonymous_1)
FN:91,(anonymous_2)
FN:112,(anonymous_3)
FN:123,(anonymous_4)
FN:130,(anonymous_5)
FN:131,(anonymous_6)
FN:135,(anonymous_7)
FN:142,(anonymous_8)
FN:143,(anonymous_9)
FN:147,(anonymous_10)
FN:179,(anonymous_11)
FN:204,(anonymous_12)
FN:212,(anonymous_13)
FN:255,(anonymous_14)
FN:305,(anonymous_15)
FN:312,(anonymous_16)
FN:352,(anonymous_17)
FN:359,(anonymous_18)
FNF:19
FNH:19
FNDA:179,STARStoryBuilder
FNDA:29,(anonymous_1)
FNDA:8,(anonymous_2)
FNDA:10,(anonymous_3)
FNDA:9,(anonymous_4)
FNDA:2,(anonymous_5)
FNDA:5,(anonymous_6)
FNDA:8,(anonymous_7)
FNDA:2,(anonymous_8)
FNDA:5,(anonymous_9)
FNDA:716,(anonymous_10)
FNDA:3,(anonymous_11)
FNDA:716,(anonymous_12)
FNDA:37,(anonymous_13)
FNDA:9,(anonymous_14)
FNDA:89,(anonymous_15)
FNDA:2,(anonymous_16)
FNDA:84,(anonymous_17)
FNDA:2,(anonymous_18)
DA:47,1
DA:54,1
DA:69,179
DA:70,179
DA:81,179
DA:82,179
DA:83,179
DA:84,179
DA:85,179
DA:87,179
[...]
BRDA:30,17,0,33
BRDA:30,17,1,0
BRDA:32,18,0,0
BRDA:32,18,1,0
BRDA:32,18,2,0
BRDA:33,19,0,0
BRDA:33,19,1,0
BRDA:33,19,2,0
BRDA:34,20,0,0
BRDA:34,20,1,0
BRDA:34,20,2,0
BRDA:35,21,0,0
BRDA:35,21,1,0
BRDA:35,21,2,0
BRDA:36,22,0,0
BRDA:36,22,1,0
BRDA:36,22,2,0
BRDA:38,23,0,0
BRDA:38,23,1,0
BRDA:38,23,2,0
BRDA:39,24,0,0
BRDA:39,24,1,0
BRDA:39,24,2,0
BRDA:40,25,0,0
BRDA:40,25,1,0
BRDA:40,25,2,0
BRDA:41,26,0,0
BRDA:41,26,1,0
BRDA:41,26,2,0
BRDA:42,27,0,0
BRDA:42,27,1,0
BRDA:42,27,2,0
BRDA:43,28,0,0
BRDA:43,28,1,0
BRDA:43,28,2,0
BRDA:45,29,0,0
BRDA:45,29,1,0
BRDA:45,29,2,0
BRDA:46,30,0,0
BRDA:46,30,1,0
BRDA:46,30,2,0
BRDA:47,31,0,0
BRDA:47,31,1,0
BRDA:47,31,2,0
BRDA:48,32,0,0
BRDA:48,32,1,0
BRDA:49,33,0,0
BRDA:49,33,1,0
BRDA:49,33,2,0
BRDA:50,34,0,0
BRDA:50,34,1,0
BRDA:50,34,2,0
BRDA:55,35,0,33
BRDA:55,35,1,33
BRDA:56,36,0,33
BRDA:56,36,1,0
BRDA:58,37,0,0
BRDA:58,37,1,0
BRDA:58,37,2,0
BRDA:59,38,0,0
BRDA:59,38,1,0
BRDA:59,38,2,0
BRDA:60,39,0,0
BRDA:60,39,1,0
BRDA:60,39,2,0
BRDA:61,40,0,0
BRDA:61,40,1,0
BRDA:62,41,0,0
BRDA:62,41,1,0
BRDA:62,41,2,0
BRDA:63,42,0,0
BRDA:63,42,1,0
BRDA:64,43,0,0
BRDA:64,43,1,0
BRDA:64,43,2,0
BRDA:67,44,0,0
BRDA:67,44,1,0
BRDA:67,44,2,0
BRDA:68,45,0,0
BRDA:68,45,1,0
BRDA:68,45,2,0
BRDA:69,46,0,0
BRDA:69,46,1,0
BRDA:69,46,2,0
BRDA:72,47,0,33
BRDA:72,47,1,33
BRDA:72,47,2,33
BRDA:73,48,0,0
BRDA:73,48,1,0
BRDA:74,49,0,0
BRDA:74,49,1,0
BRDA:74,49,2,0
BRDA:75,50,0,0
BRDA:75,50,1,0
BRDA:76,51,0,0
BRDA:76,51,1,0
BRDA:77,52,0,0
BRDA:77,52,1,0
BRDA:77,52,2,0
BRDA:78,53,0,0
BRDA:78,53,1,0
BRDA:78,53,2,0
BRDA:80,54,0,0
BRDA:80,54,1,0
BRDA:81,55,0,0
BRDA:81,55,1,0
BRDA:82,56,0,0
BRDA:82,56,1,0
BRDA:83,57,0,0
BRDA:83,57,1,0
BRDA:84,58,0,0
BRDA:84,58,1,0
BRDA:86,59,0,0
BRDA:86,59,1,0
BRDA:86,59,2,0
BRDA:87,60,0,0
BRDA:87,60,1,0
BRDA:87,60,2,0
BRDA:88,61,0,0
BRDA:88,61,1,0
BRDA:89,62,0,0
BRDA:89,62,1,0
BRDA:89,62,2,0
BRDA:90,63,0,0
BRDA:90,63,1,0
BRDA:91,64,0,0
BRDA:91,64,1,0
BRDA:92,65,0,0
BRDA:92,65,1,0
BRDA:93,66,0,0
BRDA:93,66,1,0
BRDA:94,67,0,0
BRDA:94,67,1,0
BRDA:95,68,0,0
BRDA:95,68,1,0
BRDA:96,69,0,0
BRDA:96,69,1,0
BRDA:97,70,0,0
BRDA:97,70,1,0
BRDA:97,70,2,0
BRDA:99,71,0,0
BRDA:99,71,1,0
BRDA:99,71,2,0
BRDA:100,72,0,0
BRDA:100,72,1,0
BRDA:100,72,2,0
BRDA:102,73,0,0
BRDA:102,73,1,0
BRDA:104,74,0,0
BRDA:104,74,1,0
BRDA:105,75,0,0
BRDA:105,75,1,0
BRDA:106,76,0,0
BRDA:106,76,1,0
BRDA:108,77,0,0
BRDA:108,77,1,0
BRDA:109,78,0,0
BRDA:109,78,1,0
BRDA:111,79,0,33
BRDA:111,79,1,33
BRDA:111,79,2,33
BRDA:112,80,0,0
BRDA:112,80,1,0
BRDA:113,81,0,0
BRDA:113,81,1,0
BRDA:114,82,0,0
BRDA:114,82,1,0
BRDA:115,83,0,0
BRDA:115,83,1,0
BRDA:115,83,2,0
BRDA:116,84,0,0
BRDA:116,84,1,0
BRDA:117,85,0,0
BRDA:117,85,1,0
BRDA:118,86,0,0
BRDA:118,86,1,0
BRDA:119,87,0,0
BRDA:119,87,1,0
BRDA:120,88,0,0
BRDA:120,88,1,0
BRDA:120,88,2,0
BRDA:122,89,0,0
BRDA:122,89,1,0
BRDA:123,90,0,0
BRDA:123,90,1,0
BRDA:124,91,0,0
BRDA:124,91,1,0
BRDA:125,92,0,0
BRDA:125,92,1,0
BRDA:126,93,0,0
BRDA:126,93,1,0
BRDA:128,94,0,33
BRDA:128,94,1,33
BRDA:128,94,2,33
BRDA:129,95,0,0
BRDA:129,95,1,0
BRDA:130,96,0,0
BRDA:130,96,1,0
BRDA:131,97,0,0
BRDA:131,97,1,0
BRDA:132,98,0,0
BRDA:132,98,1,0
BRDA:132,98,2,0
BRDA:133,99,0,0
BRDA:133,99,1,0
BRDA:133,99,2,0
BRDA:134,100,0,0
BRDA:134,100,1,0
BRDA:135,101,0,0
BRDA:135,101,1,0
BRDA:136,102,0,0
BRDA:136,102,1,0
BRDA:136,102,2,0
BRDA:137,103,0,0
BRDA:137,103,1,0
BRDA:137,103,2,0
BRDA:139,104,0,0
BRDA:139,104,1,0
BRDA:139,104,2,0
BRDA:140,105,0,0
BRDA:140,105,1,0
BRDA:140,105,2,0
BRDA:141,106,0,0
BRDA:141,106,1,0
BRDA:141,106,2,0
BRDA:142,107,0,0
BRDA:142,107,1,0
BRDA:142,107,2,0
BRDA:143,108,0,0
BRDA:143,108,1,0
BRDA:143,108,2,0
BRDA:144,109,0,0
BRDA:144,109,1,0
BRDA:144,109,2,0
BRDA:145,110,0,0
BRDA:145,110,1,0
BRDA:145,110,2,0
BRDA:147,111,0,33
BRDA:147,111,1,33
BRDA:148,112,0,0
BRDA:148,112,1,0
BRDA:149,113,0,0
BRDA:149,113,1,0
BRDA:150,114,0,0
BRDA:150,114,1,0
BRDA:151,115,0,0
BRDA:151,115,1,0
BRDA:151,115,2,0
BRDA:152,116,0,0
BRDA:152,116,1,0
BRDA:153,117,0,0
BRDA:153,117,1,0
BRDA:154,118,0,0
BRDA:154,118,1,0
BRDA:154,118,2,0
BRDA:155,119,0,0
BRDA:155,119,1,0
BRDA:156,120,0,0
BRDA:156,120,1,0
BRDA:156,120,2,0
BRDA:157,121,0,0
BRDA:157,121,1,0
BRDA:157,121,2,0
BRDA:158,122,0,0
BRDA:158,122,1,0
BRDA:158,122,2,0
BRDA:159,123,0,0
BRDA:159,123,1,0
BRDA:159,123,2,0
BRDA:160,124,0,0
BRDA:160,124,1,0
BRDA:160,124,2,0
BRDA:161,125,0,0
BRDA:161,125,1,0
BRDA:162,126,0,0
BRDA:162,126,1,0
BRDA:163,127,0,0
BRDA:163,127,1,0
BRDA:163,127,2,0
BRDA:164,128,0,0
BRDA:164,128,1,0
BRDA:164,128,2,0
BRDA:168,129,0,26
BRDA:168,129,1,7
BRDA:170,130,0,7
BRDA:170,130,1,7
BRDA:170,130,2,7
BRDA:171,131,0,0
BRDA:171,131,1,0
BRDA:171,131,2,0
BRDA:172,132,0,0
BRDA:172,132,1,0
BRDA:176,133,0,7
BRDA:176,133,1,7
BRDA:176,133,2,7
BRDA:177,134,0,0
BRDA:177,134,1,0
BRDA:177,134,2,0
BRDA:178,135,0,0
BRDA:178,135,1,0
BRDA:178,135,2,0
BRDA:179,136,0,0
BRDA:179,136,1,0
BRDA:180,137,0,0
BRDA:180,137,1,0
BRDA:183,138,0,7
BRDA:183,138,1,7
BRDA:183,138,2,7
BRDA:187,139,0,33
BRDA:187,139,1,33
BRDA:188,140,0,33
BRDA:188,140,1,0
BRDA:196,141,0,0
BRDA:196,141,1,0
BRDA:197,142,0,0
BRDA:197,142,1,0
BRDA:197,142,2,0
BRDA:198,143,0,0
BRDA:198,143,1,0
BRDA:199,144,0,0
BRDA:199,144,1,0
BRDA:199,144,2,0
BRDA:200,145,0,0
BRDA:200,145,1,0
BRDA:200,145,2,0
BRDA:201,146,0,0
BRDA:201,146,1,0
BRDA:201,146,2,0
BRDA:202,147,0,0
BRDA:202,147,1,0
BRDA:203,148,0,0
BRDA:203,148,1,0
BRDA:204,149,0,0
BRDA:204,149,1,0
BRDA:204,149,2,0
BRDA:205,150,0,0
BRDA:205,150,1,0
BRDA:207,151,0,0
BRDA:207,151,1,0
BRDA:207,151,2,0
BRDA:208,152,0,0
BRDA:208,152,1,0
BRDA:208,152,2,0
BRDA:209,153,0,0
BRDA:209,153,1,0
BRDA:209,153,2,0
BRDA:210,154,0,0
BRDA:210,154,1,0
BRDA:210,154,2,0
BRDA:211,155,0,0
BRDA:211,155,1,0
BRDA:211,155,2,0
BRDA:212,156,0,0
BRDA:212,156,1,0
BRDA:212,156,2,0
BRDA:213,157,0,0
BRDA:213,157,1,0
BRDA:213,157,2,0
BRDA:215,158,0,0
BRDA:215,158,1,0
BRDA:215,158,2,0
BRDA:216,159,0,0
BRDA:216,159,1,0
BRDA:216,159,2,0
BRDA:217,160,0,0
BRDA:217,160,1,0
BRDA:217,160,2,0
BRDA:218,161,0,0
BRDA:218,161,1,0
BRDA:218,161,2,0
BRDA:219,162,0,0
BRDA:219,162,1,0
BRDA:219,162,2,0
BRDA:220,163,0,0
BRDA:220,163,1,0
BRDA:220,163,2,0
BRDA:221,164,0,0
BRDA:221,164,1,0
BRDA:221,164,2,0
BRDA:222,165,0,0
BRDA:222,165,1,0
BRDA:222,165,2,0
BRDA:223,166,0,0
BRDA:223,166,1,0
BRDA:223,166,2,0
BRDA:224,167,0,0
BRDA:224,167,1,0
BRDA:224,167,2,0
BRDA:227,168,0,33
BRDA:227,168,1,33
BRDA:227,168,2,33
BRDA:228,169,0,33
BRDA:228,169,1,33
BRDA:229,170,0,33
BRDA:229,170,1,33
BRF:441
BRH:67
end_of_record
TN:
SF:src\utils\constants.ts
FN:335,(anonymous_0)
FN:341,(anonymous_1)
FN:359,(anonymous_2)
FN:377,(anonymous_3)
FN:385,(anonymous_4)
FN:390,(anonymous_5)
FN:396,(anonymous_6)
FN:412,(anonymous_7)
FNF:8
FNH:7
FNDA:11,(anonymous_0)
FNDA:5,(anonymous_1)
FNDA:3,(anonymous_2)
FNDA:5,(anonymous_3)
FNDA:6,(anonymous_4)
FNDA:0,(anonymous_5)
FNDA:18,(anonymous_6)
FNDA:2,(anonymous_7)
DA:2,73
DA:5,73
DA:13,73
DA:146,73
DA:169,73
DA:269,73
DA:296,73
DA:299,73
DA:309,73
DA:312,73
DA:321,73
DA:331,73
DA:336,11
DA:342,5
DA:343,1
DA:345,4
DA:346,1
DA:348,3
DA:349,1
DA:352,2
DA:353,0
DA:355,2
DA:360,3
DA:361,0
DA:363,3
DA:364,0
DA:366,3
DA:367,0
DA:370,3
DA:371,1
DA:373,2
DA:378,5
DA:379,4
DA:380,3
DA:381,2
DA:386,6
DA:392,0
DA:397,18
DA:399,4
DA:401,8
DA:403,6
DA:405,0
DA:407,0
DA:413,2
DA:415,0
DA:423,0
DA:431,2
DA:439,0
DA:451,73
DA:544,73
DA:592,73
LF:51
LH:41
BRDA:2,0,0,73
BRDA:2,0,1,73
BRDA:336,1,0,11
BRDA:336,1,1,1
BRDA:341,2,0,0
BRDA:341,3,0,0
BRDA:342,4,0,1
BRDA:342,4,1,4
BRDA:343,5,0,0
BRDA:343,5,1,1
BRDA:345,6,0,1
BRDA:345,6,1,3
BRDA:346,7,0,0
BRDA:346,7,1,1
BRDA:348,8,0,1
BRDA:348,8,1,2
BRDA:349,9,0,0
BRDA:349,9,1,1
BRDA:352,10,0,0
BRDA:352,10,1,2
BRDA:353,11,0,0
BRDA:353,11,1,0
BRDA:355,12,0,1
BRDA:355,12,1,1
BRDA:359,13,0,0
BRDA:359,14,0,0
BRDA:360,15,0,0
BRDA:360,15,1,3
BRDA:361,16,0,0
BRDA:361,16,1,0
BRDA:363,17,0,0
BRDA:363,17,1,3
BRDA:364,18,0,0
BRDA:364,18,1,0
BRDA:366,19,0,0
BRDA:366,19,1,3
BRDA:367,20,0,0
BRDA:367,20,1,0
BRDA:370,21,0,1
BRDA:370,21,1,2
BRDA:371,22,0,1
BRDA:371,22,1,0
BRDA:373,23,0,1
BRDA:373,23,1,1
BRDA:377,24,0,0
BRDA:378,25,0,1
BRDA:378,25,1,4
BRDA:379,26,0,1
BRDA:379,26,1,3
BRDA:380,27,0,1
BRDA:380,27,1,2
BRDA:381,28,0,1
BRDA:381,28,1,1
BRDA:396,29,0,0
BRDA:397,30,0,4
BRDA:397,30,1,8
BRDA:397,30,2,6
BRDA:397,30,3,0
BRDA:397,30,4,0
BRDA:412,31,0,0
BRDA:413,32,0,0
BRDA:413,32,1,0
BRDA:413,32,2,2
BRDA:413,32,3,0
BRF:64
BRH:36
end_of_record
TN:
SF:src\utils\fileExport.ts
FN:44,getFileExtension
FN:58,getMimeType
FN:73,sanitizeFilename
FN:83,exportTailoredResume
FN:158,shareFile
FN:196,exportAndShare
FN:210,getExportedFiles
FN:220,(anonymous_7)
FN:230,deleteExportedFile
FN:243,clearExportedFiles
FN:262,getFileInfo
FN:282,formatFileSize
FNF:12
FNH:12
FNDA:12,getFileExtension
FNDA:3,getMimeType
FNDA:12,sanitizeFilename
FNDA:19,exportTailoredResume
FNDA:9,shareFile
FNDA:3,exportAndShare
FNDA:3,getExportedFiles
FNDA:2,(anonymous_7)
FNDA:2,deleteExportedFile
FNDA:3,clearExportedFiles
FNDA:3,getFileInfo
FNDA:7,formatFileSize
DA:15,1
DA:16,1
DA:17,1
DA:45,12
DA:47,10
DA:49,1
DA:51,1
DA:59,3
DA:61,2
DA:63,1
DA:74,12
DA:84,19
DA:86,19
DA:87,19
DA:90,19
DA:92,16
DA:94,16
DA:95,4
DA:102,12
DA:104,12
DA:105,12
DA:106,12
DA:109,12
DA:110,12
DA:111,12
DA:112,3
DA:115,12
DA:117,12
DA:119,12
DA:121,2
DA:122,2
DA:123,1
DA:128,10
DA:130,9
DA:134,1
DA:140,10
DA:142,10
DA:147,3
DA:148,3
DA:159,9
DA:161,9
DA:162,8
DA:163,7
DA:164,3
DA:171,3
DA:176,5
DA:181,5
DA:183,1
DA:184,1
DA:189,1
DA:197,3
DA:199,3
DA:200,2
DA:201,2
DA:204,1
DA:211,3
DA:212,3
DA:213,3
DA:215,3
DA:216,1
DA:219,2
DA:220,2
DA:222,1
DA:223,1
DA:231,2
DA:232,2
DA:233,1
DA:235,1
DA:236,1
DA:244,3
DA:245,3
DA:246,3
DA:248,3
DA:249,2
DA:252,2
DA:254,1
DA:255,1
DA:267,3
DA:268,3
DA:269,2
DA:275,1
DA:283,7
DA:285,6
DA:286,6
DA:287,6
DA:289,6
LF:86
LH:86
BRDA:45,0,0,10
BRDA:45,0,1,1
BRDA:45,0,2,1
BRDA:59,1,0,2
BRDA:59,1,1,1
BRDA:94,2,0,4
BRDA:94,2,1,12
BRDA:94,3,0,16
BRDA:94,3,1,13
BRDA:97,4,0,4
BRDA:97,4,1,2
BRDA:104,5,0,12
BRDA:104,5,1,11
BRDA:104,5,2,5
BRDA:111,6,0,3
BRDA:111,6,1,9
BRDA:119,7,0,2
BRDA:119,7,1,10
BRDA:122,8,0,1
BRDA:122,8,1,1
BRDA:128,9,0,9
BRDA:128,9,1,1
BRDA:150,10,0,2
BRDA:150,10,1,1
BRDA:161,11,0,8
BRDA:161,11,1,1
BRDA:161,12,0,9
BRDA:161,12,1,9
BRDA:163,13,0,3
BRDA:163,13,1,4
BRDA:165,14,0,2
BRDA:165,14,1,1
BRDA:167,15,0,2
BRDA:167,15,1,1
BRDA:177,16,0,4
BRDA:177,16,1,1
BRDA:199,17,0,2
BRDA:199,17,1,1
BRDA:199,18,0,3
BRDA:199,18,1,1
BRDA:200,19,0,2
BRDA:215,20,0,1
BRDA:215,20,1,2
BRDA:248,21,0,2
BRDA:248,21,1,1
BRDA:271,22,0,1
BRDA:271,22,1,1
BRDA:272,23,0,1
BRDA:272,23,1,1
BRDA:283,24,0,1
BRDA:283,24,1,6
BRF:51
BRH:51
end_of_record
TN:
SF:src\utils\haptics.ts
FN:14,(anonymous_0)
FN:22,(anonymous_1)
FN:30,(anonymous_2)
FN:38,(anonymous_3)
FN:46,(anonymous_4)
FN:54,(anonymous_5)
FN:62,(anonymous_6)
FN:108,(anonymous_7)
FNF:8
FNH:0
FNDA:0,(anonymous_0)
FNDA:0,(anonymous_1)
FNDA:0,(anonymous_2)
FNDA:0,(anonymous_3)
FNDA:0,(anonymous_4)
FNDA:0,(anonymous_5)
FNDA:0,(anonymous_6)
FNDA:0,(anonymous_7)
DA:14,1
DA:15,0
DA:22,1
DA:23,0
DA:30,1
DA:31,0
DA:38,1
DA:39,0
DA:46,1
DA:47,0
DA:54,1
DA:55,0
DA:62,1
DA:63,0
DA:69,1
DA:108,1
DA:111,0
LF:17
LH:9
BRF:0
BRH:0
end_of_record
TN:
SF:src\utils\network.ts
FN:37,(anonymous_0)
FN:54,(anonymous_1)
FN:61,(anonymous_2)
FN:67,(anonymous_3)
FN:75,(anonymous_4)
FN:90,(anonymous_5)
FN:103,(anonymous_6)
FN:108,(anonymous_7)
FN:116,(anonymous_8)
FN:123,(anonymous_9)
FN:130,(anonymous_10)
FN:154,(anonymous_11)
FN:170,(anonymous_12)
FN:182,(anonymous_13)
FN:189,(anonymous_14)
FN:191,(anonymous_15)
FN:198,(anonymous_16)
FN:213,(anonymous_17)
FN:259,(anonymous_18)
FN:266,(anonymous_19)
FN:279,(anonymous_20)
FN:286,(anonymous_21)
FN:293,(anonymous_22)
FN:308,checkNetworkAndQueue
FNF:24
FNH:24
FNDA:15,(anonymous_0)
FNDA:1,(anonymous_1)
FNDA:3,(anonymous_2)
FNDA:1,(anonymous_3)
FNDA:30,(anonymous_4)
FNDA:6,(anonymous_5)
FNDA:10,(anonymous_6)
FNDA:9,(anonymous_7)
FNDA:2,(anonymous_8)
FNDA:36,(anonymous_9)
FNDA:15,(anonymous_10)
FNDA:98,(anonymous_11)
FNDA:56,(anonymous_12)
FNDA:28,(anonymous_13)
FNDA:2,(anonymous_14)
FNDA:3,(anonymous_15)
FNDA:31,(anonymous_16)
FNDA:11,(anonymous_17)
FNDA:1,(anonymous_18)
FNDA:2,(anonymous_19)
FNDA:3,(anonymous_20)
FNDA:3,(anonymous_21)
FNDA:2,(anonymous_22)
FNDA:4,checkNetworkAndQueue
DA:4,1
DA:5,1
DA:6,1
DA:37,1
DA:38,15
DA:45,1
DA:46,1
DA:52,1
DA:55,1
DA:63,3
DA:64,3
DA:67,3
DA:68,1
DA:76,30
DA:82,30
DA:90,30
DA:91,6
DA:95,30
DA:96,19
DA:104,10
DA:106,10
DA:108,10
DA:109,9
DA:117,2
DA:124,36
DA:137,15
DA:148,15
DA:151,15
DA:153,2
DA:155,98
DA:156,98
DA:159,2
DA:161,13
DA:164,15
DA:171,56
DA:172,56
DA:173,55
DA:175,1
DA:183,28
DA:190,2
DA:191,3
DA:192,2
DA:199,31
DA:200,1
DA:203,30
DA:204,30
DA:205,19
DA:208,11
DA:209,11
DA:210,11
DA:213,11
DA:214,11
DA:215,11
DA:218,11
DA:219,18
DA:220,18
DA:229,15
DA:230,11
DA:231,4
DA:233,2
DA:238,2
DA:241,3
DA:242,1
DA:247,2
DA:252,11
DA:253,11
DA:260,1
DA:271,2
DA:273,2
DA:279,2
DA:280,3
DA:283,2
DA:286,3
DA:294,2
DA:295,1
DA:297,2
DA:302,1
DA:318,4
DA:320,4
DA:321,1
DA:324,3
DA:325,1
DA:332,1
DA:335,2
LF:84
LH:84
BRDA:76,0,0,2
BRDA:76,0,1,28
BRDA:78,1,0,19
BRDA:78,1,1,9
BRDA:85,2,0,30
BRDA:85,2,1,2
BRDA:95,3,0,19
BRDA:95,3,1,11
BRDA:135,4,0,8
BRDA:141,5,0,3
BRDA:141,5,1,12
BRDA:151,6,0,2
BRDA:151,6,1,13
BRDA:156,7,0,98
BRDA:156,7,1,97
BRDA:173,8,0,25
BRDA:173,8,1,30
BRDA:199,9,0,1
BRDA:199,9,1,30
BRDA:204,10,0,19
BRDA:204,10,1,11
BRDA:215,11,0,11
BRDA:215,11,1,4
BRDA:229,12,0,11
BRDA:229,12,1,4
BRDA:231,13,0,2
BRDA:231,13,1,2
BRDA:231,14,0,4
BRDA:231,14,1,3
BRDA:241,15,0,1
BRDA:241,15,1,2
BRDA:286,16,0,1
BRDA:286,16,1,1
BRDA:294,17,0,1
BRDA:294,17,1,1
BRDA:320,18,0,1
BRDA:320,18,1,3
BRDA:324,19,0,1
BRDA:324,19,1,2
BRF:39
BRH:39
end_of_record
TN:
SF:src\utils\security.ts
FN:55,(anonymous_0)
FN:66,configureSecurityPolicy
FN:73,validateHost
FN:96,getCertificatePins
FN:108,secureFetch
FN:163,validateResponseIntegrity
FN:183,sanitizeInput
FN:196,secureLog
FN:211,secureError
FN:243,validateJobUrl
FN:258,(anonymous_10)
FN:277,generateRequestId
FN:292,(anonymous_12)
FN:297,(anonymous_13)
FN:302,(anonymous_14)
FN:313,(anonymous_15)
FN:322,(anonymous_16)
FN:333,isValidStorageKey
FNF:18
FNH:13
FNDA:0,(anonymous_0)
FNDA:56,configureSecurityPolicy
FNDA:14,validateHost
FNDA:0,getCertificatePins
FNDA:0,secureFetch
FNDA:16,validateResponseIntegrity
FNDA:13,sanitizeInput
FNDA:0,secureLog
FNDA:0,secureError
FNDA:9,validateJobUrl
FNDA:37,(anonymous_10)
FNDA:26,generateRequestId
FNDA:3,(anonymous_12)
FNDA:560,(anonymous_13)
FNDA:26375,(anonymous_14)
FNDA:1,(anonymous_15)
FNDA:55,(anonymous_16)
FNDA:16,isValidStorageKey
DA:25,3
DA:36,3
DA:51,3
DA:56,0
DA:61,3
DA:67,56
DA:74,14
DA:75,2
DA:78,12
DA:79,12
DA:82,9
DA:83,2
DA:84,2
DA:87,7
DA:89,3
DA:97,0
DA:113,0
DA:114,0
DA:118,0
DA:124,0
DA:143,0
DA:144,0
DA:149,0
DA:152,0
DA:153,0
DA:155,0
DA:164,16
DA:165,4
DA:169,12
DA:170,6
DA:171,6
DA:172,6
DA:173,6
DA:177,6
DA:185,13
DA:197,0
DA:198,0
DA:199,0
DA:201,0
DA:212,0
DA:213,0
DA:220,3
DA:244,9
DA:245,2
DA:248,7
DA:249,7
DA:252,6
DA:253,1
DA:257,5
DA:258,37
DA:261,5
DA:262,1
DA:268,4
DA:270,1
DA:278,26
DA:279,26
DA:280,26
DA:288,3
DA:293,3
DA:294,3
DA:298,560
DA:299,560
DA:301,560
DA:302,26375
DA:304,560
DA:305,4
DA:308,556
DA:309,556
DA:310,556
DA:314,1
DA:315,1
DA:317,1
DA:318,1
DA:319,1
DA:323,55
DA:327,3
DA:335,16
DA:336,16
LF:78
LH:60
BRDA:52,0,0,3
BRDA:52,0,1,0
BRDA:74,1,0,2
BRDA:74,1,1,12
BRDA:82,2,0,2
BRDA:82,2,1,7
BRDA:97,3,0,0
BRDA:97,3,1,0
BRDA:110,4,0,0
BRDA:113,5,0,0
BRDA:113,5,1,0
BRDA:121,6,0,0
BRDA:121,6,1,0
BRDA:152,7,0,0
BRDA:152,7,1,0
BRDA:152,8,0,0
BRDA:152,8,1,0
BRDA:164,9,0,4
BRDA:164,9,1,12
BRDA:164,10,0,16
BRDA:164,10,1,14
BRDA:169,11,0,6
BRDA:169,11,1,6
BRDA:171,12,0,6
BRDA:171,12,1,0
BRDA:171,13,0,6
BRDA:171,13,1,0
BRDA:171,13,2,0
BRDA:197,14,0,0
BRDA:197,14,1,0
BRDA:198,15,0,0
BRDA:198,15,1,0
BRDA:212,16,0,0
BRDA:212,16,1,0
BRDA:244,17,0,2
BRDA:244,17,1,7
BRDA:244,18,0,9
BRDA:244,18,1,8
BRDA:252,19,0,1
BRDA:252,19,1,5
BRDA:258,20,0,37
BRDA:258,20,1,37
BRDA:261,21,0,1
BRDA:261,21,1,4
BRDA:292,22,0,3
BRDA:292,23,0,3
BRDA:301,24,0,560
BRDA:301,24,1,12
BRDA:304,25,0,4
BRDA:304,25,1,556
BRDA:314,26,0,1
BRDA:314,26,1,0
BRDA:315,27,0,0
BRDA:315,27,1,1
BRDA:336,28,0,16
BRDA:336,28,1,9
BRF:56
BRH:33
end_of_record
TN:
SF:src\utils\userSession.ts
FN:18,(anonymous_0)
FN:30,(anonymous_1)
FN:68,(anonymous_2)
FN:85,(anonymous_3)
FN:115,(anonymous_4)
FN:133,(anonymous_5)
FN:146,(anonymous_6)
FN:165,(anonymous_7)
FN:181,(anonymous_8)
FN:200,(anonymous_9)
FN:216,(anonymous_10)
FNF:11
FNH:10
FNDA:16,(anonymous_0)
FNDA:8,(anonymous_1)
FNDA:0,(anonymous_2)
FNDA:4,(anonymous_3)
FNDA:3,(anonymous_4)
FNDA:2,(anonymous_5)
FNDA:2,(anonymous_6)
FNDA:2,(anonymous_7)
FNDA:1,(anonymous_8)
FNDA:1,(anonymous_9)
FNDA:1,(anonymous_10)
DA:9,2
DA:18,2
DA:19,16
DA:20,16
DA:22,0
DA:30,2
DA:31,8
DA:33,8
DA:34,8
DA:36,3
DA:37,3
DA:41,5
DA:43,5
DA:44,3
DA:45,3
DA:46,1
DA:50,2
DA:51,2
DA:52,1
DA:58,3
DA:60,3
DA:61,3
DA:68,2
DA:69,0
DA:70,0
DA:71,0
DA:72,0
DA:74,0
DA:76,0
DA:78,0
DA:85,2
DA:86,4
DA:87,4
DA:90,4
DA:91,3
DA:99,3
DA:105,3
DA:107,1
DA:115,2
DA:116,3
DA:118,3
DA:119,3
DA:120,3
DA:121,3
DA:122,3
DA:124,3
DA:126,1
DA:133,2
DA:134,2
DA:135,2
DA:136,2
DA:138,0
DA:139,0
DA:146,2
DA:147,2
DA:148,2
DA:149,2
DA:150,1
DA:151,1
DA:153,1
DA:154,1
DA:157,0
DA:158,0
DA:165,2
DA:166,2
DA:167,2
DA:168,2
DA:169,1
DA:171,1
DA:173,0
DA:174,0
DA:181,2
DA:182,1
DA:183,1
DA:184,1
DA:185,1
DA:186,1
DA:188,0
DA:189,0
DA:192,0
DA:193,0
DA:200,2
DA:201,1
DA:202,1
DA:203,1
DA:204,1
DA:206,0
DA:208,0
DA:209,0
DA:216,2
DA:217,1
DA:218,1
DA:219,1
DA:220,1
DA:227,0
LF:95
LH:73
BRDA:34,0,0,3
BRDA:34,0,1,5
BRDA:37,1,0,1
BRDA:37,1,1,2
BRDA:43,2,0,3
BRDA:43,2,1,2
BRDA:45,3,0,1
BRDA:45,3,1,2
BRDA:51,4,0,1
BRDA:51,4,1,1
BRDA:71,5,0,0
BRDA:71,5,1,0
BRDA:76,6,0,0
BRDA:76,6,1,0
BRDA:90,7,0,3
BRDA:90,7,1,1
BRDA:105,8,0,3
BRDA:105,8,1,0
BRDA:136,9,0,1
BRDA:136,9,1,1
BRDA:149,10,0,1
BRDA:149,10,1,1
BRDA:168,11,0,1
BRDA:168,11,1,1
BRDA:184,12,0,1
BRDA:184,12,1,0
BRDA:203,13,0,1
BRDA:203,13,1,0
BRDA:219,14,0,1
BRDA:219,14,1,0
BRF:30
BRH:22
end_of_record
TN:
SF:src\utils\validation.ts
FN:27,required
FN:37,minLength
FN:47,maxLength
FN:57,email
FN:68,url
FN:83,jobUrl
FN:90,companyName
FN:110,jobTitle
FN:130,fileSize
FN:144,fileType
FN:160,validate
FN:176,validateForm
FN:197,isFormValid
FN:198,(anonymous_13)
FN:204,getFirstError
FN:217,(anonymous_15)
FN:218,(anonymous_16)
FN:219,(anonymous_17)
FN:220,(anonymous_18)
FN:221,(anonymous_19)
FN:222,(anonymous_20)
FNF:21
FNH:14
FNDA:17,required
FNDA:4,minLength
FNDA:3,maxLength
FNDA:5,email
FNDA:4,url
FNDA:0,jobUrl
FNDA:3,companyName
FNDA:3,jobTitle
FNDA:3,fileSize
FNDA:3,fileType
FNDA:6,validate
FNDA:2,validateForm
FNDA:2,isFormValid
FNDA:4,(anonymous_13)
FNDA:2,getFirstError
FNDA:0,(anonymous_15)
FNDA:0,(anonymous_16)
FNDA:0,(anonymous_17)
FNDA:0,(anonymous_18)
FNDA:0,(anonymous_19)
FNDA:0,(anonymous_20)
DA:28,17
DA:29,8
DA:31,9
DA:38,4
DA:39,1
DA:41,3
DA:48,3
DA:49,1
DA:51,2
DA:58,5
DA:59,5
DA:60,3
DA:62,2
DA:69,4
DA:70,4
DA:71,3
DA:72,1
DA:74,2
DA:76,1
DA:84,0
DA:91,3
DA:92,3
DA:93,1
DA:96,2
DA:97,1
DA:100,1
DA:101,0
DA:104,1
DA:111,3
DA:112,3
DA:113,1
DA:116,2
DA:117,1
DA:120,1
DA:121,0
DA:124,1
DA:131,3
DA:132,3
DA:133,1
DA:138,2
DA:148,3
DA:149,1
DA:154,2
DA:164,6
DA:165,9
DA:166,9
DA:167,3
DA:170,3
DA:180,2
DA:182,2
DA:183,4
DA:184,4
DA:185,4
DA:187,0
DA:191,2
DA:198,4
DA:205,2
DA:206,3
DA:207,1
DA:210,1
DA:216,1
DA:217,0
DA:218,0
DA:219,0
DA:220,0
DA:221,0
DA:222,0
LF:67
LH:57
BRDA:28,0,0,8
BRDA:28,0,1,9
BRDA:28,1,0,17
BRDA:28,1,1,10
BRDA:38,2,0,1
BRDA:38,2,1,3
BRDA:48,3,0,1
BRDA:48,3,1,2
BRDA:59,4,0,3
BRDA:59,4,1,2
BRDA:71,5,0,1
BRDA:71,5,1,2
BRDA:92,6,0,1
BRDA:92,6,1,2
BRDA:96,7,0,1
BRDA:96,7,1,1
BRDA:100,8,0,0
BRDA:100,8,1,1
BRDA:112,9,0,1
BRDA:112,9,1,2
BRDA:116,10,0,1
BRDA:116,10,1,1
BRDA:120,11,0,0
BRDA:120,11,1,1
BRDA:130,12,0,0
BRDA:132,13,0,1
BRDA:132,13,1,2
BRDA:146,14,0,3
BRDA:148,15,0,1
BRDA:148,15,1,2
BRDA:166,16,0,3
BRDA:166,16,1,6
BRDA:184,17,0,4
BRDA:184,17,1,0
BRDA:206,18,0,1
BRDA:206,18,1,2
BRDA:206,19,0,3
BRDA:206,19,1,1
BRDA:220,20,0,0
BRDA:220,20,1,0
BRDA:221,21,0,0
BRDA:221,21,1,0
BRDA:222,22,0,0
BRDA:222,22,1,0
BRF:44
BRH:34
end_of_record
